yarn run v1.22.22
$ next dev
  ▲ Next.js 14.2.28
  - Local:        http://localhost:3000
  - Environments: .env
  - Experiments (use with caution):
    · outputFileTracingRoot

 ✓ Starting...
 ✓ Ready in 1749ms
 ✓ Compiled /api/health in 329ms (58 modules)
 GET /api/health 200 in 563ms
 ✓ Compiled /api/transactions/analytics in 150ms (60 modules)
 GET /api/transactions/analytics?year=2024 500 in 209ms
 ✓ Compiled in 76ms (60 modules)
 ✓ Compiled in 66ms (60 modules)
 GET /api/transactions/analytics?year=2024 200 in 58ms
 ✓ Compiled /api/transactions/summary in 72ms (62 modules)
 GET /api/transactions/summary?year=2024 200 in 121ms
 GET /api/transactions/summary?year=2025 200 in 27ms
 ○ Compiling /transactions ...
 ✓ Compiled /transactions in 4s (3108 modules)
 GET /transactions 200 in 4556ms
 ✓ Compiled in 719ms (1542 modules)
 ✓ Compiled /api/transactions in 300ms (1566 modules)
 GET /api/transactions?year=2025&limit=5 200 in 364ms
 ✓ Compiled /api/transactions/export in 145ms (1568 modules)
 GET /api/transactions/export?year=2025 200 in 204ms
 ✓ Compiled in 458ms (1542 modules)
 ✓ Compiled in 368ms (1542 modules)
 ✓ Compiled in 434ms (1602 modules)
 ✓ Compiled in 521ms (1542 modules)
 ✓ Compiled in 448ms (1542 modules)
[?25h
