yarn run v1.22.22
$ next dev
  ▲ Next.js 14.2.28
  - Local:        http://localhost:3000
  - Environments: .env
  - Experiments (use with caution):
    · outputFileTracingRoot

 ✓ Starting...
 ✓ Ready in 1696ms
 ✓ Compiled /api/categories in 472ms (58 modules)
 GET /api/categories 200 in 693ms
 ✓ Compiled /api/transactions in 167ms (60 modules)
 POST /api/transactions 200 in 223ms
 ✓ Compiled /api/bills in 79ms (62 modules)
 POST /api/bills 201 in 127ms
 ✓ Compiled /api/goals in 91ms (64 modules)
 POST /api/goals 201 in 140ms
 ✓ Compiled /api/loans in 65ms (66 modules)
 POST /api/loans 201 in 114ms
 ✓ Compiled /api/investments in 74ms (68 modules)
 POST /api/investments 201 in 124ms
 ○ Compiling / ...
 ✓ Compiled / in 2.6s (1321 modules)
 GET / 200 in 3051ms
 ✓ Compiled in 559ms (645 modules)
 ○ Compiling /transactions ...
 ✓ Compiled /transactions in 1608ms (3059 modules)
 GET /transactions 200 in 1799ms
 GET /api/transactions 200 in 59ms
 ✓ Compiled in 873ms (3065 modules)
 ✓ Compiled in 705ms (3063 modules)
 ✓ Compiled in 422ms (1519 modules)
 ✓ Compiled in 348ms (1519 modules)
 ✓ Compiled in 552ms (1519 modules)
 ✓ Compiled in 432ms (1519 modules)
 ✓ Compiled in 592ms (1519 modules)
 ✓ Compiled in 413ms (1519 modules)
 ✓ Compiled in 588ms (1519 modules)
 ✓ Compiled /api/transactions in 67ms (58 modules)
 POST /api/transactions 200 in 143ms
 ✓ Compiled /api/bills in 121ms (60 modules)
 POST /api/bills 201 in 168ms
 ✓ Compiled /api/goals in 62ms (62 modules)
 POST /api/goals 201 in 114ms
 ✓ Compiled /api/loans in 51ms (64 modules)
 POST /api/loans 201 in 96ms
 ✓ Compiled /api/investments in 87ms (66 modules)
 POST /api/investments 201 in 143ms
 ○ Compiling / ...
 ✓ Compiled / in 555ms (674 modules)
 GET / 200 in 780ms
 GET /api/transactions 200 in 73ms
 GET /api/loans 200 in 79ms
 GET /api/bills 200 in 86ms
 GET /api/goals 200 in 93ms
 GET /api/investments 200 in 94ms
 GET /api/transactions 200 in 57ms
 GET /api/loans 200 in 65ms
 GET /api/bills 200 in 62ms
 GET /api/goals 200 in 73ms
 GET /api/investments 200 in 70ms
 ✓ Compiled /transactions in 258ms (1550 modules)
 GET /transactions 200 in 372ms
 ✓ Compiled /api/categories in 215ms (1552 modules)
 GET /api/transactions 200 in 456ms
 GET /api/categories 200 in 474ms
 GET /api/transactions 200 in 30ms
 GET /api/categories 200 in 28ms
 GET /api/transactions 200 in 24ms
 GET /api/transactions 200 in 25ms
 GET /transactions 200 in 65ms
 ✓ Compiled in 846ms (3071 modules)
 ✓ Compiled in 733ms (3071 modules)
 ✓ Compiled in 548ms (3071 modules)
 ✓ Compiled /api/bills/stats in 191ms (1554 modules)
 GET /api/bills/stats 200 in 248ms
 GET /api/bills 200 in 30ms
 ✓ Compiled in 498ms (1519 modules)
 GET /api/goals 200 in 28ms
 ✓ Compiled in 404ms (1519 modules)
 GET /api/loans 200 in 31ms
 ✓ Compiled in 496ms (1519 modules)
 GET /api/investments 200 in 27ms
 ✓ Compiled in 343ms (1519 modules)
 ✓ Compiled /api/investments/portfolio in 367ms (1550 modules)
 GET /api/investments/portfolio 200 in 432ms
 ✓ Compiled in 428ms (1519 modules)
 GET /transactions 200 in 143ms
 ✓ Compiled /api/categories in 195ms (1550 modules)
 ✓ Compiled (1552 modules)
 GET /api/categories 200 in 454ms
 GET /api/transactions 200 in 469ms
 GET /api/categories 200 in 30ms
 GET /api/transactions 200 in 31ms
info Visit https://yarnpkg.com/en/docs/cli/run for documentation about this command.
[?25h
