yarn run v1.22.22
$ next dev
  ▲ Next.js 14.2.28
  - Local:        http://localhost:3000
  - Environments: .env
  - Experiments (use with caution):
    · outputFileTracingRoot

 ✓ Starting...
 ✓ Ready in 1586ms
 ○ Compiling / ...
 ✓ Compiled / in 2.8s (1279 modules)
 GET / 200 in 2979ms
 GET / 200 in 3318ms
 ✓ Compiled in 621ms (645 modules)
 GET / 200 in 81ms
 ✓ Compiled /api/goals in 305ms (666 modules)
 ✓ Compiled (670 modules)
 GET /api/transactions 200 in 742ms
 GET /api/goals 200 in 737ms
 GET /api/bills 200 in 739ms
 ✓ Compiled /api/investments in 130ms (672 modules)
 ✓ Compiled (674 modules)
 GET /api/loans 200 in 379ms
 GET /api/investments 200 in 333ms
 GET /api/transactions 200 in 81ms
 GET /api/goals 200 in 87ms
 GET /api/bills 200 in 89ms
 GET /api/loans 200 in 32ms
 GET /api/investments 200 in 32ms
 GET / 200 in 83ms
 GET / 200 in 39ms
 GET / 200 in 36ms
 GET /api/transactions 200 in 26ms
 GET /api/bills 200 in 43ms
 GET /api/goals 200 in 41ms
 GET /api/loans 200 in 49ms
 GET /api/transactions 200 in 24ms
 GET /api/goals 200 in 28ms
 GET /api/bills 200 in 38ms
 GET /api/loans 200 in 37ms
 GET /api/investments 200 in 24ms
 GET /api/investments 200 in 27ms
 ○ Compiling /investments ...
 ✓ Compiled /investments in 1047ms (1331 modules)
 ✓ Compiled /_not-found in 356ms (1334 modules)
 GET /_next/static/webpack/dbd38ee464c753e8.webpack.hot-update.json 404 in 468ms
 GET /investments 200 in 59ms
 ✓ Compiled /api/investments/portfolio in 138ms (700 modules)
 ✓ Compiled (702 modules)
 GET /api/investments 200 in 436ms
 GET /api/investments/portfolio 200 in 437ms
 GET /api/investments 200 in 35ms
 GET /api/investments/portfolio 200 in 40ms
 GET /api/investments 200 in 25ms
 GET /api/investments 200 in 22ms
 GET /api/investments/portfolio 200 in 24ms
 GET /api/investments/portfolio 200 in 24ms
 ✓ Compiled /api/categories in 131ms (704 modules)
 ✓ Compiled (706 modules)
 GET /api/goals 200 in 305ms
 GET /api/categories 200 in 291ms
 ✓ Compiled /api/transactions in 231ms (708 modules)
 ✓ Compiled (710 modules)
 GET /api/goals 200 in 442ms
 GET /api/bills 200 in 444ms
 GET /api/transactions 200 in 427ms
 GET /api/goals 200 in 37ms
 GET /api/bills 200 in 46ms
 GET /api/investments 200 in 57ms
 ✓ Compiled /api/loans in 156ms (712 modules)
 GET /api/loans 200 in 355ms
 GET /api/transactions 200 in 347ms
 GET /api/investments 200 in 24ms
 GET /api/loans 200 in 23ms
 ✓ Compiled in 1169ms (1343 modules)
 ✓ Compiled /api/health in 292ms (699 modules)
 GET /api/health 200 in 500ms
[?25h
