yarn run v1.22.22
$ next dev
  ▲ Next.js 14.2.28
  - Local:        http://localhost:3000
  - Environments: .env
  - Experiments (use with caution):
    · outputFileTracingRoot

 ✓ Starting...
 ✓ Ready in 1745ms
 ○ Compiling / ...
 ✓ Compiled / in 2.7s (1452 modules)
 GET / 200 in 3318ms
 ✓ Compiled in 652ms (730 modules)
 ○ Compiling /transactions ...
 ✓ Compiled /transactions in 1722ms (3182 modules)
 GET /transactions 200 in 1966ms
 ✓ Compiled /api/transactions/analytics in 226ms (1626 modules)
 GET /api/transactions/analytics?year=2024 200 in 473ms
 GET / 200 in 124ms
 ✓ Compiled /api/dashboard in 256ms (1628 modules)
Dashboard API called, testing Prisma connection...
Transaction count: 17
 GET /api/dashboard 200 in 559ms
Dashboard API called, testing Prisma connection...
Transaction count: 17
 GET /api/dashboard 200 in 72ms
 GET /transactions 200 in 97ms
 ✓ Compiled /api/transactions in 216ms (1630 modules)
 ✓ Compiled (1634 modules)
 GET /api/transactions/summary?year=2025&month=6&_t=1748779092035 200 in 709ms
 GET /api/transactions/summary?year=2025&month=6&_t=1748779092042 200 in 702ms
 GET /api/categories 200 in 709ms
 GET /api/transactions?page=1&limit=20&sortBy=date&sortOrder=desc&year=2025&month=6 200 in 722ms
 GET /api/transactions/analytics?year=2025&month=6&_t=1748779092043 200 in 735ms
 GET /api/transactions/analytics?year=2025&month=6&_t=1748779092036 200 in 748ms
 GET /api/categories 200 in 46ms
 GET /api/transactions?page=1&limit=20&sortBy=date&sortOrder=desc&year=2025&month=6 200 in 46ms
[?25h
