yarn run v1.22.22
$ next dev
  ▲ Next.js 14.2.28
  - Local:        http://localhost:3000
  - Environments: .env
  - Experiments (use with caution):
    · outputFileTracingRoot

 ✓ Starting...
 ✓ Ready in 1645ms
 ○ Compiling / ...
 ✓ Compiled / in 2.8s (1452 modules)
 GET / 200 in 3346ms
 ✓ Compiled in 614ms (730 modules)
 ○ Compiling /goals ...
 ✓ Compiled /goals in 1495ms (3104 modules)
 GET /goals 200 in 1690ms
 ✓ Compiled /api/goals in 306ms (1587 modules)
 GET /api/goals?includeInvestments=true 200 in 799ms
 GET /api/goals?includeInvestments=true 200 in 95ms
 ○ Compiling /investments ...
 ✓ Compiled /investments in 692ms (3162 modules)
 GET /investments 200 in 826ms
 ✓ Compiled /api/investments/portfolio in 185ms (1603 modules)
 ✓ Compiled (1605 modules)
 GET /api/investments?includeGoals=true 200 in 598ms
 GET /api/investments/portfolio 200 in 599ms
 GET /api/investments?includeGoals=true 200 in 44ms
 GET /api/investments/portfolio 200 in 52ms
 GET /goals 200 in 73ms
 GET /api/goals?includeInvestments=true 200 in 53ms
 GET /api/goals?includeInvestments=true 200 in 30ms
 GET /api/goals 200 in 33ms
 GET /api/investments?includeGoals=true 200 in 32ms
 ✓ Compiled /api/goals/[id] in 283ms (1607 modules)
 GET /api/goals/cmbdkzt5s0001pc01y7erzjyv 200 in 622ms
 ○ Compiling /goals/[id] ...
 ✓ Compiled /goals/[id] in 554ms (3180 modules)
 GET /goals/cmbdkzt5s0001pc01y7erzjyv 200 in 945ms
 GET /api/investments?includeGoals=true 200 in 77ms
 GET /api/goals/cmbdkzt5s0001pc01y7erzjyv 200 in 75ms
 GET /api/investments?includeGoals=true 200 in 38ms
 GET /api/goals/cmbdkzt5s0001pc01y7erzjyv 200 in 41ms
 ✓ Compiled /api/goals/[id]/investments in 195ms (1567 modules)
 POST /api/goals/cmbdkzt5s0001pc01y7erzjyv/investments 201 in 553ms
 GET /goals/cmbdkzt5s0001pc01y7erzjyv 200 in 134ms
 GET /api/goals/cmbdkzt5s0001pc01y7erzjyv 200 in 85ms
 GET /api/investments?includeGoals=true 200 in 106ms
 GET /api/goals/cmbdkzt5s0001pc01y7erzjyv 200 in 73ms
 GET /api/investments?includeGoals=true 200 in 73ms
 ✓ Compiled /api/goals/[id]/investments/[linkId] in 182ms (1569 modules)
 DELETE /api/goals/cmbdkzt5s0001pc01y7erzjyv/investments/cmbdm7f5u00010x5tsvdk8cxa 200 in 524ms
 GET /api/investments?includeGoals=true 200 in 29ms
 POST /api/goals 201 in 35ms
 PUT /api/goals/cmbdm7xwb00030x5t3nhok411 200 in 43ms
 DELETE /api/goals/cmbdm7xwb00030x5t3nhok411 200 in 43ms
 GET /goals 200 in 136ms
 GET /api/goals?includeInvestments=true 200 in 38ms
 GET /api/goals?includeInvestments=true 200 in 29ms
 GET /api/goals 200 in 27ms
 GET /api/investments?includeGoals=true 200 in 24ms
 GET /api/goals/cmbdkzt5s0001pc01y7erzjyv 200 in 39ms
 ✓ Compiled /api/categories in 225ms (1569 modules)
 GET /api/categories 200 in 283ms
 POST /api/goals 201 in 30ms
 GET /api/investments?includeGoals=true 200 in 27ms
 POST /api/goals/cmbdm8qse00050x5tbbfk8x47/investments 201 in 53ms
 GET /api/goals/cmbdm8qse00050x5tbbfk8x47 200 in 45ms
 DELETE /api/goals/cmbdm8qse00050x5tbbfk8x47/investments/cmbdm8qv200070x5tza2z57i2 200 in 40ms
 DELETE /api/goals/cmbdm8qse00050x5tbbfk8x47 200 in 29ms
[?25h
