warning workspace-aggregator-9cd64e43-5fc4-4980-9024-65f4940c7e3d > finplanner > jest > @jest/core > @jest/transform > babel-plugin-istanbul > test-exclude > glob@7.2.3: Glob versions prior to v9 are no longer supported
error https://registry.yarnpkg.com/@testing-library/react/-/react-16.3.0.tgz: Extracting tar content of undefined failed, the file appears to be corrupt: "ENOENT: no such file or directory, open '/opt/hostedapp/node/yarn/cache/v6/npm-@testing-library-react-16.3.0-3a85bb9bdebf180cd76dba16454e242564d598a6-integrity/node_modules/@testing-library/react/dist/@testing-library/react.esm.js'"
 тип Failed to start server
Error: listen EADDRINUSE: address already in use :::3000
    at Server.setupListenHandle [as _listen2] (node:net:1937:16)
    at listenInCluster (node:net:1994:12)
    at Server.listen (node:net:2099:7)
    at /home/ubuntu/moneymitra/node_modules/next/dist/server/lib/start-server.js:280:16
    at new Promise (<anonymous>)
    at startServer (/home/ubuntu/moneymitra/node_modules/next/dist/server/lib/start-server.js:191:11)
    at /home/ubuntu/moneymitra/node_modules/next/dist/server/lib/start-server.js:310:52
    at Span.traceAsyncFn (/home/ubuntu/moneymitra/node_modules/next/dist/trace/trace.js:154:26)
    at process.<anonymous> (/home/ubuntu/moneymitra/node_modules/next/dist/server/lib/start-server.js:310:35)
    at process.emit (node:events:518:28) {
  code: 'EADDRINUSE',
  errno: -98,
  syscall: 'listen',
  address: '::',
  port: 3000
}
