yarn run v1.22.22
$ next dev
  ▲ Next.js 14.2.28
  - Local:        http://localhost:3000
  - Environments: .env
  - Experiments (use with caution):
    · outputFileTracingRoot

 ✓ Starting...
 ✓ Ready in 1643ms
 ○ Compiling /transactions ...
 ✓ Compiled /transactions in 3.4s (2954 modules)
 GET /transactions 200 in 3900ms
 ✓ Compiled in 597ms (1483 modules)
 ✓ Compiled /api/categories in 308ms (1503 modules)
 ✓ Compiled (1505 modules)
 GET /api/categories 200 in 1254ms
 GET /api/transactions 200 in 1258ms
 GET /api/categories 200 in 95ms
 GET /api/transactions 200 in 103ms
 GET /api/transactions 200 in 24ms
 GET /api/categories 200 in 23ms
 POST /api/transactions 200 in 33ms
 ✓ Compiled in 1559ms (3017 modules)
 ✓ Compiled in 478ms (1514 modules)
 ✓ Compiled /api/categories in 150ms (1535 modules)
 ✓ Compiled (1537 modules)
 GET /api/categories 200 in 387ms
 GET /api/transactions 200 in 391ms
 GET /api/categories 200 in 27ms
 GET /api/transactions 200 in 29ms
 ✓ Compiled in 1685ms (3017 modules)
 ✓ Compiled in 584ms (1514 modules)
 ○ Compiling / ...
 ✓ Compiled / in 1421ms (3054 modules)
 GET / 200 in 1623ms
 GET / 200 in 57ms
 ✓ Compiled /api/investments in 273ms (1556 modules)
 ✓ Compiled (1564 modules)
 GET /api/goals 200 in 971ms
 GET /api/investments 200 in 969ms
 GET /api/bills 200 in 979ms
 GET /api/loans 200 in 980ms
 GET /api/transactions 200 in 983ms
 GET /api/goals 200 in 83ms
 GET /api/investments 200 in 97ms
 GET /api/bills 200 in 95ms
 GET /api/loans 200 in 101ms
 GET /api/transactions 200 in 99ms
 GET /transactions 200 in 101ms
 ✓ Compiled /api/categories in 199ms (1566 modules)
 GET /api/transactions 200 in 465ms
 GET /api/categories 200 in 495ms
 GET /api/transactions 200 in 94ms
 GET /api/categories 200 in 98ms
 POST /api/transactions 200 in 29ms
 GET / 200 in 54ms
 GET /transactions 200 in 39ms
 GET /api/categories 200 in 24ms
 ✓ Compiled in 529ms (1530 modules)
 ✓ Compiled in 1360ms (3029 modules)
[?25h
