yarn run v1.22.22
$ next dev
  ▲ Next.js 14.2.28
  - Local:        http://localhost:3000
  - Environments: .env
  - Experiments (use with caution):
    · outputFileTracingRoot

 ✓ Starting...
 ✓ Ready in 1695ms
 ○ Compiling / ...
 ✓ Compiled / in 2.7s (1279 modules)
 GET / 200 in 3242ms
 GET / 200 in 3252ms
 ✓ Compiled in 589ms (645 modules)
 GET / 200 in 89ms
 GET / 200 in 104ms
 GET / 200 in 37ms
 ✓ Compiled /api/investments in 326ms (666 modules)
 ✓ Compiled (672 modules)
 GET /api/investments 200 in 749ms
 GET /api/bills 200 in 771ms
 GET /api/loans 200 in 752ms
 GET /api/transactions 200 in 775ms
 ✓ Compiled /api/goals in 161ms (674 modules)
 GET /api/goals 200 in 211ms
 GET /api/bills 200 in 38ms
 GET /api/loans 200 in 54ms
 GET /api/investments 200 in 55ms
 GET /api/transactions 200 in 58ms
 GET /api/goals 200 in 26ms
 ○ Compiling /transactions ...
 ✓ Compiled /transactions in 1462ms (3057 modules)
 ✓ Compiled /api/categories in 200ms (1552 modules)
 GET /api/transactions 200 in 418ms
 GET /api/categories 200 in 439ms
 GET /api/categories 200 in 29ms
 GET /api/transactions 200 in 34ms
 GET /api/categories 200 in 24ms
 ○ Compiling /bills ...
 ✓ Compiled /bills in 719ms (3077 modules)
 GET /api/bills 200 in 35ms
 ✓ Compiled /api/bills/stats in 220ms (1564 modules)
 GET /api/bills/stats 200 in 285ms
 GET /api/bills 200 in 29ms
 GET /api/bills/stats 200 in 28ms
 GET /api/categories 200 in 25ms
 GET / 200 in 101ms
 GET / 200 in 35ms
 GET / 200 in 35ms
 GET /api/transactions 200 in 42ms
 GET /api/investments 200 in 46ms
 GET /api/bills 200 in 54ms
 GET /api/goals 200 in 56ms
 GET /api/loans 200 in 59ms
 GET /api/transactions 200 in 29ms
 GET /api/investments 200 in 31ms
 GET /api/bills 200 in 27ms
 GET /api/goals 200 in 30ms
 GET /api/loans 200 in 29ms
 GET /api/bills 200 in 27ms
 GET /api/bills/stats 200 in 28ms
 GET /api/bills 200 in 24ms
 GET /api/bills/stats 200 in 26ms
 GET /api/categories 200 in 29ms
 POST /api/bills 201 in 32ms
 GET /api/bills 200 in 31ms
 GET /api/bills/stats 200 in 30ms
 GET /api/categories 200 in 26ms
 POST /api/bills 201 in 31ms
 GET /api/bills 200 in 31ms
 GET /api/bills/stats 200 in 45ms
 ○ Compiling /goals ...
 ✓ Compiled /goals in 1117ms (3089 modules)
 ○ Compiling /_not-found ...
 ✓ Compiled /_not-found in 503ms (3092 modules)
 GET /_next/static/webpack/11873ffd7345d394.webpack.hot-update.json 404 in 833ms
 GET / 200 in 49ms
 GET /api/transactions 200 in 80ms
 GET /api/goals 200 in 89ms
 GET /api/bills 200 in 97ms
 GET /api/loans 200 in 103ms
 GET /api/investments 200 in 102ms
 GET /api/transactions 200 in 52ms
 GET /api/goals 200 in 74ms
 GET /api/bills 200 in 68ms
 GET /api/loans 200 in 77ms
 GET /api/investments 200 in 76ms
 GET /api/goals 200 in 27ms
 GET /api/goals 200 in 26ms
 GET /api/categories 200 in 27ms
 POST /api/goals 201 in 27ms
 GET /api/goals 200 in 24ms
 ○ Compiling /loans ...
 ✓ Compiled /loans in 571ms (3104 modules)
 GET /api/loans 200 in 30ms
 GET /api/loans 200 in 27ms
 ○ Compiling /investments ...
 ✓ Compiled /investments in 746ms (3116 modules)
 GET /api/investments 200 in 33ms
 ✓ Compiled /api/investments/portfolio in 321ms (1587 modules)
 GET /api/investments/portfolio 200 in 386ms
 GET /api/investments 200 in 47ms
 GET /api/investments/portfolio 200 in 38ms
 GET / 200 in 105ms
 GET /api/goals 200 in 48ms
 GET /api/loans 200 in 55ms
 GET /api/transactions 200 in 65ms
 GET /api/bills 200 in 66ms
 GET /api/investments 200 in 60ms
 GET /api/loans 200 in 28ms
 GET /api/goals 200 in 36ms
 GET /api/transactions 200 in 56ms
 GET /api/investments 200 in 43ms
 GET /api/bills 200 in 38ms
[?25h
