warning workspace-aggregator-998ce5a8-3e46-4c7c-a66f-679380a71135 > finplanner > jest > @jest/core > @jest/transform > babel-plugin-istanbul > test-exclude > glob@7.2.3: Glob versions prior to v9 are no longer supported
error Error: ENOENT: no such file or directory, open '/opt/hostedapp/node/yarn/cache/v6/npm-@adobe-css-tools-4.4.3-beebbefb0264fdeb32d3052acae0e0d94315a9a2-integrity/node_modules/@adobe/css-tools/.yarn-tarball.tgz'
 тип Failed to start server
Error: listen EADDRINUSE: address already in use :::3000
    at Server.setupListenHandle [as _listen2] (node:net:1937:16)
    at listenInCluster (node:net:1994:12)
    at Server.listen (node:net:2099:7)
    at /home/ubuntu/moneymitra/node_modules/next/dist/server/lib/start-server.js:280:16
    at new Promise (<anonymous>)
    at startServer (/home/ubuntu/moneymitra/node_modules/next/dist/server/lib/start-server.js:191:11)
    at /home/ubuntu/moneymitra/node_modules/next/dist/server/lib/start-server.js:310:52
    at Span.traceAsyncFn (/home/ubuntu/moneymitra/node_modules/next/dist/trace/trace.js:154:26)
    at process.<anonymous> (/home/ubuntu/moneymitra/node_modules/next/dist/server/lib/start-server.js:310:35)
    at process.emit (node:events:518:28) {
  code: 'EADDRINUSE',
  errno: -98,
  syscall: 'listen',
  address: '::',
  port: 3000
}
