yarn run v1.22.22
$ next dev
  ▲ Next.js 14.2.28
  - Local:        http://localhost:3000
  - Environments: .env
  - Experiments (use with caution):
    · outputFileTracingRoot

 ✓ Starting...
 ✓ Ready in 2.1s
 ○ Compiling / ...
 ✓ Compiled / in 2.5s (1279 modules)
 GET / 200 in 3025ms
 ✓ Compiled in 632ms (645 modules)
 ✓ Compiled /api/goals in 342ms (666 modules)
 GET /api/goals?includeInvestments=true 200 in 566ms
 ✓ Compiled /api/investments in 134ms (668 modules)
 GET /api/investments?includeGoals=true 200 in 187ms
 ✓ Compiled /api/health in 153ms (670 modules)
 GET /api/health 200 in 221ms
[?25h
