yarn run v1.22.22
$ next dev
  ▲ Next.js 14.2.28
  - Local:        http://localhost:3000
  - Environments: .env
  - Experiments (use with caution):
    · outputFileTracingRoot

 ✓ Starting...
 ✓ Ready in 1737ms
 ○ Compiling /transactions ...
 ✓ Compiled /transactions in 3.3s (3017 modules)
 GET /transactions 200 in 3922ms
 ✓ Compiled in 737ms (1514 modules)
 ✓ Compiled /api/transactions in 382ms (1535 modules)
 GET /api/transactions 200 in 596ms
 ✓ Compiled in 674ms (3049 modules)
 ✓ Compiled in 567ms (3049 modules)
 GET /transactions 200 in 185ms
 GET /api/transactions 200 in 57ms
 ✓ Compiled /api/categories in 254ms (1537 modules)
 GET /api/transactions 200 in 473ms
 GET /api/categories 200 in 563ms
 GET /api/categories 200 in 32ms
 ○ Compiling /bills ...
 ✓ Compiled /bills in 1027ms (3057 modules)
 GET /bills 200 in 1125ms
 ✓ Compiled /api/bills/stats in 324ms (1549 modules)
 ✓ Compiled (1551 modules)
 GET /api/bills 200 in 730ms
 GET /api/bills/stats 200 in 733ms
 GET /api/bills 200 in 61ms
 GET /api/bills/stats 200 in 67ms
 ✓ Compiled in 554ms (3073 modules)
 GET /bills 200 in 82ms
 GET /api/bills 200 in 48ms
 GET /api/bills/stats 200 in 49ms
 GET /api/bills 200 in 33ms
 GET /api/bills/stats 200 in 44ms
 GET /api/bills/stats 200 in 29ms
 ✓ Compiled in 738ms (3073 modules)
 GET /bills 200 in 140ms
 GET /api/bills 200 in 48ms
 GET /api/bills/stats 200 in 57ms
 GET /api/bills 200 in 37ms
 GET /api/bills/stats 200 in 35ms
 ○ Compiling /goals ...
 ✓ Compiled /goals in 832ms (3067 modules)
 GET /goals 200 in 948ms
 ✓ Compiled /api/goals in 273ms (1555 modules)
 GET /api/goals 200 in 338ms
 GET /api/goals 200 in 65ms
 ○ Compiling /loans ...
 ✓ Compiled /loans in 525ms (3081 modules)
 GET /loans 200 in 624ms
 ✓ Compiled /api/loans in 278ms (1564 modules)
 GET /api/loans 200 in 361ms
 GET /api/loans 200 in 49ms
 ✓ Compiled /investments in 483ms (3095 modules)
 GET /investments 200 in 607ms
 GET /transactions 200 in 104ms
 ✓ Compiled /api/categories in 342ms (1573 modules)
 ✓ Compiled (1579 modules)
 GET /api/investments 200 in 810ms
 GET /api/transactions 200 in 738ms
 GET /api/categories 200 in 738ms
 GET /api/investments/portfolio 200 in 813ms
 GET /api/investments 200 in 50ms
 GET /api/categories 200 in 55ms
 GET /api/investments/portfolio 200 in 56ms
 GET /api/transactions 200 in 60ms
 ✓ Compiled in 639ms (3115 modules)
 GET /investments 200 in 72ms
 GET /api/investments 200 in 40ms
 GET /api/investments/portfolio 200 in 48ms
 GET /api/investments 200 in 35ms
 GET /api/investments/portfolio 200 in 37ms
 GET /transactions 200 in 41ms
 GET /api/transactions 200 in 37ms
 GET /api/categories 200 in 46ms
 GET /api/transactions 200 in 35ms
 GET /api/categories 200 in 36ms
 ✓ Compiled in 980ms (3115 modules)
 ✓ Compiled in 643ms (3111 modules)
 ✓ Compiled in 749ms (3109 modules)
 ✓ Compiled in 587ms (3107 modules)
 ✓ Compiled in 809ms (3107 modules)
 ✓ Compiled in 602ms (3107 modules)
[?25h
