yarn run v1.22.22
$ next dev
  ▲ Next.js 14.2.28
  - Local:        http://localhost:3000
  - Environments: .env
  - Experiments (use with caution):
    · outputFileTracingRoot

 ✓ Starting...
 ✓ Ready in 1660ms
 ○ Compiling / ...
 ✓ Compiled / in 3.1s (1456 modules)
 GET / 200 in 2992ms
 GET / 200 in 3664ms
 ✓ Compiled in 658ms (732 modules)
 GET / 200 in 58ms
 GET / 200 in 43ms
 GET / 200 in 45ms
 ✓ Compiled /api/dashboard in 279ms (755 modules)
Dashboard API called, testing Prisma connection...
Transaction count: 21
 GET /api/dashboard 200 in 512ms
Dashboard API called, testing Prisma connection...
Transaction count: 21
 GET /api/dashboard 200 in 39ms
 GET / 200 in 124ms
 GET / 200 in 40ms
 GET / 200 in 38ms
Dashboard API called, testing Prisma connection...
Transaction count: 21
 GET /api/dashboard 200 in 38ms
Dashboard API called, testing Prisma connection...
Transaction count: 21
 GET /api/dashboard 200 in 37ms
 ○ Compiling /bills ...
 ✓ Compiled /bills in 1155ms (1587 modules)
 ✓ Compiled /api/bills/stats in 210ms (815 modules)
 ✓ Compiled (817 modules)
 GET /api/bills 200 in 506ms
 GET /api/bills/stats 200 in 514ms
 GET /api/bills 200 in 29ms
 GET /api/bills/stats 200 in 28ms
 GET /api/bills 200 in 31ms
 GET /api/bills 200 in 29ms
 GET /api/bills/stats 200 in 49ms
 GET /api/bills?view=monthly&year=2025&month=6 200 in 56ms
 GET /api/bills?view=yearly&year=2025 200 in 45ms
 GET /api/bills/stats 200 in 40ms
 GET /api/bills/stats 200 in 37ms
 GET /api/bills?view=monthly&year=2025&month=6 200 in 52ms
 ✓ Compiled /api/categories in 164ms (819 modules)
 GET /api/categories 200 in 212ms
 GET /api/bills 200 in 35ms
 GET /api/bills/stats 200 in 38ms
 GET /api/bills 200 in 27ms
 GET /api/bills 200 in 29ms
 ✓ Compiled /api/bills/[id] in 219ms (819 modules)
 DELETE /api/bills/cmbda583c00030x20z6hlzhk7 200 in 545ms
 GET /api/bills/stats 200 in 37ms
 GET /api/bills 200 in 43ms
 GET /api/bills 200 in 31ms
 GET /api/bills 200 in 33ms
 DELETE /api/bills/cmbdcll8g00030x1n8tkvix0u 200 in 42ms
 GET /api/bills 200 in 54ms
 GET /api/bills/stats 200 in 61ms
 GET /api/bills 200 in 28ms
 GET /api/bills 200 in 28ms
 DELETE /api/bills/cmbdaetey00030x2x3ff0xk4y 200 in 40ms
 GET /api/bills 200 in 37ms
 GET /api/bills/stats 200 in 42ms
 GET /api/bills 200 in 28ms
 GET /api/bills 200 in 31ms
 ○ Compiling /loans ...
 ✓ Compiled /loans in 951ms (1626 modules)
 ✓ Compiled /api/loans in 207ms (838 modules)
 GET /api/loans 200 in 262ms
 GET /api/loans 200 in 29ms
 ✓ Compiled /api/loans/[id] in 215ms (838 modules)
 DELETE /api/loans/cmbddj5aw0005qi01tdxz7x1x 200 in 543ms
 GET /api/loans 200 in 30ms
 DELETE /api/loans/cmbdai8k9000n0x2xyfxvouia 200 in 38ms
 GET /api/loans 200 in 31ms
 DELETE /api/loans/cmbdaf0p000090x2x8pmfq975 200 in 39ms
 GET /api/loans 200 in 28ms
 DELETE /api/loans/cmbda5gdn00090x20g5uvpcny 200 in 41ms
 GET /api/loans 200 in 28ms
 DELETE /api/loans/cmbcrncst000izmsn52cbks3x 200 in 38ms
 GET /api/loans 200 in 27ms
 DELETE /api/loans/cmbcrn9vj000gzmsng2iipv9c 200 in 44ms
 GET /api/loans 200 in 25ms
 ○ Compiling /goals ...
 ✓ Compiled /goals in 1158ms (3230 modules)
 ✓ Compiled /api/goals in 209ms (1642 modules)
 GET /api/goals?includeInvestments=true 200 in 262ms
 GET /api/goals?includeInvestments=true 200 in 28ms
 GET /api/bills 200 in 40ms
 GET /api/bills/stats 200 in 48ms
 GET /api/bills 200 in 40ms
 GET /api/bills/stats 200 in 54ms
 GET /api/bills 200 in 28ms
 GET /api/bills 200 in 27ms
 DELETE /api/bills/cmbdai10l000h0x2xm9aee2jg 200 in 52ms
 GET /api/bills 200 in 31ms
 GET /api/bills/stats 200 in 31ms
 GET /api/bills 200 in 26ms
 GET /api/bills 200 in 27ms
 DELETE /api/bills/cmbdjawrt0003qi01rpby45cq 200 in 41ms
 GET /api/bills/stats 200 in 39ms
 GET /api/bills 200 in 40ms
 GET /api/bills 200 in 26ms
 GET /api/bills 200 in 27ms
 DELETE /api/bills/cmbda8y4200010xl5lgwp2gwx 200 in 42ms
 GET /api/bills/stats 200 in 39ms
 GET /api/bills 200 in 39ms
 GET /api/bills 200 in 26ms
 GET /api/bills 200 in 26ms
 ✓ Compiled /api/dashboard in 320ms (1644 modules)
Dashboard API called, testing Prisma connection...
Transaction count: 21
 GET /api/dashboard 200 in 463ms
Dashboard API called, testing Prisma connection...
Transaction count: 21
 GET /api/dashboard 200 in 35ms
 ○ Compiling /transactions ...
 ✓ Compiled /transactions in 1289ms (3254 modules)
 ✓ Compiled /api/transactions/analytics in 219ms (1665 modules)
 ✓ Compiled (1667 modules)
 GET /api/transactions?page=1&limit=20&sortBy=date&sortOrder=desc&year=2025&month=6 200 in 504ms
 GET /api/transactions/analytics?year=2025&month=6 200 in 514ms
 ✓ Compiled /api/transactions/summary in 197ms (1669 modules)
 ✓ Compiled (1671 modules)
 GET /api/categories 200 in 442ms
 GET /api/transactions/summary?year=2025&month=6 200 in 365ms
 GET /api/transactions?page=1&limit=20&sortBy=date&sortOrder=desc&year=2025&month=6 200 in 392ms
 GET /api/transactions/analytics?year=2025&month=6 200 in 370ms
 GET /api/categories 200 in 35ms
 GET /api/transactions/summary?year=2025&month=6 200 in 38ms
