yarn run v1.22.22
$ next dev
  ▲ Next.js 14.2.28
  - Local:        http://localhost:3000
  - Environments: .env
  - Experiments (use with caution):
    · outputFileTracingRoot

 ✓ Starting...
 ✓ Ready in 1589ms
 GET /api/investments 500 in 342ms
 ○ Compiling /api/investments ...
 POST /api/investments 500 in 27ms
Testing database connection...
 GET /api/test-investment 500 in 160ms
 ✓ Compiled /api/test-investment in 64ms (60 modules)
Testing database connection...
Database connection successful: [ { test: 1 } ]
Investment table exists: [ { exists: true } ]
Found investments: 0
 GET /api/test-investment 200 in 119ms
Testing investment creation...
Investment created: {
  id: 'cmbcsae0o0000zmdcylli0h3y',
  name: 'Test Investment',
  symbol: null,
  assetClass: 'STOCKS',
  platform: 'ZERODHA',
  quantity: 1,
  averagePrice: 100,
  currentPrice: 110,
  totalInvested: 100,
  currentValue: 110,
  purchaseDate: null,
  description: null,
  isActive: true,
  goalId: null,
  categoryId: null,
  createdAt: 2025-05-31T22:08:43.897Z,
  updatedAt: 2025-05-31T22:08:43.897Z
}
 POST /api/test-investment 200 in 28ms
 GET /api/investments 200 in 26ms
 ✓ Compiled /api/investments/portfolio in 71ms (62 modules)
 GET /api/investments/portfolio 200 in 113ms
 ○ Compiling /investments ...
 ✓ Compiled /investments in 2.8s (1371 modules)
 GET /investments 200 in 3242ms
 ✓ Compiled in 556ms (672 modules)
 GET /api/investments 200 in 49ms
 GET /api/investments/portfolio 200 in 58ms
 GET /api/investments 200 in 26ms
 GET /api/investments/portfolio 200 in 32ms
 ○ Compiling / ...
 ✓ Compiled / in 1872ms (3169 modules)
 GET / 200 in 2125ms
 ✓ Compiled /api/bills/instances in 290ms (1607 modules)
 ✓ Compiled (1617 modules)
 GET /api/loans 200 in 749ms
 GET /api/goals/stats 200 in 751ms
 GET /api/loans/stats 200 in 757ms
 GET /api/goals?status=ACTIVE 200 in 769ms
 GET /api/bills/instances?upcoming=true 200 in 783ms
 GET /api/transactions/stats 200 in 831ms
 GET /api/investments/portfolio 200 in 85ms
 ✓ Compiled /api/transactions in 239ms (1619 modules)
 ✓ Compiled (1621 modules)
 GET /api/goals/stats 200 in 531ms
 GET /api/loans 200 in 534ms
 GET /api/categories 200 in 556ms
 GET /api/loans/stats 200 in 509ms
 GET /api/goals?status=ACTIVE 200 in 493ms
 GET /api/transactions?page=1&limit=20 200 in 572ms
 GET /api/bills/instances?overdue=true 200 in 61ms
 GET /api/bills/instances?upcoming=true 200 in 61ms
 GET /api/investments/portfolio 200 in 65ms
 GET /api/transactions/stats 200 in 77ms
 GET /api/categories 200 in 74ms
 GET /api/transactions?page=1&limit=20 200 in 77ms
 GET /api/bills/instances?overdue=true 200 in 23ms
 ✓ Compiled /api/investments/calculators/sip in 218ms (1623 modules)
 POST /api/investments/calculators/sip 200 in 267ms
 ✓ Compiled /api/investments/calculators/growth in 210ms (1625 modules)
 POST /api/investments/calculators/growth 200 in 256ms
 POST /api/investments 201 in 33ms
 POST /api/investments 201 in 25ms
 POST /api/investments 201 in 26ms
 GET /api/investments/portfolio 200 in 24ms
 GET /investments 200 in 75ms
 GET /api/investments 200 in 34ms
 GET /api/investments/portfolio 200 in 40ms
 GET /api/investments 200 in 28ms
 GET /api/investments/portfolio 200 in 28ms
 ✓ Compiled /api/investments/sips in 283ms (1625 modules)
 POST /api/investments/sips 201 in 336ms
 ✓ Compiled /api/investments/analytics in 270ms (1627 modules)
 GET /api/investments/analytics 200 in 318ms
 GET / 200 in 93ms
 GET /api/loans/stats 200 in 118ms
 GET /api/bills/instances?upcoming=true 200 in 131ms
 GET /api/goals/stats 200 in 131ms
 GET /api/goals?status=ACTIVE 200 in 145ms
 GET /api/loans 200 in 145ms
 GET /api/transactions/stats 200 in 149ms
 GET /api/investments/portfolio 200 in 66ms
 GET /api/categories 200 in 69ms
 GET /api/transactions?page=1&limit=20 200 in 75ms
 GET /api/bills/instances?overdue=true 200 in 74ms
 GET /api/bills/instances?upcoming=true 200 in 72ms
 GET /api/loans/stats 200 in 86ms
 GET /api/goals/stats 200 in 84ms
 GET /api/goals?status=ACTIVE 200 in 134ms
 GET /api/loans 200 in 176ms
 GET /api/investments/portfolio 200 in 193ms
 GET /api/transactions/stats 200 in 212ms
 GET /api/categories 200 in 203ms
 GET /api/transactions?page=1&limit=20 200 in 96ms
 GET /api/bills/instances?overdue=true 200 in 46ms
 GET /api/investments/portfolio 200 in 26ms
 GET /api/investments 200 in 23ms
 GET /api/investments/sips 200 in 25ms
 POST /api/investments/calculators/sip 200 in 21ms
 ✓ Compiled in 511ms (1576 modules)
 ✓ Compiled in 323ms (1576 modules)
 ✓ Compiled in 869ms (3201 modules)
 ✓ Compiled in 535ms (3201 modules)
 ✓ Compiled in 669ms (3201 modules)
 ✓ Compiled in 839ms (3187 modules)
Attention: Next.js now collects completely anonymous telemetry regarding usage.
This information is used to shape Next.js' roadmap and prioritize features.
You can learn more, including how to opt-out if you'd not like to participate in this anonymous program, by visiting the following URL:
https://nextjs.org/telemetry

[?25h
