yarn run v1.22.22
$ next dev
  ▲ Next.js 14.2.28
  - Local:        http://localhost:3000
  - Environments: .env
  - Experiments (use with caution):
    · outputFileTracingRoot

 ✓ Starting...
 ✓ Ready in 1797ms
 ○ Compiling / ...
 ✓ Compiled / in 2.6s (1279 modules)
 GET / 200 in 2340ms
 GET / 200 in 3168ms
 ✓ Compiled in 609ms (645 modules)
 GET / 200 in 172ms
 ✓ Compiled /api/bills in 299ms (666 modules)
 ✓ Compiled (674 modules)
 GET /api/loans 200 in 740ms
 GET /api/bills 200 in 740ms
 GET /api/transactions 200 in 758ms
 GET /api/investments 200 in 751ms
 GET /api/goals 200 in 751ms
 GET /api/transactions 200 in 39ms
 GET /api/bills 200 in 40ms
 GET /api/loans 200 in 45ms
 GET /api/goals 200 in 52ms
 GET /api/investments 200 in 36ms
 GET / 200 in 110ms
 GET / 200 in 38ms
 GET / 200 in 37ms
 GET /api/transactions 200 in 46ms
 GET /api/bills 200 in 54ms
 GET /api/loans 200 in 54ms
 GET /api/goals 200 in 55ms
 GET /api/investments 200 in 56ms
 GET /api/loans 200 in 48ms
 GET /api/goals 200 in 56ms
 GET /api/investments 200 in 57ms
 GET /api/bills 200 in 61ms
 GET /api/transactions 200 in 57ms
 ○ Compiling /transactions ...
 ✓ Compiled /transactions in 1619ms (3057 modules)
 ✓ Compiled /api/categories in 201ms (1552 modules)
 GET /api/transactions 200 in 418ms
 GET /api/categories 200 in 435ms
 GET /api/transactions 200 in 27ms
 GET /api/categories 200 in 29ms
 GET /api/categories 200 in 22ms
 GET /api/categories 200 in 25ms
 ○ Compiling /bills ...
 ✓ Compiled /bills in 823ms (3077 modules)
 ✓ Compiled /api/bills/stats in 190ms (1564 modules)
 GET /api/bills 200 in 396ms
 GET /api/bills/stats 200 in 415ms
 GET /api/bills 200 in 31ms
 GET /api/bills/stats 200 in 35ms
 GET /api/categories 200 in 24ms
 POST /api/bills 201 in 33ms
 GET /api/bills/stats 200 in 35ms
 GET /api/bills 200 in 34ms
 ○ Compiling /goals ...
 ✓ Compiled /goals in 610ms (3081 modules)
 ✓ Compiled /api/goals in 195ms (1564 modules)
 GET /api/goals 200 in 242ms
 GET /api/goals 200 in 26ms
 GET /api/categories 200 in 29ms
 ○ Compiling /loans ...
 ✓ Compiled /loans in 674ms (3095 modules)
 ✓ Compiled /api/loans in 321ms (1573 modules)
 GET /api/loans 200 in 376ms
 GET /api/loans 200 in 25ms
 ○ Compiling /investments ...
 ✓ Compiled /investments in 724ms (3105 modules)
 ✓ Compiled /api/investments/portfolio in 286ms (1578 modules)
 ✓ Compiled (1580 modules)
 GET /api/investments/portfolio 200 in 530ms
 GET /api/investments 200 in 540ms
 GET /api/investments 200 in 22ms
 GET /api/investments/portfolio 200 in 24ms
 GET /api/categories 200 in 32ms
 GET /api/goals 200 in 33ms
 ✓ Compiled in 963ms (3074 modules)
 ✓ Compiled in 676ms (3074 modules)
 ✓ Compiled in 553ms (3074 modules)
[?25h
