yarn run v1.22.22
$ next dev
  ▲ Next.js 14.2.28
  - Local:        http://localhost:3000
  - Environments: .env
  - Experiments (use with caution):
    · outputFileTracingRoot

 ✓ Starting...
 ✓ Ready in 1696ms
 ○ Compiling / ...
 ✓ Compiled / in 2.6s (1340 modules)
 GET / 200 in 2310ms
 GET / 200 in 3193ms
 ✓ Compiled in 658ms (674 modules)
 GET / 200 in 49ms
 ✓ Compiled /api/dashboard in 205ms (697 modules)
Dashboard API called, testing Prisma connection...
Dashboard API called, testing Prisma connection...
Transaction count: 17
Transaction count: 17
 GET /api/dashboard?_t=1748785041171 200 in 425ms
 GET /api/dashboard?_t=1748785041162 200 in 453ms
 GET / 200 in 98ms
 GET / 200 in 41ms
 GET / 200 in 38ms
Dashboard API called, testing Prisma connection...
Transaction count: 17
 GET /api/dashboard?_t=1748785063972 200 in 44ms
Dashboard API called, testing Prisma connection...
Transaction count: 17
 GET /api/dashboard?_t=1748785063975 200 in 42ms
 GET / 200 in 42ms
 GET / 200 in 40ms
 GET / 200 in 37ms
Dashboard API called, testing Prisma connection...
Dashboard API called, testing Prisma connection...
Transaction count: 17
Transaction count: 17
 GET /api/dashboard?_t=1748785233129 200 in 76ms
 GET /api/dashboard?_t=1748785233133 200 in 73ms
 ✓ Compiled in 648ms (674 modules)
 ✓ Compiled in 439ms (674 modules)
 ✓ Compiled in 1061ms (1340 modules)
Attention: Next.js now collects completely anonymous telemetry regarding usage.
This information is used to shape Next.js' roadmap and prioritize features.
You can learn more, including how to opt-out if you'd not like to participate in this anonymous program, by visiting the following URL:
https://nextjs.org/telemetry

[?25h
