yarn run v1.22.22
$ next dev
  ▲ Next.js 14.2.28
  - Local:        http://localhost:3000
  - Environments: .env
  - Experiments (use with caution):
    · outputFileTracingRoot

 ✓ Starting...
 ✓ Ready in 1668ms
 ○ Compiling / ...
 ✓ Compiled / in 2.5s (1452 modules)
 GET / 200 in 2491ms
 GET / 200 in 3067ms
 ✓ Compiled in 626ms (730 modules)
 GET / 200 in 172ms
 ✓ Compiled /api/dashboard in 193ms (753 modules)
Dashboard API called, testing Prisma connection...
Transaction count: 17
 GET /api/dashboard 200 in 414ms
Dashboard API called, testing Prisma connection...
Transaction count: 17
 GET /api/dashboard 200 in 38ms
 GET / 200 in 124ms
 GET / 200 in 38ms
 GET / 200 in 38ms
Dashboard API called, testing Prisma connection...
Transaction count: 17
 GET /api/dashboard 200 in 36ms
Dashboard API called, testing Prisma connection...
Transaction count: 17
 GET /api/dashboard 200 in 36ms
 ○ Compiling /transactions ...
 ✓ Compiled /transactions in 1706ms (3213 modules)
 ✓ Compiled /api/transactions/analytics in 385ms (1628 modules)
 ✓ Compiled (1634 modules)
 GET /api/transactions?page=1&limit=20&sortBy=date&sortOrder=desc&year=2025&month=6 200 in 748ms
 GET /api/categories 200 in 758ms
 GET /api/transactions/summary?year=2025&month=6&_t=1748779219100 200 in 752ms
 GET /api/transactions/summary?year=2025&month=6&_t=1748779219101 200 in 760ms
 GET /api/transactions/analytics?year=2025&month=6&_t=1748779219101 200 in 765ms
 GET /api/transactions/analytics?year=2025&month=6&_t=1748779219100 200 in 770ms
 GET /api/categories 200 in 37ms
 GET /api/transactions?page=1&limit=20&sortBy=date&sortOrder=desc&year=2025&month=6 200 in 42ms
Dashboard API called, testing Prisma connection...
Transaction count: 17
 GET /api/dashboard 200 in 126ms
Dashboard API called, testing Prisma connection...
Transaction count: 17
 GET /api/dashboard 200 in 37ms
 GET /api/transactions/summary?year=2025&month=6&_t=1748779281997 200 in 27ms
 GET /api/transactions/summary?year=2025&month=6&_t=1748779281998 200 in 33ms
 GET /api/transactions/analytics?year=2025&month=6&_t=1748779281998 200 in 54ms
 GET /api/categories 200 in 44ms
 GET /api/transactions/analytics?year=2025&month=6&_t=1748779281998 200 in 52ms
 GET /api/transactions?page=1&limit=20&sortBy=date&sortOrder=desc&year=2025&month=6 200 in 24ms
 GET /api/categories 200 in 26ms
 GET /api/transactions?page=1&limit=20&sortBy=date&sortOrder=desc&year=2025&month=6 200 in 25ms
 GET /api/transactions/analytics?year=2025&month=6&_t=1748779285030 200 in 39ms
 GET /api/transactions/analytics?year=2025&month=6&_t=1748779286102 200 in 38ms
 GET /api/transactions/analytics?year=2025&month=6&_t=1748779287015 200 in 37ms
 GET /api/transactions/analytics?year=2025&month=6&_t=1748779288289 200 in 39ms
 ○ Compiling /bills ...
 ✓ Compiled /bills in 1084ms (3244 modules)
 ✓ Compiled /api/bills in 259ms (1647 modules)
 ✓ Compiled (1649 modules)
 GET /api/bills 200 in 506ms
 GET /api/bills/stats 200 in 519ms
 GET /api/bills/stats 200 in 33ms
 GET /api/bills 200 in 32ms
 GET /api/bills 200 in 26ms
 GET /api/bills 200 in 26ms
 ○ Compiling /goals ...
 ✓ Compiled /goals in 898ms (3280 modules)
 ✓ Compiled /api/goals in 353ms (1668 modules)
 GET /api/goals?includeInvestments=true 200 in 408ms
 GET /api/goals?includeInvestments=true 200 in 27ms
 ✓ Compiled /api/investments in 304ms (1670 modules)
 GET /api/investments?includeGoals=true 200 in 361ms
 GET /api/investments?includeGoals=true 200 in 26ms
 ✓ Compiled in 923ms (3250 modules)
 ✓ Compiled in 637ms (3250 modules)
[?25h
