Error fetching transaction analytics: PrismaClientKnownRequestError: 
Invalid `prisma.$queryRaw()` invocation:


Raw query failed. Code: `42601`. Message: `ERROR: syntax error at or near "$2"`
    at zn.handleRequestError (/opt/hostedapp/node/root/node_modules/.prisma/client/runtime/library.js:124:7459)
    at zn.handleAndLogRequestError (/opt/hostedapp/node/root/node_modules/.prisma/client/runtime/library.js:124:6784)
    at zn.request (/opt/hostedapp/node/root/node_modules/.prisma/client/runtime/library.js:124:6491)
    at async l (/opt/hostedapp/node/root/node_modules/.prisma/client/runtime/library.js:133:9778)
    at async GET (/home/ubuntu/moneymitra/app/.next/server/app/api/transactions/analytics/route.js:130:35)
    at async /opt/hostedapp/node/root/node_modules/next/dist/compiled/next-server/app-route.runtime.dev.js:6:57228
    at async eT.execute (/opt/hostedapp/node/root/node_modules/next/dist/compiled/next-server/app-route.runtime.dev.js:6:46851)
    at async eT.handle (/opt/hostedapp/node/root/node_modules/next/dist/compiled/next-server/app-route.runtime.dev.js:6:58760)
    at async doRender (/opt/hostedapp/node/root/node_modules/next/dist/server/base-server.js:1366:42)
    at async cacheEntry.responseCache.get.routeKind (/opt/hostedapp/node/root/node_modules/next/dist/server/base-server.js:1588:28)
    at async DevServer.renderToResponseWithComponentsImpl (/opt/hostedapp/node/root/node_modules/next/dist/server/base-server.js:1496:28)
    at async DevServer.renderPageComponent (/opt/hostedapp/node/root/node_modules/next/dist/server/base-server.js:1924:24)
    at async DevServer.renderToResponseImpl (/opt/hostedapp/node/root/node_modules/next/dist/server/base-server.js:1962:32)
    at async DevServer.pipeImpl (/opt/hostedapp/node/root/node_modules/next/dist/server/base-server.js:922:25)
    at async NextNodeServer.handleCatchallRenderRequest (/opt/hostedapp/node/root/node_modules/next/dist/server/next-server.js:272:17)
    at async DevServer.handleRequestImpl (/opt/hostedapp/node/root/node_modules/next/dist/server/base-server.js:818:17)
    at async /opt/hostedapp/node/root/node_modules/next/dist/server/dev/next-dev-server.js:339:20
    at async Span.traceAsyncFn (/opt/hostedapp/node/root/node_modules/next/dist/trace/trace.js:154:20)
    at async DevServer.handleRequest (/opt/hostedapp/node/root/node_modules/next/dist/server/dev/next-dev-server.js:336:24)
    at async invokeRender (/opt/hostedapp/node/root/node_modules/next/dist/server/lib/router-server.js:178:21)
    at async handleRequest (/opt/hostedapp/node/root/node_modules/next/dist/server/lib/router-server.js:355:24)
    at async requestHandlerImpl (/opt/hostedapp/node/root/node_modules/next/dist/server/lib/router-server.js:379:13)
    at async Server.requestListener (/opt/hostedapp/node/root/node_modules/next/dist/server/lib/start-server.js:141:13) {
  code: 'P2010',
  meta: { code: '42601', message: 'ERROR: syntax error at or near "$2"' },
  clientVersion: '6.7.0'
}
