yarn run v1.22.22
$ next dev
  ▲ Next.js 14.2.28
  - Local:        http://localhost:3000
  - Environments: .env
  - Experiments (use with caution):
    · outputFileTracingRoot

 ✓ Starting...
 ✓ Ready in 1854ms
 ○ Compiling /bills ...
 ✓ Compiled /bills in 3.7s (1383 modules)
 GET /bills 200 in 4230ms
 ✓ Compiled in 644ms (697 modules)
 ○ Compiling /loans ...
 ✓ Compiled /loans in 1303ms (1409 modules)
 GET /loans 200 in 1479ms
 ✓ Compiled /api/loans in 176ms (738 modules)
 GET /api/loans 200 in 456ms
 GET /api/loans 200 in 75ms
 ✓ Compiled /api/bills in 124ms (740 modules)
 GET /api/bills 200 in 174ms
 GET /api/loans 200 in 34ms
 GET /bills 200 in 108ms
 GET /api/bills 200 in 42ms
 ✓ Compiled /api/bills/stats in 177ms (742 modules)
 GET /api/bills 200 in 520ms
 GET /api/bills/stats 200 in 591ms
 GET /api/bills/stats 200 in 34ms
 GET /api/bills 200 in 36ms
 GET /api/bills 200 in 31ms
 ✓ Compiled /api/bills/[id] in 156ms (744 modules)
 GET /api/bills/cmbda583c00030x20z6hlzhk7 200 in 490ms
 ✓ Compiled /api/loans/[id] in 149ms (746 modules)
 GET /api/loans/cmbcrn9vj000gzmsng2iipv9c 200 in 471ms
 ✓ Compiled /api/health in 148ms (748 modules)
 GET /api/health 200 in 212ms
 GET /api/bills/stats 200 in 33ms
 ✓ Compiled in 779ms (1463 modules)
 ✓ Compiled in 617ms (1459 modules)
 ✓ Compiled in 520ms (1453 modules)
[?25h
