yarn run v1.22.22
$ next dev
  ▲ Next.js 14.2.28
  - Local:        http://localhost:3000
  - Environments: .env
  - Experiments (use with caution):
    · outputFileTracingRoot

 ✓ Starting...
 ✓ Ready in 2.7s
 ○ Compiling /goals ...
 ✓ Compiled /goals in 7.5s (3028 modules)
 GET /goals 200 in 8061ms
 ✓ Compiled in 676ms (1516 modules)
 ✓ Compiled /api/health in 401ms (1537 modules)
 GET /api/health 200 in 654ms
 GET /goals 200 in 121ms
 ✓ Compiled /api/goals in 246ms (1539 modules)
 GET /api/goals?includeInvestments=true 200 in 361ms
 GET /api/goals?includeInvestments=true 200 in 78ms
 GET /api/goals 200 in 29ms
 ○ Compiling /goals/[id] ...
 ✓ Compiled /goals/[id] in 559ms (3055 modules)
 GET /goals/cmbdsra9l0001pc01h49cnudb 200 in 1124ms
 GET /api/goals 200 in 31ms
 GET /goals/cmbdsra9l0001pc01h49cnudb 200 in 58ms
 ✓ Compiled /api/goals/[id] in 203ms (1548 modules)
 ✓ Compiled (1550 modules)
 GET /api/investments?includeGoals=true 200 in 708ms
 GET /api/investments?includeGoals=true 200 in 69ms
 GET /api/goals/cmbdsra9l0001pc01h49cnudb 200 in 1208ms
 GET /api/goals/cmbdsra9l0001pc01h49cnudb 200 in 49ms
 ✓ Compiled in 866ms (3067 modules)
 ✓ Compiled in 723ms (3033 modules)
 ✓ Compiled in 620ms (3033 modules)
 ✓ Compiled in 584ms (3033 modules)
[?25h
