yarn run v1.22.22
$ next dev
  ▲ Next.js 14.2.28
  - Local:        http://localhost:3000
  - Environments: .env
  - Experiments (use with caution):
    · outputFileTracingRoot

 ✓ Starting...
 ✓ Ready in 1732ms
 ○ Compiling / ...
 ✓ Compiled / in 2.9s (1340 modules)
 GET / 200 in 3436ms
 ✓ Compiled in 639ms (674 modules)
 ✓ Compiled /api/dashboard in 321ms (697 modules)
Dashboard API called, testing Prisma connection...
Transaction count: 17
 GET /api/dashboard 200 in 599ms
 GET / 200 in 85ms
Dashboard API called, testing Prisma connection...
Transaction count: 17
 GET /api/dashboard 200 in 42ms
 GET / 200 in 43ms
[?25h
