yarn run v1.22.22
$ next dev
  ▲ Next.js 14.2.28
  - Local:        http://localhost:3000
  - Environments: .env
  - Experiments (use with caution):
    · outputFileTracingRoot

 ✓ Starting...
 ✓ Ready in 1701ms
 ○ Compiling / ...
 ✓ Compiled / in 3.7s (3055 modules)
 GET / 200 in 4200ms
 ✓ Compiled in 644ms (1532 modules)
 GET / 200 in 54ms
 GET / 200 in 33ms
 GET / 200 in 34ms
 ✓ Compiled /api/bills/instances in 379ms (1555 modules)
 ✓ Compiled (1557 modules)
 GET /api/bills/instances?upcoming=true 200 in 836ms
 GET /api/transactions/stats 200 in 857ms
 ✓ Compiled /api/categories in 186ms (1559 modules)
 ✓ Compiled in 1ms (1569 modules)
 ✓ Compiled in 0ms (1569 modules)
 ✓ Compiled in 0ms (1569 modules)
 GET /api/transactions?page=1&limit=20 200 in 858ms
 GET /api/goals?status=ACTIVE 200 in 1071ms
 GET /api/loans/stats 200 in 1060ms
 GET /api/loans 200 in 1003ms
 GET /api/bills/instances?upcoming=true 200 in 677ms
 GET /api/bills/instances?overdue=true 200 in 676ms
 GET /api/goals/stats 200 in 1055ms
 GET /api/categories 200 in 1011ms
 GET /api/transactions?page=1&limit=20 200 in 34ms
 GET /api/transactions/stats 200 in 37ms
 GET /api/loans/stats 200 in 44ms
 GET /api/goals?status=ACTIVE 200 in 55ms
 GET /api/loans 200 in 57ms
 GET /api/bills/instances?overdue=true 200 in 65ms
 GET /api/goals/stats 200 in 68ms
 GET /api/categories 200 in 65ms
 GET / 200 in 149ms
 GET / 200 in 34ms
 GET / 200 in 34ms
 GET /api/goals?status=ACTIVE 200 in 39ms
 GET /api/goals/stats 200 in 58ms
 GET /api/bills/instances?upcoming=true 200 in 58ms
 GET /api/transactions?page=1&limit=20 200 in 56ms
 GET /api/loans 200 in 62ms
 GET /api/transactions/stats 200 in 70ms
 GET /api/goals?status=ACTIVE 200 in 22ms
 GET /api/goals/stats 200 in 26ms
 GET /api/transactions?page=1&limit=20 200 in 31ms
 GET /api/bills/instances?upcoming=true 200 in 35ms
 GET /api/loans 200 in 35ms
 GET /api/transactions/stats 200 in 43ms
 GET /api/loans/stats 200 in 22ms
 GET /api/categories 200 in 18ms
 GET /api/loans/stats 200 in 21ms
 GET /api/categories 200 in 22ms
 GET /api/bills/instances?overdue=true 200 in 20ms
 GET /api/bills/instances?overdue=true 200 in 20ms
 ○ Compiling /goals ...
 ✓ Compiled /goals in 1225ms (3129 modules)
 GET /api/goals 200 in 33ms
 GET /api/goals/stats 200 in 34ms
 GET /api/goals 200 in 25ms
 GET /api/goals/stats 200 in 28ms
 ✓ Compiled /api/goals/contributions in 243ms (1592 modules)
 POST /api/goals/contributions 201 in 300ms
 GET /api/goals/stats 200 in 23ms
 GET /api/goals 200 in 31ms
 POST /api/goals/contributions 201 in 29ms
 GET /api/goals 200 in 25ms
 GET /api/goals/stats 200 in 29ms
 GET /api/categories 200 in 24ms
 GET / 200 in 141ms
 GET /api/goals?status=ACTIVE 200 in 65ms
 GET /api/bills/instances?upcoming=true 200 in 70ms
 GET /api/goals/stats 200 in 76ms
 GET /api/loans/stats 200 in 78ms
 GET /api/categories 200 in 84ms
 GET /api/transactions?page=1&limit=20 200 in 93ms
 GET /api/loans 200 in 93ms
 GET /api/transactions/stats 200 in 103ms
 GET /api/goals?status=ACTIVE 200 in 29ms
 GET /api/bills/instances?overdue=true 200 in 25ms
 GET /api/bills/instances?upcoming=true 200 in 36ms
 GET /api/goals/stats 200 in 36ms
 GET /api/loans/stats 200 in 36ms
 GET /api/categories 200 in 41ms
 GET /api/loans 200 in 45ms
 GET /api/transactions?page=1&limit=20 200 in 46ms
 GET /api/transactions/stats 200 in 50ms
 GET /api/bills/instances?overdue=true 200 in 19ms
 ○ Compiling /bills ...
 ✓ Compiled /bills in 692ms (3161 modules)
 ✓ Compiled /api/bills in 222ms (1610 modules)
 ✓ Compiled (1612 modules)
 GET /api/bills/instances?upcoming=true 200 in 455ms
 GET /api/bills 200 in 471ms
 GET /api/bills/stats 200 in 477ms
 GET /api/bills/instances?overdue=true 200 in 21ms
 GET /api/bills/instances?upcoming=true 200 in 28ms
 GET /api/bills 200 in 31ms
 GET /api/bills/stats 200 in 35ms
 GET /api/bills/instances?overdue=true 200 in 18ms
 GET / 200 in 84ms
 GET /api/transactions/stats 200 in 44ms
 GET /api/transactions?page=1&limit=20 200 in 56ms
 GET /api/goals/stats 200 in 64ms
 GET /api/bills/instances?upcoming=true 200 in 65ms
 GET /api/loans 200 in 75ms
 GET /api/goals?status=ACTIVE 200 in 77ms
 GET /api/loans/stats 200 in 73ms
 GET /api/categories 200 in 77ms
 GET /api/transactions/stats 200 in 27ms
 GET /api/transactions?page=1&limit=20 200 in 29ms
 GET /api/goals/stats 200 in 28ms
 GET /api/loans 200 in 20ms
 GET /api/goals?status=ACTIVE 200 in 28ms
 GET /api/loans/stats 200 in 34ms
 GET /api/bills/instances?overdue=true 200 in 31ms
 GET /api/bills/instances?upcoming=true 200 in 45ms
 GET /api/categories 200 in 36ms
 GET /api/bills/instances?overdue=true 200 in 19ms
 ✓ Compiled in 726ms (3113 modules)
 ✓ Compiled in 1082ms (3125 modules)
 ✓ Compiled in 769ms (3125 modules)
 ✓ Compiled in 1004ms (3125 modules)
 ✓ Compiled in 470ms (1565 modules)
 ✓ Compiled in 290ms (1565 modules)
 ✓ Compiled in 491ms (1565 modules)
 ✓ Compiled in 313ms (1565 modules)
 ✓ Compiled in 309ms (1565 modules)
 ✓ Compiled in 911ms (3125 modules)
 ✓ Compiled in 803ms (3125 modules)
 ✓ Compiled in 777ms (3125 modules)
 ✓ Compiled in 982ms (3171 modules)
[?25h
