yarn run v1.22.22
$ next dev
  ▲ Next.js 14.2.28
  - Local:        http://localhost:3000
  - Environments: .env
  - Experiments (use with caution):
    · outputFileTracingRoot

 ✓ Starting...
 ✓ Ready in 1709ms
 ○ Compiling / ...
 ✓ Compiled / in 2.3s (1279 modules)
 GET / 200 in 2642ms
 GET / 200 in 2808ms
 ○ Compiling /_not-found ...
 ✓ Compiled /_not-found in 862ms (1270 modules)
 GET /_next/static/webpack/b9f1cec6dea7dfb3.webpack.hot-update.json 404 in 913ms
 GET / 200 in 71ms
 ✓ Compiled /api/goals in 226ms (667 modules)
 ✓ Compiled (675 modules)
 GET / 200 in 217ms
 GET /api/investments 200 in 658ms
 GET /api/goals 200 in 672ms
 GET /api/transactions 200 in 675ms
 GET /api/loans 200 in 675ms
 GET /api/bills 200 in 677ms
 GET /api/investments 200 in 220ms
 GET /api/goals 200 in 242ms
 GET /api/transactions 200 in 253ms
 GET /api/loans 200 in 254ms
 GET /api/bills 200 in 258ms
 GET /api/transactions 200 in 47ms
 GET /api/investments 200 in 56ms
 GET /api/goals 200 in 63ms
 GET /api/bills 200 in 67ms
 GET /api/loans 200 in 58ms
 GET /api/goals 200 in 43ms
 GET /api/investments 200 in 52ms
 GET /api/transactions 200 in 50ms
 GET /api/bills 200 in 53ms
 GET /api/loans 200 in 52ms
 GET / 200 in 44ms
 GET / 200 in 44ms
 GET / 200 in 39ms
 GET /api/transactions 200 in 41ms
 GET /api/goals 200 in 45ms
 GET /api/investments 200 in 55ms
 GET /api/bills 200 in 54ms
 GET /api/loans 200 in 54ms
 GET /api/goals 200 in 41ms
 GET /api/transactions 200 in 64ms
 GET /api/bills 200 in 64ms
 GET /api/loans 200 in 55ms
 GET /api/investments 200 in 59ms
 ○ Compiling /transactions ...
 ✓ Compiled /transactions in 1344ms (3017 modules)
 ✓ Compiled /api/transactions in 262ms (1542 modules)
 GET /api/transactions 200 in 377ms
 GET /api/transactions 200 in 30ms
 ✓ Compiled /api/categories in 246ms (1544 modules)
 GET /api/categories 200 in 296ms
 GET /api/categories 200 in 28ms
 ○ Compiling /bills ...
 ✓ Compiled /bills in 800ms (3075 modules)
 ✓ Compiled /api/bills/stats in 318ms (1559 modules)
 ✓ Compiled (1561 modules)
 GET /api/bills 200 in 614ms
 GET /api/bills/stats 200 in 599ms
 GET /api/bills 200 in 34ms
 GET /api/bills/stats 200 in 34ms
 GET /api/bills?view=monthly&year=2025&month=6 200 in 55ms
 GET /api/bills/stats 200 in 38ms
 ✓ Compiled /api/bills/[id]/payment in 273ms (1563 modules)
 POST /api/bills/cmbdaetey00030x2x3ff0xk4y/payment 200 in 614ms
 GET /api/bills/stats 200 in 35ms
 GET /api/bills?view=monthly&year=2025&month=6 200 in 45ms
 ○ Compiling /goals ...
 ✓ Compiled /goals in 1295ms (3123 modules)
 ✓ Compiled /api/goals in 322ms (1587 modules)
 GET /api/goals?includeInvestments=true 200 in 381ms
 GET /api/goals?includeInvestments=true 200 in 36ms
 ○ Compiling /goals/[id] ...
 ✓ Compiled /goals/[id] in 525ms (3137 modules)
 ✓ Compiled /api/investments in 275ms (1596 modules)
 ✓ Compiled (1598 modules)
 GET /api/investments?includeGoals=true 200 in 575ms
 GET /api/goals/cmbdaewtg00070x2xka7ex370 200 in 820ms
 GET /api/investments?includeGoals=true 200 in 29ms
 GET /api/goals/cmbdaewtg00070x2xka7ex370 200 in 51ms
 ○ Compiling /investments ...
 ✓ Compiled /investments in 1090ms (3167 modules)
 GET /api/investments?includeGoals=true 200 in 69ms
 ✓ Compiled /api/investments/portfolio in 397ms (1594 modules)
 GET /api/investments?includeGoals=true 200 in 319ms
 GET /api/investments/portfolio 200 in 674ms
 GET /api/investments/portfolio 200 in 29ms
 ○ Compiling /loans ...
 ✓ Compiled /loans in 718ms (3155 modules)
 ✓ Compiled /api/loans in 412ms (1598 modules)
 GET /api/loans 200 in 471ms
 GET /api/loans 200 in 29ms
 GET /api/goals?includeInvestments=true 200 in 31ms
 GET /api/goals?includeInvestments=true 200 in 31ms
 GET /api/loans 200 in 31ms
 GET /api/loans 200 in 28ms
 ✓ Compiled /api/categories in 245ms (1584 modules)
 GET /api/categories 200 in 308ms
 GET /api/loans 200 in 37ms
 ✓ Compiled /api/transactions in 333ms (1586 modules)
 GET /api/transactions 200 in 399ms
 GET /api/loans 200 in 77ms
 GET /api/transactions 200 in 32ms
 GET /api/goals 200 in 35ms
 GET /api/investments 200 in 40ms
 ✓ Compiled /api/bills in 218ms (1588 modules)
 GET /api/bills 200 in 276ms
 GET /api/goals 200 in 48ms
 GET /api/investments 200 in 29ms
 GET /api/bills 200 in 29ms
 ✓ Compiled in 1367ms (2205 modules)
 ✓ Compiled in 510ms (1571 modules)
 ✓ Compiled in 497ms (1571 modules)
 ✓ Compiled in 571ms (1571 modules)
 ✓ Compiled in 1215ms (1596 modules)
 ✓ Compiled in 423ms (1596 modules)
 ✓ Compiled in 403ms (1596 modules)
[?25h
