 ⚠ ./components/quick-actions-bar.tsx
Attempted import error: 'AddBillDialog' is not exported from '@/components/add-bill-dialog' (imported as 'AddBillDialog').

Import trace for requested module:
./components/quick-actions-bar.tsx
./app/page.tsx

./components/quick-actions-bar.tsx
Attempted import error: 'AddInvestmentDialog' is not exported from '@/components/add-investment-dialog' (imported as 'AddInvestmentDialog').

Import trace for requested module:
./components/quick-actions-bar.tsx
./app/page.tsx

./components/quick-actions-bar.tsx
Attempted import error: 'AddBillDialog' is not exported from '@/components/add-bill-dialog' (imported as 'AddBillDialog').

Import trace for requested module:
./components/quick-actions-bar.tsx
./app/page.tsx

./components/quick-actions-bar.tsx
Attempted import error: 'AddInvestmentDialog' is not exported from '@/components/add-investment-dialog' (imported as 'AddInvestmentDialog').

Import trace for requested module:
./components/quick-actions-bar.tsx
./app/page.tsx
 ⚠ ./components/quick-actions-bar.tsx
Attempted import error: 'AddBillDialog' is not exported from '@/components/add-bill-dialog' (imported as 'AddBillDialog').

Import trace for requested module:
./components/quick-actions-bar.tsx
./app/page.tsx

./components/quick-actions-bar.tsx
Attempted import error: 'AddInvestmentDialog' is not exported from '@/components/add-investment-dialog' (imported as 'AddInvestmentDialog').

Import trace for requested module:
./components/quick-actions-bar.tsx
./app/page.tsx

./components/quick-actions-bar.tsx
Attempted import error: 'AddBillDialog' is not exported from '@/components/add-bill-dialog' (imported as 'AddBillDialog').

Import trace for requested module:
./components/quick-actions-bar.tsx
./app/page.tsx

./components/quick-actions-bar.tsx
Attempted import error: 'AddInvestmentDialog' is not exported from '@/components/add-investment-dialog' (imported as 'AddInvestmentDialog').

Import trace for requested module:
./components/quick-actions-bar.tsx
./app/page.tsx
 ⚠ ./components/quick-actions-bar.tsx
Attempted import error: 'AddBillDialog' is not exported from '@/components/add-bill-dialog' (imported as 'AddBillDialog').

Import trace for requested module:
./components/quick-actions-bar.tsx
./app/page.tsx

./components/quick-actions-bar.tsx
Attempted import error: 'AddInvestmentDialog' is not exported from '@/components/add-investment-dialog' (imported as 'AddInvestmentDialog').

Import trace for requested module:
./components/quick-actions-bar.tsx
./app/page.tsx

./components/quick-actions-bar.tsx
Attempted import error: 'AddBillDialog' is not exported from '@/components/add-bill-dialog' (imported as 'AddBillDialog').

Import trace for requested module:
./components/quick-actions-bar.tsx
./app/page.tsx

./components/quick-actions-bar.tsx
Attempted import error: 'AddInvestmentDialog' is not exported from '@/components/add-investment-dialog' (imported as 'AddInvestmentDialog').

Import trace for requested module:
./components/quick-actions-bar.tsx
./app/page.tsx
 ⚠ ./components/quick-actions-bar.tsx
Attempted import error: 'AddBillDialog' is not exported from '@/components/add-bill-dialog' (imported as 'AddBillDialog').

Import trace for requested module:
./components/quick-actions-bar.tsx
./app/page.tsx

./components/quick-actions-bar.tsx
Attempted import error: 'AddInvestmentDialog' is not exported from '@/components/add-investment-dialog' (imported as 'AddInvestmentDialog').

Import trace for requested module:
./components/quick-actions-bar.tsx
./app/page.tsx

./components/quick-actions-bar.tsx
Attempted import error: 'AddBillDialog' is not exported from '@/components/add-bill-dialog' (imported as 'AddBillDialog').

Import trace for requested module:
./components/quick-actions-bar.tsx
./app/page.tsx

./components/quick-actions-bar.tsx
Attempted import error: 'AddInvestmentDialog' is not exported from '@/components/add-investment-dialog' (imported as 'AddInvestmentDialog').

Import trace for requested module:
./components/quick-actions-bar.tsx
./app/page.tsx
