warning workspace-aggregator-fe790cf7-d6c6-4770-aefa-23e2e28e8c76 > finplanner > jest > @jest/core > @jest/transform > babel-plugin-istanbul > test-exclude > glob@7.2.3: Glob versions prior to v9 are no longer supported
error SyntaxError: /opt/hostedapp/node/yarn/cache/v6/npm-css-escape-1.5.1-42e27d4fa04ae32f931a4b4d4191fa9cddee97cb-integrity/node_modules/css.escape/package.json: Unexpected end of JSON input
    at JSON.parse (<anonymous>)
    at /usr/local/nvm/versions/node/v22.14.0/lib/node_modules/yarn/lib/cli.js:1629:59
    at Generator.next (<anonymous>)
    at step (/usr/local/nvm/versions/node/v22.14.0/lib/node_modules/yarn/lib/cli.js:310:30)
    at /usr/local/nvm/versions/node/v22.14.0/lib/node_modules/yarn/lib/cli.js:321:13
 тип Failed to start server
Error: listen EADDRINUSE: address already in use :::3000
    at Server.setupListenHandle [as _listen2] (node:net:1937:16)
    at listenInCluster (node:net:1994:12)
    at Server.listen (node:net:2099:7)
    at /home/ubuntu/moneymitra/node_modules/next/dist/server/lib/start-server.js:280:16
    at new Promise (<anonymous>)
    at startServer (/home/ubuntu/moneymitra/node_modules/next/dist/server/lib/start-server.js:191:11)
    at /home/ubuntu/moneymitra/node_modules/next/dist/server/lib/start-server.js:310:52
    at Span.traceAsyncFn (/home/ubuntu/moneymitra/node_modules/next/dist/trace/trace.js:154:26)
    at process.<anonymous> (/home/ubuntu/moneymitra/node_modules/next/dist/server/lib/start-server.js:310:35)
    at process.emit (node:events:518:28) {
  code: 'EADDRINUSE',
  errno: -98,
  syscall: 'listen',
  address: '::',
  port: 3000
}
