yarn run v1.22.22
$ next dev
  ▲ Next.js 14.2.28
  - Local:        http://localhost:3000
  - Environments: .env
  - Experiments (use with caution):
    · outputFileTracingRoot

 ✓ Starting...
 ✓ Ready in 1624ms
 ○ Compiling / ...
 ✓ Compiled / in 2.7s (1432 modules)
 GET / 200 in 3231ms
 GET / 200 in 3306ms
 ✓ Compiled in 640ms (720 modules)
 GET / 200 in 47ms
 GET / 200 in 37ms
 GET / 200 in 43ms
 GET / 200 in 49ms
 GET / 200 in 51ms
 GET / 200 in 39ms
 GET / 200 in 40ms
 GET / 200 in 40ms
 ✓ Compiled /api/dashboard in 220ms (743 modules)
Dashboard API called, testing Prisma connection...
Transaction count: 17
 GET /api/dashboard 200 in 450ms
Dashboard API called, testing Prisma connection...
Transaction count: 17
 GET /api/dashboard 200 in 39ms
 ○ Compiling /transactions ...
 ✓ Compiled /transactions in 1565ms (3195 modules)
 ✓ Compiled /api/transactions/analytics in 383ms (1619 modules)
 ✓ Compiled (1621 modules)
 GET /api/transactions/summary?year=2025&month=6&_t=1748781113125 200 in 722ms
 GET /api/transactions/analytics?year=2025&month=6&_t=1748781113125 200 in 735ms
 ✓ Compiled /api/categories in 176ms (1623 modules)
 ✓ Compiled (1625 modules)
 GET /api/transactions?page=1&limit=20&sortBy=date&sortOrder=desc&year=2025&month=6 200 in 415ms
 GET /api/categories 200 in 359ms
 GET /api/transactions/summary?year=2025&month=6&_t=1748781113126 200 in 358ms
 GET /api/transactions/analytics?year=2025&month=6&_t=1748781113126 200 in 389ms
 GET /api/transactions?page=1&limit=20&sortBy=date&sortOrder=desc&year=2025&month=6 200 in 35ms
 GET /api/categories 200 in 39ms
Dashboard API called, testing Prisma connection...
Transaction count: 17
 GET /api/dashboard 200 in 117ms
Dashboard API called, testing Prisma connection...
Transaction count: 17
 GET /api/dashboard 200 in 36ms
 GET /api/transactions/analytics?year=2025&month=6&_t=1748781219990 200 in 44ms
 GET /api/transactions?page=1&limit=20&sortBy=date&sortOrder=desc&year=2025&month=6 200 in 36ms
 GET /api/transactions/summary?year=2025&month=6&_t=1748781219990 200 in 47ms
 GET /api/transactions/summary?year=2025&month=6&_t=1748781219991 200 in 48ms
 GET /api/categories 200 in 42ms
 GET /api/transactions/analytics?year=2025&month=6&_t=1748781219991 200 in 66ms
 GET /api/transactions?page=1&limit=20&sortBy=date&sortOrder=desc&year=2025&month=6 200 in 26ms
 GET /api/categories 200 in 26ms
Dashboard API called, testing Prisma connection...
Transaction count: 17
 GET /api/dashboard 200 in 35ms
Dashboard API called, testing Prisma connection...
Transaction count: 17
 GET /api/dashboard 200 in 35ms
Dashboard API called, testing Prisma connection...
Transaction count: 17
 GET /api/dashboard 200 in 54ms
 GET /api/transactions/analytics?year=2025&month=1 200 in 65ms
[?25h
