yarn run v1.22.22
$ next dev
  ▲ Next.js 14.2.28
  - Local:        http://localhost:3000
  - Environments: .env
  - Experiments (use with caution):
    · outputFileTracingRoot

 ✓ Starting...
 ✓ Ready in 1675ms
 ○ Compiling /transactions ...
 ✓ Compiled /transactions in 3.6s (3124 modules)
 GET /transactions 200 in 4232ms
 ✓ Compiled in 764ms (1566 modules)
 ✓ Compiled /api/health in 421ms (1590 modules)
 GET /api/health 200 in 650ms
 GET /transactions 200 in 103ms
 GET /transactions 200 in 50ms
 ✓ Compiled /api/transactions in 346ms (1592 modules)
 ✓ Compiled (1598 modules)
 GET /api/transactions/summary?year=2025&month=6&_t=1748783029775 200 in 891ms
 GET /api/transactions?page=1&limit=20&sortBy=date&sortOrder=desc&year=2025&month=6 200 in 924ms
 GET /api/transactions/summary?year=2025&month=6&_t=1748783029768 200 in 926ms
 GET /api/categories 200 in 925ms
 GET /api/transactions/analytics?year=2025&month=6&_t=1748783029769 200 in 968ms
 GET /api/transactions/analytics?year=2025&month=6&_t=1748783029775 200 in 960ms
 GET /api/transactions?page=1&limit=20&sortBy=date&sortOrder=desc&year=2025&month=6 200 in 56ms
 GET /api/categories 200 in 65ms
 GET /transactions 200 in 73ms
 GET /api/transactions?year=2025&month=6&limit=10 200 in 30ms
 GET /api/transactions?year=2025&month=6 200 in 28ms
 ✓ Compiled in 742ms (3162 modules)
[?25h
