yarn run v1.22.22
$ next dev
  ▲ Next.js 14.2.28
  - Local:        http://localhost:3000
  - Environments: .env
  - Experiments (use with caution):
    · outputFileTracingRoot

 ✓ Starting...
 ✓ Ready in 1841ms
 ○ Compiling / ...
 ✓ Compiled / in 2.9s (1432 modules)
 GET / 200 in 3405ms
 ✓ Compiled in 629ms (720 modules)
 ✓ Compiled /api/dashboard in 294ms (743 modules)
Dashboard API called, testing Prisma connection...
Transaction count: 17
 GET /api/dashboard 200 in 522ms
 GET / 200 in 114ms
Dashboard API called, testing Prisma connection...
Transaction count: 17
 GET /api/dashboard 200 in 63ms
Dashboard API called, testing Prisma connection...
Transaction count: 17
 GET /api/dashboard 200 in 65ms
[?25h
