 ⚠ ./app/api/investments/route.ts
Attempted import error: 'db' is not exported from '@/lib/db' (imported as 'db').

Import trace for requested module:
./app/api/investments/route.ts

./app/api/investments/route.ts
Attempted import error: 'db' is not exported from '@/lib/db' (imported as 'db').

Import trace for requested module:
./app/api/investments/route.ts

./app/api/investments/route.ts
Attempted import error: 'db' is not exported from '@/lib/db' (imported as 'db').

Import trace for requested module:
./app/api/investments/route.ts
Error fetching investments: TypeError: Cannot read properties of undefined (reading 'investment')
    at GET (/home/ubuntu/moneymitra/app/.next/server/app/api/investments/route.js:124:75)
    at /opt/hostedapp/node/root/node_modules/next/dist/compiled/next-server/app-route.runtime.dev.js:6:57234
    at /opt/hostedapp/node/root/node_modules/next/dist/server/lib/trace/tracer.js:140:36
    at NoopContextManager.with (/opt/hostedapp/node/root/node_modules/next/dist/compiled/@opentelemetry/api/index.js:1:7062)
    at ContextAPI.with (/opt/hostedapp/node/root/node_modules/next/dist/compiled/@opentelemetry/api/index.js:1:518)
    at NoopTracer.startActiveSpan (/opt/hostedapp/node/root/node_modules/next/dist/compiled/@opentelemetry/api/index.js:1:18093)
    at ProxyTracer.startActiveSpan (/opt/hostedapp/node/root/node_modules/next/dist/compiled/@opentelemetry/api/index.js:1:18854)
    at /opt/hostedapp/node/root/node_modules/next/dist/server/lib/trace/tracer.js:122:103
    at NoopContextManager.with (/opt/hostedapp/node/root/node_modules/next/dist/compiled/@opentelemetry/api/index.js:1:7062)
    at ContextAPI.with (/opt/hostedapp/node/root/node_modules/next/dist/compiled/@opentelemetry/api/index.js:1:518)
    at NextTracerImpl.trace (/opt/hostedapp/node/root/node_modules/next/dist/server/lib/trace/tracer.js:122:28)
    at /opt/hostedapp/node/root/node_modules/next/dist/compiled/next-server/app-route.runtime.dev.js:6:48896
    at AsyncLocalStorage.run (node:internal/async_local_storage/async_hooks:91:14)
    at Object.wrap (/opt/hostedapp/node/root/node_modules/next/dist/compiled/next-server/app-route.runtime.dev.js:6:40958)
    at /opt/hostedapp/node/root/node_modules/next/dist/compiled/next-server/app-route.runtime.dev.js:6:47472
    at AsyncLocalStorage.run (node:internal/async_local_storage/async_hooks:91:14)
    at Object.wrap (/opt/hostedapp/node/root/node_modules/next/dist/compiled/next-server/app-route.runtime.dev.js:6:38293)
    at /opt/hostedapp/node/root/node_modules/next/dist/compiled/next-server/app-route.runtime.dev.js:6:47434
    at AsyncLocalStorage.run (node:internal/async_local_storage/async_hooks:91:14)
    at eT.execute (/opt/hostedapp/node/root/node_modules/next/dist/compiled/next-server/app-route.runtime.dev.js:6:46881)
    at eT.handle (/opt/hostedapp/node/root/node_modules/next/dist/compiled/next-server/app-route.runtime.dev.js:6:58771)
    at doRender (/opt/hostedapp/node/root/node_modules/next/dist/server/base-server.js:1366:60)
    at cacheEntry.responseCache.get.routeKind (/opt/hostedapp/node/root/node_modules/next/dist/server/base-server.js:1588:34)
    at ResponseCache.get (/opt/hostedapp/node/root/node_modules/next/dist/server/response-cache/index.js:49:26)
    at DevServer.renderToResponseWithComponentsImpl (/opt/hostedapp/node/root/node_modules/next/dist/server/base-server.js:1496:53)
    at /opt/hostedapp/node/root/node_modules/next/dist/server/base-server.js:1014:121
    at NextTracerImpl.trace (/opt/hostedapp/node/root/node_modules/next/dist/server/lib/trace/tracer.js:105:20)
    at DevServer.renderToResponseWithComponents (/opt/hostedapp/node/root/node_modules/next/dist/server/base-server.js:1014:41)
    at DevServer.renderPageComponent (/opt/hostedapp/node/root/node_modules/next/dist/server/base-server.js:1924:35)
    at async DevServer.renderToResponseImpl (/opt/hostedapp/node/root/node_modules/next/dist/server/base-server.js:1962:32)
    at async DevServer.pipeImpl (/opt/hostedapp/node/root/node_modules/next/dist/server/base-server.js:922:25)
    at async NextNodeServer.handleCatchallRenderRequest (/opt/hostedapp/node/root/node_modules/next/dist/server/next-server.js:272:17)
    at async DevServer.handleRequestImpl (/opt/hostedapp/node/root/node_modules/next/dist/server/base-server.js:818:17)
    at async /opt/hostedapp/node/root/node_modules/next/dist/server/dev/next-dev-server.js:339:20
    at async Span.traceAsyncFn (/opt/hostedapp/node/root/node_modules/next/dist/trace/trace.js:154:20)
    at async DevServer.handleRequest (/opt/hostedapp/node/root/node_modules/next/dist/server/dev/next-dev-server.js:336:24)
    at async invokeRender (/opt/hostedapp/node/root/node_modules/next/dist/server/lib/router-server.js:178:21)
    at async handleRequest (/opt/hostedapp/node/root/node_modules/next/dist/server/lib/router-server.js:355:24)
    at async requestHandlerImpl (/opt/hostedapp/node/root/node_modules/next/dist/server/lib/router-server.js:379:13)
    at async Server.requestListener (/opt/hostedapp/node/root/node_modules/next/dist/server/lib/start-server.js:141:13)
Error fetching investments: TypeError: Cannot read properties of undefined (reading 'investment')
    at GET (/home/ubuntu/moneymitra/app/.next/server/app/api/investments/route.js:124:75)
    at /opt/hostedapp/node/root/node_modules/next/dist/compiled/next-server/app-route.runtime.dev.js:6:57234
    at /opt/hostedapp/node/root/node_modules/next/dist/server/lib/trace/tracer.js:140:36
    at NoopContextManager.with (/opt/hostedapp/node/root/node_modules/next/dist/compiled/@opentelemetry/api/index.js:1:7062)
    at ContextAPI.with (/opt/hostedapp/node/root/node_modules/next/dist/compiled/@opentelemetry/api/index.js:1:518)
    at NoopTracer.startActiveSpan (/opt/hostedapp/node/root/node_modules/next/dist/compiled/@opentelemetry/api/index.js:1:18093)
    at ProxyTracer.startActiveSpan (/opt/hostedapp/node/root/node_modules/next/dist/compiled/@opentelemetry/api/index.js:1:18854)
    at /opt/hostedapp/node/root/node_modules/next/dist/server/lib/trace/tracer.js:122:103
    at NoopContextManager.with (/opt/hostedapp/node/root/node_modules/next/dist/compiled/@opentelemetry/api/index.js:1:7062)
    at ContextAPI.with (/opt/hostedapp/node/root/node_modules/next/dist/compiled/@opentelemetry/api/index.js:1:518)
    at NextTracerImpl.trace (/opt/hostedapp/node/root/node_modules/next/dist/server/lib/trace/tracer.js:122:28)
    at /opt/hostedapp/node/root/node_modules/next/dist/compiled/next-server/app-route.runtime.dev.js:6:48896
    at AsyncLocalStorage.run (node:internal/async_local_storage/async_hooks:91:14)
    at Object.wrap (/opt/hostedapp/node/root/node_modules/next/dist/compiled/next-server/app-route.runtime.dev.js:6:40958)
    at /opt/hostedapp/node/root/node_modules/next/dist/compiled/next-server/app-route.runtime.dev.js:6:47472
    at AsyncLocalStorage.run (node:internal/async_local_storage/async_hooks:91:14)
    at Object.wrap (/opt/hostedapp/node/root/node_modules/next/dist/compiled/next-server/app-route.runtime.dev.js:6:38293)
    at /opt/hostedapp/node/root/node_modules/next/dist/compiled/next-server/app-route.runtime.dev.js:6:47434
    at AsyncLocalStorage.run (node:internal/async_local_storage/async_hooks:91:14)
    at eT.execute (/opt/hostedapp/node/root/node_modules/next/dist/compiled/next-server/app-route.runtime.dev.js:6:46881)
    at eT.handle (/opt/hostedapp/node/root/node_modules/next/dist/compiled/next-server/app-route.runtime.dev.js:6:58771)
    at doRender (/opt/hostedapp/node/root/node_modules/next/dist/server/base-server.js:1366:60)
    at cacheEntry.responseCache.get.routeKind (/opt/hostedapp/node/root/node_modules/next/dist/server/base-server.js:1588:34)
    at ResponseCache.get (/opt/hostedapp/node/root/node_modules/next/dist/server/response-cache/index.js:49:26)
    at DevServer.renderToResponseWithComponentsImpl (/opt/hostedapp/node/root/node_modules/next/dist/server/base-server.js:1496:53)
    at /opt/hostedapp/node/root/node_modules/next/dist/server/base-server.js:1014:121
    at NextTracerImpl.trace (/opt/hostedapp/node/root/node_modules/next/dist/server/lib/trace/tracer.js:105:20)
    at DevServer.renderToResponseWithComponents (/opt/hostedapp/node/root/node_modules/next/dist/server/base-server.js:1014:41)
    at DevServer.renderPageComponent (/opt/hostedapp/node/root/node_modules/next/dist/server/base-server.js:1924:35)
    at async DevServer.renderToResponseImpl (/opt/hostedapp/node/root/node_modules/next/dist/server/base-server.js:1962:32)
    at async DevServer.pipeImpl (/opt/hostedapp/node/root/node_modules/next/dist/server/base-server.js:922:25)
    at async NextNodeServer.handleCatchallRenderRequest (/opt/hostedapp/node/root/node_modules/next/dist/server/next-server.js:272:17)
    at async DevServer.handleRequestImpl (/opt/hostedapp/node/root/node_modules/next/dist/server/base-server.js:818:17)
    at async /opt/hostedapp/node/root/node_modules/next/dist/server/dev/next-dev-server.js:339:20
    at async Span.traceAsyncFn (/opt/hostedapp/node/root/node_modules/next/dist/trace/trace.js:154:20)
    at async DevServer.handleRequest (/opt/hostedapp/node/root/node_modules/next/dist/server/dev/next-dev-server.js:336:24)
    at async invokeRender (/opt/hostedapp/node/root/node_modules/next/dist/server/lib/router-server.js:178:21)
    at async handleRequest (/opt/hostedapp/node/root/node_modules/next/dist/server/lib/router-server.js:355:24)
    at async requestHandlerImpl (/opt/hostedapp/node/root/node_modules/next/dist/server/lib/router-server.js:379:13)
    at async Server.requestListener (/opt/hostedapp/node/root/node_modules/next/dist/server/lib/start-server.js:141:13)
Error creating investment: TypeError: Cannot read properties of undefined (reading 'investment')
    at POST (/home/ubuntu/moneymitra/app/.next/server/app/api/investments/route.js:174:74)
    at process.processTicksAndRejections (node:internal/process/task_queues:105:5)
    at async /opt/hostedapp/node/root/node_modules/next/dist/compiled/next-server/app-route.runtime.dev.js:6:57228
    at async eT.execute (/opt/hostedapp/node/root/node_modules/next/dist/compiled/next-server/app-route.runtime.dev.js:6:46851)
    at async eT.handle (/opt/hostedapp/node/root/node_modules/next/dist/compiled/next-server/app-route.runtime.dev.js:6:58760)
    at async doRender (/opt/hostedapp/node/root/node_modules/next/dist/server/base-server.js:1366:42)
    at async cacheEntry.responseCache.get.routeKind (/opt/hostedapp/node/root/node_modules/next/dist/server/base-server.js:1588:28)
    at async DevServer.renderToResponseWithComponentsImpl (/opt/hostedapp/node/root/node_modules/next/dist/server/base-server.js:1496:28)
    at async DevServer.renderPageComponent (/opt/hostedapp/node/root/node_modules/next/dist/server/base-server.js:1924:24)
    at async DevServer.renderToResponseImpl (/opt/hostedapp/node/root/node_modules/next/dist/server/base-server.js:1962:32)
    at async DevServer.pipeImpl (/opt/hostedapp/node/root/node_modules/next/dist/server/base-server.js:922:25)
    at async NextNodeServer.handleCatchallRenderRequest (/opt/hostedapp/node/root/node_modules/next/dist/server/next-server.js:272:17)
    at async DevServer.handleRequestImpl (/opt/hostedapp/node/root/node_modules/next/dist/server/base-server.js:818:17)
    at async /opt/hostedapp/node/root/node_modules/next/dist/server/dev/next-dev-server.js:339:20
    at async Span.traceAsyncFn (/opt/hostedapp/node/root/node_modules/next/dist/trace/trace.js:154:20)
    at async DevServer.handleRequest (/opt/hostedapp/node/root/node_modules/next/dist/server/dev/next-dev-server.js:336:24)
    at async invokeRender (/opt/hostedapp/node/root/node_modules/next/dist/server/lib/router-server.js:178:21)
    at async handleRequest (/opt/hostedapp/node/root/node_modules/next/dist/server/lib/router-server.js:355:24)
    at async requestHandlerImpl (/opt/hostedapp/node/root/node_modules/next/dist/server/lib/router-server.js:379:13)
    at async Server.requestListener (/opt/hostedapp/node/root/node_modules/next/dist/server/lib/start-server.js:141:13)
 ⚠ ./app/api/investments/route.ts
Attempted import error: 'db' is not exported from '@/lib/db' (imported as 'db').

Import trace for requested module:
./app/api/investments/route.ts

./app/api/investments/route.ts
Attempted import error: 'db' is not exported from '@/lib/db' (imported as 'db').

Import trace for requested module:
./app/api/investments/route.ts

./app/api/investments/route.ts
Attempted import error: 'db' is not exported from '@/lib/db' (imported as 'db').

Import trace for requested module:
./app/api/investments/route.ts
 ⚠ ./app/api/investments/route.ts
Attempted import error: 'db' is not exported from '@/lib/db' (imported as 'db').

Import trace for requested module:
./app/api/investments/route.ts

./app/api/investments/route.ts
Attempted import error: 'db' is not exported from '@/lib/db' (imported as 'db').

Import trace for requested module:
./app/api/investments/route.ts

./app/api/investments/route.ts
Attempted import error: 'db' is not exported from '@/lib/db' (imported as 'db').

Import trace for requested module:
./app/api/investments/route.ts
 ⚠ ./app/api/investments/route.ts
Attempted import error: 'db' is not exported from '@/lib/db' (imported as 'db').

Import trace for requested module:
./app/api/investments/route.ts

./app/api/investments/route.ts
Attempted import error: 'db' is not exported from '@/lib/db' (imported as 'db').

Import trace for requested module:
./app/api/investments/route.ts

./app/api/investments/route.ts
Attempted import error: 'db' is not exported from '@/lib/db' (imported as 'db').

Import trace for requested module:
./app/api/investments/route.ts
 ⚠ ./app/api/investments/route.ts
Attempted import error: 'db' is not exported from '@/lib/db' (imported as 'db').

Import trace for requested module:
./app/api/investments/route.ts

./app/api/investments/route.ts
Attempted import error: 'db' is not exported from '@/lib/db' (imported as 'db').

Import trace for requested module:
./app/api/investments/route.ts

./app/api/investments/route.ts
Attempted import error: 'db' is not exported from '@/lib/db' (imported as 'db').

Import trace for requested module:
./app/api/investments/route.ts
 ⚠ ./app/api/investments/route.ts
Attempted import error: 'db' is not exported from '@/lib/db' (imported as 'db').

Import trace for requested module:
./app/api/investments/route.ts

./app/api/investments/route.ts
Attempted import error: 'db' is not exported from '@/lib/db' (imported as 'db').

Import trace for requested module:
./app/api/investments/route.ts

./app/api/investments/route.ts
Attempted import error: 'db' is not exported from '@/lib/db' (imported as 'db').

Import trace for requested module:
./app/api/investments/route.ts
 ⚠ ./app/api/investments/route.ts
Attempted import error: 'db' is not exported from '@/lib/db' (imported as 'db').

Import trace for requested module:
./app/api/investments/route.ts

./app/api/investments/route.ts
Attempted import error: 'db' is not exported from '@/lib/db' (imported as 'db').

Import trace for requested module:
./app/api/investments/route.ts

./app/api/investments/route.ts
Attempted import error: 'db' is not exported from '@/lib/db' (imported as 'db').

Import trace for requested module:
./app/api/investments/route.ts
Error fetching investments: TypeError: Cannot read properties of undefined (reading 'investment')
    at GET (/home/ubuntu/moneymitra/app/.next/server/app/api/investments/route.js:124:75)
    at /opt/hostedapp/node/root/node_modules/next/dist/compiled/next-server/app-route.runtime.dev.js:6:57234
    at /opt/hostedapp/node/root/node_modules/next/dist/server/lib/trace/tracer.js:140:36
    at NoopContextManager.with (/opt/hostedapp/node/root/node_modules/next/dist/compiled/@opentelemetry/api/index.js:1:7062)
    at ContextAPI.with (/opt/hostedapp/node/root/node_modules/next/dist/compiled/@opentelemetry/api/index.js:1:518)
    at NoopTracer.startActiveSpan (/opt/hostedapp/node/root/node_modules/next/dist/compiled/@opentelemetry/api/index.js:1:18093)
    at ProxyTracer.startActiveSpan (/opt/hostedapp/node/root/node_modules/next/dist/compiled/@opentelemetry/api/index.js:1:18854)
    at /opt/hostedapp/node/root/node_modules/next/dist/server/lib/trace/tracer.js:122:103
    at NoopContextManager.with (/opt/hostedapp/node/root/node_modules/next/dist/compiled/@opentelemetry/api/index.js:1:7062)
    at ContextAPI.with (/opt/hostedapp/node/root/node_modules/next/dist/compiled/@opentelemetry/api/index.js:1:518)
    at NextTracerImpl.trace (/opt/hostedapp/node/root/node_modules/next/dist/server/lib/trace/tracer.js:122:28)
    at /opt/hostedapp/node/root/node_modules/next/dist/compiled/next-server/app-route.runtime.dev.js:6:48896
    at AsyncLocalStorage.run (node:internal/async_local_storage/async_hooks:91:14)
    at Object.wrap (/opt/hostedapp/node/root/node_modules/next/dist/compiled/next-server/app-route.runtime.dev.js:6:40958)
    at /opt/hostedapp/node/root/node_modules/next/dist/compiled/next-server/app-route.runtime.dev.js:6:47472
    at AsyncLocalStorage.run (node:internal/async_local_storage/async_hooks:91:14)
    at Object.wrap (/opt/hostedapp/node/root/node_modules/next/dist/compiled/next-server/app-route.runtime.dev.js:6:38293)
    at /opt/hostedapp/node/root/node_modules/next/dist/compiled/next-server/app-route.runtime.dev.js:6:47434
    at AsyncLocalStorage.run (node:internal/async_local_storage/async_hooks:91:14)
    at eT.execute (/opt/hostedapp/node/root/node_modules/next/dist/compiled/next-server/app-route.runtime.dev.js:6:46881)
    at eT.handle (/opt/hostedapp/node/root/node_modules/next/dist/compiled/next-server/app-route.runtime.dev.js:6:58771)
    at doRender (/opt/hostedapp/node/root/node_modules/next/dist/server/base-server.js:1366:60)
    at cacheEntry.responseCache.get.routeKind (/opt/hostedapp/node/root/node_modules/next/dist/server/base-server.js:1588:34)
    at ResponseCache.get (/opt/hostedapp/node/root/node_modules/next/dist/server/response-cache/index.js:49:26)
    at DevServer.renderToResponseWithComponentsImpl (/opt/hostedapp/node/root/node_modules/next/dist/server/base-server.js:1496:53)
    at /opt/hostedapp/node/root/node_modules/next/dist/server/base-server.js:1014:121
    at NextTracerImpl.trace (/opt/hostedapp/node/root/node_modules/next/dist/server/lib/trace/tracer.js:105:20)
    at DevServer.renderToResponseWithComponents (/opt/hostedapp/node/root/node_modules/next/dist/server/base-server.js:1014:41)
    at DevServer.renderPageComponent (/opt/hostedapp/node/root/node_modules/next/dist/server/base-server.js:1924:35)
    at async DevServer.renderToResponseImpl (/opt/hostedapp/node/root/node_modules/next/dist/server/base-server.js:1962:32)
    at async DevServer.pipeImpl (/opt/hostedapp/node/root/node_modules/next/dist/server/base-server.js:922:25)
    at async NextNodeServer.handleCatchallRenderRequest (/opt/hostedapp/node/root/node_modules/next/dist/server/next-server.js:272:17)
    at async DevServer.handleRequestImpl (/opt/hostedapp/node/root/node_modules/next/dist/server/base-server.js:818:17)
    at async /opt/hostedapp/node/root/node_modules/next/dist/server/dev/next-dev-server.js:339:20
    at async Span.traceAsyncFn (/opt/hostedapp/node/root/node_modules/next/dist/trace/trace.js:154:20)
    at async DevServer.handleRequest (/opt/hostedapp/node/root/node_modules/next/dist/server/dev/next-dev-server.js:336:24)
    at async invokeRender (/opt/hostedapp/node/root/node_modules/next/dist/server/lib/router-server.js:178:21)
    at async handleRequest (/opt/hostedapp/node/root/node_modules/next/dist/server/lib/router-server.js:355:24)
    at async requestHandlerImpl (/opt/hostedapp/node/root/node_modules/next/dist/server/lib/router-server.js:379:13)
    at async Server.requestListener (/opt/hostedapp/node/root/node_modules/next/dist/server/lib/start-server.js:141:13)
 ⚠ ./app/api/investments/portfolio/route.ts
Attempted import error: 'db' is not exported from '@/lib/db' (imported as 'db').

Import trace for requested module:
./app/api/investments/portfolio/route.ts

./app/api/investments/route.ts
Attempted import error: 'db' is not exported from '@/lib/db' (imported as 'db').

Import trace for requested module:
./app/api/investments/route.ts

./app/api/investments/route.ts
Attempted import error: 'db' is not exported from '@/lib/db' (imported as 'db').

Import trace for requested module:
./app/api/investments/route.ts

./app/api/investments/route.ts
Attempted import error: 'db' is not exported from '@/lib/db' (imported as 'db').

Import trace for requested module:
./app/api/investments/route.ts
 ⚠ ./app/api/investments/portfolio/route.ts
Attempted import error: 'db' is not exported from '@/lib/db' (imported as 'db').

Import trace for requested module:
./app/api/investments/portfolio/route.ts

./app/api/investments/route.ts
Attempted import error: 'db' is not exported from '@/lib/db' (imported as 'db').

Import trace for requested module:
./app/api/investments/route.ts

./app/api/investments/route.ts
Attempted import error: 'db' is not exported from '@/lib/db' (imported as 'db').

Import trace for requested module:
./app/api/investments/route.ts

./app/api/investments/route.ts
Attempted import error: 'db' is not exported from '@/lib/db' (imported as 'db').

Import trace for requested module:
./app/api/investments/route.ts
 ⚠ ./app/api/investments/portfolio/route.ts
Attempted import error: 'db' is not exported from '@/lib/db' (imported as 'db').

Import trace for requested module:
./app/api/investments/portfolio/route.ts

./app/api/investments/route.ts
Attempted import error: 'db' is not exported from '@/lib/db' (imported as 'db').

Import trace for requested module:
./app/api/investments/route.ts

./app/api/investments/route.ts
Attempted import error: 'db' is not exported from '@/lib/db' (imported as 'db').

Import trace for requested module:
./app/api/investments/route.ts

./app/api/investments/route.ts
Attempted import error: 'db' is not exported from '@/lib/db' (imported as 'db').

Import trace for requested module:
./app/api/investments/route.ts
Error fetching portfolio data: TypeError: Cannot read properties of undefined (reading 'investment')
    at GET (/home/ubuntu/moneymitra/app/.next/server/app/api/investments/portfolio/route.js:113:75)
    at /opt/hostedapp/node/root/node_modules/next/dist/compiled/next-server/app-route.runtime.dev.js:6:57234
    at /opt/hostedapp/node/root/node_modules/next/dist/server/lib/trace/tracer.js:140:36
    at NoopContextManager.with (/opt/hostedapp/node/root/node_modules/next/dist/compiled/@opentelemetry/api/index.js:1:7062)
    at ContextAPI.with (/opt/hostedapp/node/root/node_modules/next/dist/compiled/@opentelemetry/api/index.js:1:518)
    at NoopTracer.startActiveSpan (/opt/hostedapp/node/root/node_modules/next/dist/compiled/@opentelemetry/api/index.js:1:18093)
    at ProxyTracer.startActiveSpan (/opt/hostedapp/node/root/node_modules/next/dist/compiled/@opentelemetry/api/index.js:1:18854)
    at /opt/hostedapp/node/root/node_modules/next/dist/server/lib/trace/tracer.js:122:103
    at NoopContextManager.with (/opt/hostedapp/node/root/node_modules/next/dist/compiled/@opentelemetry/api/index.js:1:7062)
    at ContextAPI.with (/opt/hostedapp/node/root/node_modules/next/dist/compiled/@opentelemetry/api/index.js:1:518)
    at NextTracerImpl.trace (/opt/hostedapp/node/root/node_modules/next/dist/server/lib/trace/tracer.js:122:28)
    at /opt/hostedapp/node/root/node_modules/next/dist/compiled/next-server/app-route.runtime.dev.js:6:48896
    at AsyncLocalStorage.run (node:internal/async_local_storage/async_hooks:91:14)
    at Object.wrap (/opt/hostedapp/node/root/node_modules/next/dist/compiled/next-server/app-route.runtime.dev.js:6:40958)
    at /opt/hostedapp/node/root/node_modules/next/dist/compiled/next-server/app-route.runtime.dev.js:6:47472
    at AsyncLocalStorage.run (node:internal/async_local_storage/async_hooks:91:14)
    at Object.wrap (/opt/hostedapp/node/root/node_modules/next/dist/compiled/next-server/app-route.runtime.dev.js:6:38293)
    at /opt/hostedapp/node/root/node_modules/next/dist/compiled/next-server/app-route.runtime.dev.js:6:47434
    at AsyncLocalStorage.run (node:internal/async_local_storage/async_hooks:91:14)
    at eT.execute (/opt/hostedapp/node/root/node_modules/next/dist/compiled/next-server/app-route.runtime.dev.js:6:46881)
    at eT.handle (/opt/hostedapp/node/root/node_modules/next/dist/compiled/next-server/app-route.runtime.dev.js:6:58771)
    at doRender (/opt/hostedapp/node/root/node_modules/next/dist/server/base-server.js:1366:60)
    at cacheEntry.responseCache.get.routeKind (/opt/hostedapp/node/root/node_modules/next/dist/server/base-server.js:1588:34)
    at ResponseCache.get (/opt/hostedapp/node/root/node_modules/next/dist/server/response-cache/index.js:49:26)
    at DevServer.renderToResponseWithComponentsImpl (/opt/hostedapp/node/root/node_modules/next/dist/server/base-server.js:1496:53)
    at /opt/hostedapp/node/root/node_modules/next/dist/server/base-server.js:1014:121
    at NextTracerImpl.trace (/opt/hostedapp/node/root/node_modules/next/dist/server/lib/trace/tracer.js:105:20)
    at DevServer.renderToResponseWithComponents (/opt/hostedapp/node/root/node_modules/next/dist/server/base-server.js:1014:41)
    at DevServer.renderPageComponent (/opt/hostedapp/node/root/node_modules/next/dist/server/base-server.js:1924:35)
    at async DevServer.renderToResponseImpl (/opt/hostedapp/node/root/node_modules/next/dist/server/base-server.js:1962:32)
    at async DevServer.pipeImpl (/opt/hostedapp/node/root/node_modules/next/dist/server/base-server.js:922:25)
    at async NextNodeServer.handleCatchallRenderRequest (/opt/hostedapp/node/root/node_modules/next/dist/server/next-server.js:272:17)
    at async DevServer.handleRequestImpl (/opt/hostedapp/node/root/node_modules/next/dist/server/base-server.js:818:17)
    at async /opt/hostedapp/node/root/node_modules/next/dist/server/dev/next-dev-server.js:339:20
    at async Span.traceAsyncFn (/opt/hostedapp/node/root/node_modules/next/dist/trace/trace.js:154:20)
    at async DevServer.handleRequest (/opt/hostedapp/node/root/node_modules/next/dist/server/dev/next-dev-server.js:336:24)
    at async invokeRender (/opt/hostedapp/node/root/node_modules/next/dist/server/lib/router-server.js:178:21)
    at async handleRequest (/opt/hostedapp/node/root/node_modules/next/dist/server/lib/router-server.js:355:24)
    at async requestHandlerImpl (/opt/hostedapp/node/root/node_modules/next/dist/server/lib/router-server.js:379:13)
    at async Server.requestListener (/opt/hostedapp/node/root/node_modules/next/dist/server/lib/start-server.js:141:13)
Error fetching investments: TypeError: Cannot read properties of undefined (reading 'investment')
    at GET (/home/ubuntu/moneymitra/app/.next/server/app/api/investments/route.js:124:75)
    at /opt/hostedapp/node/root/node_modules/next/dist/compiled/next-server/app-route.runtime.dev.js:6:57234
    at /opt/hostedapp/node/root/node_modules/next/dist/server/lib/trace/tracer.js:140:36
    at NoopContextManager.with (/opt/hostedapp/node/root/node_modules/next/dist/compiled/@opentelemetry/api/index.js:1:7062)
    at ContextAPI.with (/opt/hostedapp/node/root/node_modules/next/dist/compiled/@opentelemetry/api/index.js:1:518)
    at NoopTracer.startActiveSpan (/opt/hostedapp/node/root/node_modules/next/dist/compiled/@opentelemetry/api/index.js:1:18093)
    at ProxyTracer.startActiveSpan (/opt/hostedapp/node/root/node_modules/next/dist/compiled/@opentelemetry/api/index.js:1:18854)
    at /opt/hostedapp/node/root/node_modules/next/dist/server/lib/trace/tracer.js:122:103
    at NoopContextManager.with (/opt/hostedapp/node/root/node_modules/next/dist/compiled/@opentelemetry/api/index.js:1:7062)
    at ContextAPI.with (/opt/hostedapp/node/root/node_modules/next/dist/compiled/@opentelemetry/api/index.js:1:518)
    at NextTracerImpl.trace (/opt/hostedapp/node/root/node_modules/next/dist/server/lib/trace/tracer.js:122:28)
    at /opt/hostedapp/node/root/node_modules/next/dist/compiled/next-server/app-route.runtime.dev.js:6:48896
    at AsyncLocalStorage.run (node:internal/async_local_storage/async_hooks:91:14)
    at Object.wrap (/opt/hostedapp/node/root/node_modules/next/dist/compiled/next-server/app-route.runtime.dev.js:6:40958)
    at /opt/hostedapp/node/root/node_modules/next/dist/compiled/next-server/app-route.runtime.dev.js:6:47472
    at AsyncLocalStorage.run (node:internal/async_local_storage/async_hooks:91:14)
    at Object.wrap (/opt/hostedapp/node/root/node_modules/next/dist/compiled/next-server/app-route.runtime.dev.js:6:38293)
    at /opt/hostedapp/node/root/node_modules/next/dist/compiled/next-server/app-route.runtime.dev.js:6:47434
    at AsyncLocalStorage.run (node:internal/async_local_storage/async_hooks:91:14)
    at eT.execute (/opt/hostedapp/node/root/node_modules/next/dist/compiled/next-server/app-route.runtime.dev.js:6:46881)
    at eT.handle (/opt/hostedapp/node/root/node_modules/next/dist/compiled/next-server/app-route.runtime.dev.js:6:58771)
    at doRender (/opt/hostedapp/node/root/node_modules/next/dist/server/base-server.js:1366:60)
    at cacheEntry.responseCache.get.routeKind (/opt/hostedapp/node/root/node_modules/next/dist/server/base-server.js:1588:34)
    at ResponseCache.get (/opt/hostedapp/node/root/node_modules/next/dist/server/response-cache/index.js:49:26)
    at DevServer.renderToResponseWithComponentsImpl (/opt/hostedapp/node/root/node_modules/next/dist/server/base-server.js:1496:53)
    at /opt/hostedapp/node/root/node_modules/next/dist/server/base-server.js:1014:121
    at NextTracerImpl.trace (/opt/hostedapp/node/root/node_modules/next/dist/server/lib/trace/tracer.js:105:20)
    at DevServer.renderToResponseWithComponents (/opt/hostedapp/node/root/node_modules/next/dist/server/base-server.js:1014:41)
    at DevServer.renderPageComponent (/opt/hostedapp/node/root/node_modules/next/dist/server/base-server.js:1924:35)
    at async DevServer.renderToResponseImpl (/opt/hostedapp/node/root/node_modules/next/dist/server/base-server.js:1962:32)
    at async DevServer.pipeImpl (/opt/hostedapp/node/root/node_modules/next/dist/server/base-server.js:922:25)
    at async NextNodeServer.handleCatchallRenderRequest (/opt/hostedapp/node/root/node_modules/next/dist/server/next-server.js:272:17)
    at async DevServer.handleRequestImpl (/opt/hostedapp/node/root/node_modules/next/dist/server/base-server.js:818:17)
    at async /opt/hostedapp/node/root/node_modules/next/dist/server/dev/next-dev-server.js:339:20
    at async Span.traceAsyncFn (/opt/hostedapp/node/root/node_modules/next/dist/trace/trace.js:154:20)
    at async DevServer.handleRequest (/opt/hostedapp/node/root/node_modules/next/dist/server/dev/next-dev-server.js:336:24)
    at async invokeRender (/opt/hostedapp/node/root/node_modules/next/dist/server/lib/router-server.js:178:21)
    at async handleRequest (/opt/hostedapp/node/root/node_modules/next/dist/server/lib/router-server.js:355:24)
    at async requestHandlerImpl (/opt/hostedapp/node/root/node_modules/next/dist/server/lib/router-server.js:379:13)
    at async Server.requestListener (/opt/hostedapp/node/root/node_modules/next/dist/server/lib/start-server.js:141:13)
Error fetching portfolio data: TypeError: Cannot read properties of undefined (reading 'investment')
    at GET (/home/ubuntu/moneymitra/app/.next/server/app/api/investments/portfolio/route.js:113:75)
    at /opt/hostedapp/node/root/node_modules/next/dist/compiled/next-server/app-route.runtime.dev.js:6:57234
    at /opt/hostedapp/node/root/node_modules/next/dist/server/lib/trace/tracer.js:140:36
    at NoopContextManager.with (/opt/hostedapp/node/root/node_modules/next/dist/compiled/@opentelemetry/api/index.js:1:7062)
    at ContextAPI.with (/opt/hostedapp/node/root/node_modules/next/dist/compiled/@opentelemetry/api/index.js:1:518)
    at NoopTracer.startActiveSpan (/opt/hostedapp/node/root/node_modules/next/dist/compiled/@opentelemetry/api/index.js:1:18093)
    at ProxyTracer.startActiveSpan (/opt/hostedapp/node/root/node_modules/next/dist/compiled/@opentelemetry/api/index.js:1:18854)
    at /opt/hostedapp/node/root/node_modules/next/dist/server/lib/trace/tracer.js:122:103
    at NoopContextManager.with (/opt/hostedapp/node/root/node_modules/next/dist/compiled/@opentelemetry/api/index.js:1:7062)
    at ContextAPI.with (/opt/hostedapp/node/root/node_modules/next/dist/compiled/@opentelemetry/api/index.js:1:518)
    at NextTracerImpl.trace (/opt/hostedapp/node/root/node_modules/next/dist/server/lib/trace/tracer.js:122:28)
    at /opt/hostedapp/node/root/node_modules/next/dist/compiled/next-server/app-route.runtime.dev.js:6:48896
    at AsyncLocalStorage.run (node:internal/async_local_storage/async_hooks:91:14)
    at Object.wrap (/opt/hostedapp/node/root/node_modules/next/dist/compiled/next-server/app-route.runtime.dev.js:6:40958)
    at /opt/hostedapp/node/root/node_modules/next/dist/compiled/next-server/app-route.runtime.dev.js:6:47472
    at AsyncLocalStorage.run (node:internal/async_local_storage/async_hooks:91:14)
    at Object.wrap (/opt/hostedapp/node/root/node_modules/next/dist/compiled/next-server/app-route.runtime.dev.js:6:38293)
    at /opt/hostedapp/node/root/node_modules/next/dist/compiled/next-server/app-route.runtime.dev.js:6:47434
    at AsyncLocalStorage.run (node:internal/async_local_storage/async_hooks:91:14)
    at eT.execute (/opt/hostedapp/node/root/node_modules/next/dist/compiled/next-server/app-route.runtime.dev.js:6:46881)
    at eT.handle (/opt/hostedapp/node/root/node_modules/next/dist/compiled/next-server/app-route.runtime.dev.js:6:58771)
    at doRender (/opt/hostedapp/node/root/node_modules/next/dist/server/base-server.js:1366:60)
    at cacheEntry.responseCache.get.routeKind (/opt/hostedapp/node/root/node_modules/next/dist/server/base-server.js:1588:34)
    at ResponseCache.get (/opt/hostedapp/node/root/node_modules/next/dist/server/response-cache/index.js:49:26)
    at DevServer.renderToResponseWithComponentsImpl (/opt/hostedapp/node/root/node_modules/next/dist/server/base-server.js:1496:53)
    at /opt/hostedapp/node/root/node_modules/next/dist/server/base-server.js:1014:121
    at NextTracerImpl.trace (/opt/hostedapp/node/root/node_modules/next/dist/server/lib/trace/tracer.js:105:20)
    at DevServer.renderToResponseWithComponents (/opt/hostedapp/node/root/node_modules/next/dist/server/base-server.js:1014:41)
    at DevServer.renderPageComponent (/opt/hostedapp/node/root/node_modules/next/dist/server/base-server.js:1924:35)
    at async DevServer.renderToResponseImpl (/opt/hostedapp/node/root/node_modules/next/dist/server/base-server.js:1962:32)
    at async DevServer.pipeImpl (/opt/hostedapp/node/root/node_modules/next/dist/server/base-server.js:922:25)
    at async NextNodeServer.handleCatchallRenderRequest (/opt/hostedapp/node/root/node_modules/next/dist/server/next-server.js:272:17)
    at async DevServer.handleRequestImpl (/opt/hostedapp/node/root/node_modules/next/dist/server/base-server.js:818:17)
    at async /opt/hostedapp/node/root/node_modules/next/dist/server/dev/next-dev-server.js:339:20
    at async Span.traceAsyncFn (/opt/hostedapp/node/root/node_modules/next/dist/trace/trace.js:154:20)
    at async DevServer.handleRequest (/opt/hostedapp/node/root/node_modules/next/dist/server/dev/next-dev-server.js:336:24)
    at async invokeRender (/opt/hostedapp/node/root/node_modules/next/dist/server/lib/router-server.js:178:21)
    at async handleRequest (/opt/hostedapp/node/root/node_modules/next/dist/server/lib/router-server.js:355:24)
    at async requestHandlerImpl (/opt/hostedapp/node/root/node_modules/next/dist/server/lib/router-server.js:379:13)
    at async Server.requestListener (/opt/hostedapp/node/root/node_modules/next/dist/server/lib/start-server.js:141:13)
 ⚠ ./app/api/investments/portfolio/route.ts
Attempted import error: 'db' is not exported from '@/lib/db' (imported as 'db').

Import trace for requested module:
./app/api/investments/portfolio/route.ts

./app/api/investments/route.ts
Attempted import error: 'db' is not exported from '@/lib/db' (imported as 'db').

Import trace for requested module:
./app/api/investments/route.ts

./app/api/investments/route.ts
Attempted import error: 'db' is not exported from '@/lib/db' (imported as 'db').

Import trace for requested module:
./app/api/investments/route.ts

./app/api/investments/route.ts
Attempted import error: 'db' is not exported from '@/lib/db' (imported as 'db').

Import trace for requested module:
./app/api/investments/route.ts
 ⚠ ./app/api/investments/portfolio/route.ts
Attempted import error: 'db' is not exported from '@/lib/db' (imported as 'db').

Import trace for requested module:
./app/api/investments/portfolio/route.ts

./app/api/investments/route.ts
Attempted import error: 'db' is not exported from '@/lib/db' (imported as 'db').

Import trace for requested module:
./app/api/investments/route.ts

./app/api/investments/route.ts
Attempted import error: 'db' is not exported from '@/lib/db' (imported as 'db').

Import trace for requested module:
./app/api/investments/route.ts

./app/api/investments/route.ts
Attempted import error: 'db' is not exported from '@/lib/db' (imported as 'db').

Import trace for requested module:
./app/api/investments/route.ts
 ⚠ ./app/api/investments/portfolio/route.ts
Attempted import error: 'db' is not exported from '@/lib/db' (imported as 'db').

Import trace for requested module:
./app/api/investments/portfolio/route.ts

./app/api/investments/route.ts
Attempted import error: 'db' is not exported from '@/lib/db' (imported as 'db').

Import trace for requested module:
./app/api/investments/route.ts

./app/api/investments/route.ts
Attempted import error: 'db' is not exported from '@/lib/db' (imported as 'db').

Import trace for requested module:
./app/api/investments/route.ts

./app/api/investments/route.ts
Attempted import error: 'db' is not exported from '@/lib/db' (imported as 'db').

Import trace for requested module:
./app/api/investments/route.ts
 ⚠ ./app/api/investments/portfolio/route.ts
Attempted import error: 'db' is not exported from '@/lib/db' (imported as 'db').

Import trace for requested module:
./app/api/investments/portfolio/route.ts

./app/api/investments/route.ts
Attempted import error: 'db' is not exported from '@/lib/db' (imported as 'db').

Import trace for requested module:
./app/api/investments/route.ts

./app/api/investments/route.ts
Attempted import error: 'db' is not exported from '@/lib/db' (imported as 'db').

Import trace for requested module:
./app/api/investments/route.ts

./app/api/investments/route.ts
Attempted import error: 'db' is not exported from '@/lib/db' (imported as 'db').

Import trace for requested module:
./app/api/investments/route.ts
 ⚠ ./app/api/investments/portfolio/route.ts
Attempted import error: 'db' is not exported from '@/lib/db' (imported as 'db').

Import trace for requested module:
./app/api/investments/portfolio/route.ts

./app/api/investments/route.ts
Attempted import error: 'db' is not exported from '@/lib/db' (imported as 'db').

Import trace for requested module:
./app/api/investments/route.ts

./app/api/investments/route.ts
Attempted import error: 'db' is not exported from '@/lib/db' (imported as 'db').

Import trace for requested module:
./app/api/investments/route.ts

./app/api/investments/route.ts
Attempted import error: 'db' is not exported from '@/lib/db' (imported as 'db').

Import trace for requested module:
./app/api/investments/route.ts
 ⚠ ./app/api/investments/portfolio/route.ts
Attempted import error: 'db' is not exported from '@/lib/db' (imported as 'db').

Import trace for requested module:
./app/api/investments/portfolio/route.ts

./app/api/investments/route.ts
Attempted import error: 'db' is not exported from '@/lib/db' (imported as 'db').

Import trace for requested module:
./app/api/investments/route.ts

./app/api/investments/route.ts
Attempted import error: 'db' is not exported from '@/lib/db' (imported as 'db').

Import trace for requested module:
./app/api/investments/route.ts

./app/api/investments/route.ts
Attempted import error: 'db' is not exported from '@/lib/db' (imported as 'db').

Import trace for requested module:
./app/api/investments/route.ts
 ⚠ ./app/api/investments/portfolio/route.ts
Attempted import error: 'db' is not exported from '@/lib/db' (imported as 'db').

Import trace for requested module:
./app/api/investments/portfolio/route.ts

./app/api/investments/route.ts
Attempted import error: 'db' is not exported from '@/lib/db' (imported as 'db').

Import trace for requested module:
./app/api/investments/route.ts

./app/api/investments/route.ts
Attempted import error: 'db' is not exported from '@/lib/db' (imported as 'db').

Import trace for requested module:
./app/api/investments/route.ts

./app/api/investments/route.ts
Attempted import error: 'db' is not exported from '@/lib/db' (imported as 'db').

Import trace for requested module:
./app/api/investments/route.ts
Error fetching investments: TypeError: Cannot read properties of undefined (reading 'investment')
    at GET (/home/ubuntu/moneymitra/app/.next/server/app/api/investments/route.js:124:75)
    at /opt/hostedapp/node/root/node_modules/next/dist/compiled/next-server/app-route.runtime.dev.js:6:57234
    at /opt/hostedapp/node/root/node_modules/next/dist/server/lib/trace/tracer.js:140:36
    at NoopContextManager.with (/opt/hostedapp/node/root/node_modules/next/dist/compiled/@opentelemetry/api/index.js:1:7062)
    at ContextAPI.with (/opt/hostedapp/node/root/node_modules/next/dist/compiled/@opentelemetry/api/index.js:1:518)
    at NoopTracer.startActiveSpan (/opt/hostedapp/node/root/node_modules/next/dist/compiled/@opentelemetry/api/index.js:1:18093)
    at ProxyTracer.startActiveSpan (/opt/hostedapp/node/root/node_modules/next/dist/compiled/@opentelemetry/api/index.js:1:18854)
    at /opt/hostedapp/node/root/node_modules/next/dist/server/lib/trace/tracer.js:122:103
    at NoopContextManager.with (/opt/hostedapp/node/root/node_modules/next/dist/compiled/@opentelemetry/api/index.js:1:7062)
    at ContextAPI.with (/opt/hostedapp/node/root/node_modules/next/dist/compiled/@opentelemetry/api/index.js:1:518)
    at NextTracerImpl.trace (/opt/hostedapp/node/root/node_modules/next/dist/server/lib/trace/tracer.js:122:28)
    at /opt/hostedapp/node/root/node_modules/next/dist/compiled/next-server/app-route.runtime.dev.js:6:48896
    at AsyncLocalStorage.run (node:internal/async_local_storage/async_hooks:91:14)
    at Object.wrap (/opt/hostedapp/node/root/node_modules/next/dist/compiled/next-server/app-route.runtime.dev.js:6:40958)
    at /opt/hostedapp/node/root/node_modules/next/dist/compiled/next-server/app-route.runtime.dev.js:6:47472
    at AsyncLocalStorage.run (node:internal/async_local_storage/async_hooks:91:14)
    at Object.wrap (/opt/hostedapp/node/root/node_modules/next/dist/compiled/next-server/app-route.runtime.dev.js:6:38293)
    at /opt/hostedapp/node/root/node_modules/next/dist/compiled/next-server/app-route.runtime.dev.js:6:47434
    at AsyncLocalStorage.run (node:internal/async_local_storage/async_hooks:91:14)
    at eT.execute (/opt/hostedapp/node/root/node_modules/next/dist/compiled/next-server/app-route.runtime.dev.js:6:46881)
    at eT.handle (/opt/hostedapp/node/root/node_modules/next/dist/compiled/next-server/app-route.runtime.dev.js:6:58771)
    at doRender (/opt/hostedapp/node/root/node_modules/next/dist/server/base-server.js:1366:60)
    at cacheEntry.responseCache.get.routeKind (/opt/hostedapp/node/root/node_modules/next/dist/server/base-server.js:1588:34)
    at ResponseCache.get (/opt/hostedapp/node/root/node_modules/next/dist/server/response-cache/index.js:49:26)
    at DevServer.renderToResponseWithComponentsImpl (/opt/hostedapp/node/root/node_modules/next/dist/server/base-server.js:1496:53)
    at /opt/hostedapp/node/root/node_modules/next/dist/server/base-server.js:1014:121
    at NextTracerImpl.trace (/opt/hostedapp/node/root/node_modules/next/dist/server/lib/trace/tracer.js:105:20)
    at DevServer.renderToResponseWithComponents (/opt/hostedapp/node/root/node_modules/next/dist/server/base-server.js:1014:41)
    at DevServer.renderPageComponent (/opt/hostedapp/node/root/node_modules/next/dist/server/base-server.js:1924:35)
    at async DevServer.renderToResponseImpl (/opt/hostedapp/node/root/node_modules/next/dist/server/base-server.js:1962:32)
    at async DevServer.pipeImpl (/opt/hostedapp/node/root/node_modules/next/dist/server/base-server.js:922:25)
    at async NextNodeServer.handleCatchallRenderRequest (/opt/hostedapp/node/root/node_modules/next/dist/server/next-server.js:272:17)
    at async DevServer.handleRequestImpl (/opt/hostedapp/node/root/node_modules/next/dist/server/base-server.js:818:17)
    at async /opt/hostedapp/node/root/node_modules/next/dist/server/dev/next-dev-server.js:339:20
    at async Span.traceAsyncFn (/opt/hostedapp/node/root/node_modules/next/dist/trace/trace.js:154:20)
    at async DevServer.handleRequest (/opt/hostedapp/node/root/node_modules/next/dist/server/dev/next-dev-server.js:336:24)
    at async invokeRender (/opt/hostedapp/node/root/node_modules/next/dist/server/lib/router-server.js:178:21)
    at async handleRequest (/opt/hostedapp/node/root/node_modules/next/dist/server/lib/router-server.js:355:24)
    at async requestHandlerImpl (/opt/hostedapp/node/root/node_modules/next/dist/server/lib/router-server.js:379:13)
    at async Server.requestListener (/opt/hostedapp/node/root/node_modules/next/dist/server/lib/start-server.js:141:13)
Error creating investment: TypeError: Cannot read properties of undefined (reading 'investment')
    at POST (/home/ubuntu/moneymitra/app/.next/server/app/api/investments/route.js:174:74)
    at process.processTicksAndRejections (node:internal/process/task_queues:105:5)
    at async /opt/hostedapp/node/root/node_modules/next/dist/compiled/next-server/app-route.runtime.dev.js:6:57228
    at async eT.execute (/opt/hostedapp/node/root/node_modules/next/dist/compiled/next-server/app-route.runtime.dev.js:6:46851)
    at async eT.handle (/opt/hostedapp/node/root/node_modules/next/dist/compiled/next-server/app-route.runtime.dev.js:6:58760)
    at async doRender (/opt/hostedapp/node/root/node_modules/next/dist/server/base-server.js:1366:42)
    at async cacheEntry.responseCache.get.routeKind (/opt/hostedapp/node/root/node_modules/next/dist/server/base-server.js:1588:28)
    at async DevServer.renderToResponseWithComponentsImpl (/opt/hostedapp/node/root/node_modules/next/dist/server/base-server.js:1496:28)
    at async DevServer.renderPageComponent (/opt/hostedapp/node/root/node_modules/next/dist/server/base-server.js:1924:24)
    at async DevServer.renderToResponseImpl (/opt/hostedapp/node/root/node_modules/next/dist/server/base-server.js:1962:32)
    at async DevServer.pipeImpl (/opt/hostedapp/node/root/node_modules/next/dist/server/base-server.js:922:25)
    at async NextNodeServer.handleCatchallRenderRequest (/opt/hostedapp/node/root/node_modules/next/dist/server/next-server.js:272:17)
    at async DevServer.handleRequestImpl (/opt/hostedapp/node/root/node_modules/next/dist/server/base-server.js:818:17)
    at async /opt/hostedapp/node/root/node_modules/next/dist/server/dev/next-dev-server.js:339:20
    at async Span.traceAsyncFn (/opt/hostedapp/node/root/node_modules/next/dist/trace/trace.js:154:20)
    at async DevServer.handleRequest (/opt/hostedapp/node/root/node_modules/next/dist/server/dev/next-dev-server.js:336:24)
    at async invokeRender (/opt/hostedapp/node/root/node_modules/next/dist/server/lib/router-server.js:178:21)
    at async handleRequest (/opt/hostedapp/node/root/node_modules/next/dist/server/lib/router-server.js:355:24)
    at async requestHandlerImpl (/opt/hostedapp/node/root/node_modules/next/dist/server/lib/router-server.js:379:13)
    at async Server.requestListener (/opt/hostedapp/node/root/node_modules/next/dist/server/lib/start-server.js:141:13)
 ⚠ ./app/api/investments/portfolio/route.ts
Attempted import error: 'db' is not exported from '@/lib/db' (imported as 'db').

Import trace for requested module:
./app/api/investments/portfolio/route.ts

./app/api/investments/route.ts
Attempted import error: 'db' is not exported from '@/lib/db' (imported as 'db').

Import trace for requested module:
./app/api/investments/route.ts

./app/api/investments/route.ts
Attempted import error: 'db' is not exported from '@/lib/db' (imported as 'db').

Import trace for requested module:
./app/api/investments/route.ts

./app/api/investments/route.ts
Attempted import error: 'db' is not exported from '@/lib/db' (imported as 'db').

Import trace for requested module:
./app/api/investments/route.ts
 ⚠ ./app/api/investments/portfolio/route.ts
Attempted import error: 'db' is not exported from '@/lib/db' (imported as 'db').

Import trace for requested module:
./app/api/investments/portfolio/route.ts

./app/api/investments/route.ts
Attempted import error: 'db' is not exported from '@/lib/db' (imported as 'db').

Import trace for requested module:
./app/api/investments/route.ts

./app/api/investments/route.ts
Attempted import error: 'db' is not exported from '@/lib/db' (imported as 'db').

Import trace for requested module:
./app/api/investments/route.ts

./app/api/investments/route.ts
Attempted import error: 'db' is not exported from '@/lib/db' (imported as 'db').

Import trace for requested module:
./app/api/investments/route.ts
Error fetching investments: TypeError: Cannot read properties of undefined (reading 'investment')
    at GET (/home/ubuntu/moneymitra/app/.next/server/app/api/investments/route.js:124:75)
    at /opt/hostedapp/node/root/node_modules/next/dist/compiled/next-server/app-route.runtime.dev.js:6:57234
    at /opt/hostedapp/node/root/node_modules/next/dist/server/lib/trace/tracer.js:140:36
    at NoopContextManager.with (/opt/hostedapp/node/root/node_modules/next/dist/compiled/@opentelemetry/api/index.js:1:7062)
    at ContextAPI.with (/opt/hostedapp/node/root/node_modules/next/dist/compiled/@opentelemetry/api/index.js:1:518)
    at NoopTracer.startActiveSpan (/opt/hostedapp/node/root/node_modules/next/dist/compiled/@opentelemetry/api/index.js:1:18093)
    at ProxyTracer.startActiveSpan (/opt/hostedapp/node/root/node_modules/next/dist/compiled/@opentelemetry/api/index.js:1:18854)
    at /opt/hostedapp/node/root/node_modules/next/dist/server/lib/trace/tracer.js:122:103
    at NoopContextManager.with (/opt/hostedapp/node/root/node_modules/next/dist/compiled/@opentelemetry/api/index.js:1:7062)
    at ContextAPI.with (/opt/hostedapp/node/root/node_modules/next/dist/compiled/@opentelemetry/api/index.js:1:518)
    at NextTracerImpl.trace (/opt/hostedapp/node/root/node_modules/next/dist/server/lib/trace/tracer.js:122:28)
    at /opt/hostedapp/node/root/node_modules/next/dist/compiled/next-server/app-route.runtime.dev.js:6:48896
    at AsyncLocalStorage.run (node:internal/async_local_storage/async_hooks:91:14)
    at Object.wrap (/opt/hostedapp/node/root/node_modules/next/dist/compiled/next-server/app-route.runtime.dev.js:6:40958)
    at /opt/hostedapp/node/root/node_modules/next/dist/compiled/next-server/app-route.runtime.dev.js:6:47472
    at AsyncLocalStorage.run (node:internal/async_local_storage/async_hooks:91:14)
    at Object.wrap (/opt/hostedapp/node/root/node_modules/next/dist/compiled/next-server/app-route.runtime.dev.js:6:38293)
    at /opt/hostedapp/node/root/node_modules/next/dist/compiled/next-server/app-route.runtime.dev.js:6:47434
    at AsyncLocalStorage.run (node:internal/async_local_storage/async_hooks:91:14)
    at eT.execute (/opt/hostedapp/node/root/node_modules/next/dist/compiled/next-server/app-route.runtime.dev.js:6:46881)
    at eT.handle (/opt/hostedapp/node/root/node_modules/next/dist/compiled/next-server/app-route.runtime.dev.js:6:58771)
    at doRender (/opt/hostedapp/node/root/node_modules/next/dist/server/base-server.js:1366:60)
    at cacheEntry.responseCache.get.routeKind (/opt/hostedapp/node/root/node_modules/next/dist/server/base-server.js:1588:34)
    at ResponseCache.get (/opt/hostedapp/node/root/node_modules/next/dist/server/response-cache/index.js:49:26)
    at DevServer.renderToResponseWithComponentsImpl (/opt/hostedapp/node/root/node_modules/next/dist/server/base-server.js:1496:53)
    at /opt/hostedapp/node/root/node_modules/next/dist/server/base-server.js:1014:121
    at NextTracerImpl.trace (/opt/hostedapp/node/root/node_modules/next/dist/server/lib/trace/tracer.js:105:20)
    at DevServer.renderToResponseWithComponents (/opt/hostedapp/node/root/node_modules/next/dist/server/base-server.js:1014:41)
    at DevServer.renderPageComponent (/opt/hostedapp/node/root/node_modules/next/dist/server/base-server.js:1924:35)
    at async DevServer.renderToResponseImpl (/opt/hostedapp/node/root/node_modules/next/dist/server/base-server.js:1962:32)
    at async DevServer.pipeImpl (/opt/hostedapp/node/root/node_modules/next/dist/server/base-server.js:922:25)
    at async NextNodeServer.handleCatchallRenderRequest (/opt/hostedapp/node/root/node_modules/next/dist/server/next-server.js:272:17)
    at async DevServer.handleRequestImpl (/opt/hostedapp/node/root/node_modules/next/dist/server/base-server.js:818:17)
    at async /opt/hostedapp/node/root/node_modules/next/dist/server/dev/next-dev-server.js:339:20
    at async Span.traceAsyncFn (/opt/hostedapp/node/root/node_modules/next/dist/trace/trace.js:154:20)
    at async DevServer.handleRequest (/opt/hostedapp/node/root/node_modules/next/dist/server/dev/next-dev-server.js:336:24)
    at async invokeRender (/opt/hostedapp/node/root/node_modules/next/dist/server/lib/router-server.js:178:21)
    at async handleRequest (/opt/hostedapp/node/root/node_modules/next/dist/server/lib/router-server.js:355:24)
    at async requestHandlerImpl (/opt/hostedapp/node/root/node_modules/next/dist/server/lib/router-server.js:379:13)
    at async Server.requestListener (/opt/hostedapp/node/root/node_modules/next/dist/server/lib/start-server.js:141:13)
error Command failed with signal "SIGTERM".
