yarn run v1.22.22
$ next dev
  ▲ Next.js 14.2.28
  - Local:        http://localhost:3000
  - Environments: .env
  - Experiments (use with caution):
    · outputFileTracingRoot

 ✓ Starting...
 ✓ Ready in 1842ms
 ○ Compiling /transactions ...
 ✓ Compiled /transactions in 4.1s (3122 modules)
 GET /transactions 200 in 4832ms
 ✓ Compiled in 790ms (1565 modules)
 ○ Compiling /api/health ...
 ✓ Compiled /api/health in 519ms (1589 modules)
 GET /api/health 200 in 734ms
 ✓ Compiled /api/transactions in 148ms (1591 modules)
 GET /api/transactions?limit=5 200 in 201ms
 GET /transactions 200 in 112ms
 ✓ Compiled /api/transactions/[id] in 168ms (1593 modules)
 GET /api/transactions/cmbdl0j7t0005pc012yl5oqs2 200 in 488ms
[?25h
