yarn run v1.22.22
$ next dev
  ▲ Next.js 14.2.28
  - Local:        http://localhost:3000
  - Environments: .env
  - Experiments (use with caution):
    · outputFileTracingRoot

 ✓ Starting...
 ✓ Ready in 1693ms
 ○ Compiling / ...
 ✓ Compiled / in 3.1s (1279 modules)
 GET / 200 in 3544ms
 GET / 200 in 3576ms
 ✓ Compiled in 568ms (645 modules)
 GET / 200 in 136ms
 ✓ Compiled /api/bills in 311ms (666 modules)
 ✓ Compiled (674 modules)
 GET /api/transactions 200 in 716ms
 GET /api/bills 200 in 716ms
 GET /api/loans 200 in 711ms
 GET /api/investments 200 in 726ms
 GET /api/goals 200 in 714ms
 GET /api/transactions 200 in 45ms
 GET /api/bills 200 in 49ms
 GET /api/loans 200 in 50ms
 GET /api/goals 200 in 47ms
 GET /api/investments 200 in 21ms
 ○ Compiling /transactions ...
 ✓ Compiled /transactions in 1508ms (3057 modules)
 ✓ Compiled /api/categories in 192ms (1552 modules)
 GET /api/transactions 200 in 415ms
 GET /api/categories 200 in 418ms
 GET /api/transactions 200 in 22ms
 GET /api/categories 200 in 21ms
 GET /api/goals 200 in 35ms
 GET /api/loans 200 in 54ms
 GET /api/investments 200 in 54ms
 GET /api/transactions 200 in 60ms
 GET /api/bills 200 in 63ms
 GET /api/goals 200 in 24ms
 GET /api/investments 200 in 29ms
 GET /api/transactions 200 in 30ms
 GET /api/loans 200 in 36ms
 GET /api/bills 200 in 29ms
 GET /api/transactions 200 in 38ms
 GET /api/categories 200 in 45ms
 GET /api/transactions 200 in 35ms
 GET /api/categories 200 in 57ms
 GET /api/investments 200 in 40ms
 GET /api/bills 200 in 50ms
 GET /api/goals 200 in 50ms
 GET /api/transactions 200 in 58ms
 GET /api/loans 200 in 55ms
 GET /api/investments 200 in 28ms
 GET /api/goals 200 in 41ms
 GET /api/bills 200 in 39ms
 GET /api/loans 200 in 39ms
 GET /api/transactions 200 in 42ms
 GET /api/categories 200 in 29ms
 GET /api/transactions 200 in 31ms
 GET /api/categories 200 in 24ms
 GET /api/transactions 200 in 22ms
 GET /api/categories 200 in 23ms
 GET /api/categories 200 in 23ms
 ○ Compiling /bills ...
 ✓ Compiled /bills in 919ms (3071 modules)
 GET /api/bills 200 in 41ms
 ✓ Compiled /api/bills/stats in 214ms (1561 modules)
 GET /api/bills/stats 200 in 272ms
 GET /api/bills 200 in 25ms
 GET /api/bills/stats 200 in 25ms
 ○ Compiling /goals ...
 ✓ Compiled /goals in 507ms (3075 modules)
 ✓ Compiled /api/goals in 166ms (1562 modules)
 GET /api/goals 200 in 212ms
 GET /api/goals 200 in 23ms
 GET / 200 in 119ms
 GET / 200 in 40ms
 GET / 200 in 40ms
 GET / 200 in 35ms
 GET / 200 in 33ms
 GET /api/bills 200 in 46ms
 ✓ Compiled /api/goals in 306ms (1556 modules)
 ✓ Compiled in 1ms (1562 modules)
 ✓ Compiled in 1ms (1562 modules)
 ✓ Compiled in 0ms (1562 modules)
 GET /api/loans 200 in 902ms
 GET /api/investments 200 in 1088ms
 GET /api/goals 200 in 1097ms
 GET /api/transactions 200 in 1107ms
 GET /api/bills 200 in 770ms
 GET /api/loans 200 in 24ms
 GET /api/investments 200 in 26ms
 GET /api/transactions 200 in 36ms
 GET /api/goals 200 in 32ms
 ✓ Compiled /api/categories in 473ms (1564 modules)
 GET /api/transactions 200 in 706ms
 GET /api/categories 200 in 714ms
 GET /api/categories 200 in 29ms
 GET /api/transactions 200 in 33ms
 ✓ Compiled /api/bills/stats in 255ms (1566 modules)
 GET /api/bills 200 in 494ms
 GET /api/bills/stats 200 in 501ms
 GET /api/bills/stats 200 in 30ms
 GET /api/bills 200 in 31ms
 GET /api/goals 200 in 28ms
 GET /api/goals 200 in 26ms
 ○ Compiling /loans ...
 ✓ Compiled /loans in 732ms (3091 modules)
 GET /api/loans 200 in 31ms
 GET /api/loans 200 in 28ms
 ○ Compiling /investments ...
 ✓ Compiled /investments in 619ms (3101 modules)
 ✓ Compiled /api/investments/portfolio in 273ms (1580 modules)
 GET /api/investments 200 in 510ms
 GET /api/investments/portfolio 200 in 528ms
 GET /api/investments/portfolio 200 in 31ms
 GET /api/investments 200 in 35ms
 GET / 200 in 110ms
 GET /api/investments 200 in 42ms
 GET /api/transactions 200 in 56ms
 GET /api/goals 200 in 52ms
 GET /api/bills 200 in 63ms
 GET /api/loans 200 in 59ms
 GET /api/investments 200 in 22ms
 GET /api/transactions 200 in 44ms
 GET /api/loans 200 in 48ms
 GET /api/bills 200 in 45ms
 GET /api/goals 200 in 47ms
 GET / 200 in 36ms
 GET / 200 in 36ms
 GET /api/loans 200 in 40ms
 GET /api/transactions 200 in 48ms
 GET /api/goals 200 in 52ms
 GET /api/bills 200 in 52ms
 GET /api/investments 200 in 46ms
 GET /api/loans 200 in 39ms
 GET /api/bills 200 in 49ms
 GET /api/transactions 200 in 50ms
 GET /api/goals 200 in 50ms
 GET /api/investments 200 in 43ms
