yarn run v1.22.22
$ next dev
  ▲ Next.js 14.2.28
  - Local:        http://localhost:3000
  - Environments: .env
  - Experiments (use with caution):
    · outputFileTracingRoot

 ✓ Starting...
 ✓ Ready in 1780ms
 GET /api/investments 500 in 360ms
 ○ Compiling /api/investments ...
 GET /api/investments 500 in 28ms
 POST /api/investments 500 in 24ms
 GET /api/categories 200 in 390ms
 GET /investments 200 in 3853ms
 GET /api/investments 500 in 67ms
 GET /api/investments/portfolio 500 in 638ms
 GET /api/investments 500 in 565ms
 GET /api/investments/portfolio 500 in 25ms
 GET /api/investments 500 in 31ms
 POST /api/investments 500 in 24ms
 GET /api/investments 500 in 25ms
info Visit https://yarnpkg.com/en/docs/cli/run for documentation about this command.
[?25h
