yarn install v1.22.22
[1/4] Resolving packages...
[2/4] Fetching packages...
info Visit https://yarnpkg.com/en/docs/cli/install for documentation about this command.
yarn run v1.22.22
$ next dev
  ▲ Next.js 14.2.28
  - Local:        http://localhost:3000
  - Environments: .env
  - Experiments (use with caution):
    · outputFileTracingRoot

 ✓ Starting...
 ✓ Ready in 6.2s
 ○ Compiling / ...
 ✓ Compiled / in 7.4s (1347 modules)
 GET / 200 in 7953ms
 ✓ Compiled in 644ms (674 modules)
 GET / 200 in 67ms
 ✓ Compiled /api/dashboard in 307ms (697 modules)
Dashboard API called, testing Prisma connection...
Dashboard API called, testing Prisma connection...
Transaction count: 2
Transaction count: 2
 GET /api/dashboard?_t=1748799262062 200 in 831ms
 GET /api/dashboard?_t=1748799262058 200 in 823ms
 GET / 200 in 145ms
 GET / 200 in 41ms
 GET / 200 in 42ms
Dashboard API called, testing Prisma connection...
Dashboard API called, testing Prisma connection...
Transaction count: 2
Transaction count: 2
 GET /api/dashboard?_t=1748800038621 200 in 87ms
 GET /api/dashboard?_t=1748800038624 200 in 85ms
 ○ Compiling /bills ...
 ✓ Compiled /bills in 1438ms (1477 modules)
 ✓ Compiled /api/bills in 197ms (760 modules)
 ✓ Compiled (762 modules)
 GET /api/bills 200 in 512ms
 GET /api/bills/stats 200 in 536ms
 GET /api/bills/stats 200 in 33ms
 GET /api/bills 200 in 38ms
 GET /api/bills 200 in 28ms
 GET /api/bills 200 in 30ms
 ✓ Compiled /api/categories in 161ms (764 modules)
 GET /api/categories 200 in 220ms
 POST /api/bills 201 in 46ms
 GET /api/bills 200 in 34ms
 GET /api/bills/stats 200 in 37ms
 GET /api/bills 200 in 28ms
 GET /api/bills 200 in 28ms
Dashboard API called, testing Prisma connection...
Dashboard API called, testing Prisma connection...
Transaction count: 2
Transaction count: 2
 GET /api/dashboard?_t=1748800101960 200 in 121ms
 GET /api/dashboard?_t=1748800101960 200 in 133ms
 ○ Compiling /transactions ...
 ✓ Compiled /transactions in 3.3s (3224 modules)
 ✓ Compiled /api/transactions/analytics in 234ms (1637 modules)
 ✓ Compiled (1639 modules)
 GET /api/transactions/summary?year=2025&month=6&_t=1748800116208 200 in 552ms
 GET /api/transactions/analytics?year=2025&month=6&_t=1748800116208 200 in 554ms
 GET /api/transactions/analytics?year=2025&month=6&_t=1748800116209 200 in 71ms
 ✓ Compiled /api/transactions in 240ms (1641 modules)
 GET /api/transactions?page=1&limit=20&sortBy=date&sortOrder=desc&year=2025&month=6 200 in 518ms
 GET /api/categories 200 in 431ms
 GET /api/transactions/summary?year=2025&month=6&_t=1748800116209 200 in 453ms
 GET /api/transactions?page=1&limit=20&sortBy=date&sortOrder=desc&year=2025&month=6 200 in 38ms
 GET /api/categories 200 in 33ms
Dashboard API called, testing Prisma connection...
Dashboard API called, testing Prisma connection...
Transaction count: 2
Transaction count: 2
 GET /api/dashboard?_t=1748800129680 200 in 148ms
 GET /api/dashboard?_t=1748800129680 200 in 152ms
