yarn run v1.22.22
$ next dev
  ▲ Next.js 14.2.28
  - Local:        http://localhost:3000
  - Environments: .env
  - Experiments (use with caution):
    · outputFileTracingRoot

 ✓ Starting...
 ✓ Ready in 2s
 ✓ Compiled /api/dashboard in 316ms (57 modules)
 GET /api/dashboard 500 in 453ms
 GET /api/dashboard 500 in 31ms
 ✓ Compiled in 96ms (57 modules)
 GET /api/dashboard 500 in 38ms
 ✓ Compiled in 75ms (58 modules)
 GET /api/dashboard 500 in 36ms
 ✓ Compiled in 74ms (58 modules)
Dashboard API called, testing Prisma connection...
Transaction count: 18
 GET /api/dashboard 500 in 134ms
 ✓ Compiled in 58ms (57 modules)
Dashboard API called, testing Prisma connection...
Transaction count: 18
 GET /api/dashboard 500 in 123ms
 ✓ Compiled /api/health in 89ms (60 modules)
 GET /api/health 200 in 151ms
 ✓ Compiled in 65ms (60 modules)
Dashboard API called, testing Prisma connection...
Transaction count: 18
 GET /api/dashboard 200 in 129ms
 ○ Compiling / ...
 GET / 200 in 7113ms
Dashboard API called, testing Prisma connection...
Transaction count: 18
 GET /api/dashboard 200 in 163ms
Dashboard API called, testing Prisma connection...
Transaction count: 18
 GET /api/dashboard 200 in 75ms
 ✓ Compiled / in 890ms (3130 modules)
 GET / 200 in 507ms
Dashboard API called, testing Prisma connection...
Transaction count: 18
 GET /api/dashboard 200 in 131ms
Dashboard API called, testing Prisma connection...
Transaction count: 18
 GET /api/dashboard 200 in 69ms
 ✓ Compiled in 535ms (3130 modules)
 GET / 200 in 79ms
Dashboard API called, testing Prisma connection...
Transaction count: 18
 GET /api/dashboard 200 in 128ms
Dashboard API called, testing Prisma connection...
Transaction count: 18
 GET /api/dashboard 200 in 68ms
 GET / 200 in 37ms
 GET / 200 in 54ms
Dashboard API called, testing Prisma connection...
Transaction count: 18
 GET /api/dashboard 200 in 55ms
Dashboard API called, testing Prisma connection...
Transaction count: 18
 GET /api/dashboard 200 in 73ms
 ✓ Compiled in 574ms (1487 modules)
 GET / 200 in 290ms
 GET / 200 in 64ms
Dashboard API called, testing Prisma connection...
Transaction count: 18
 GET /api/dashboard 200 in 135ms
Dashboard API called, testing Prisma connection...
Transaction count: 18
 GET /api/dashboard 200 in 51ms
Dashboard API called, testing Prisma connection...
Transaction count: 18
 GET /api/dashboard 200 in 57ms
Dashboard API called, testing Prisma connection...
Transaction count: 18
 GET /api/dashboard 200 in 50ms
 ✓ Compiled in 1298ms (1487 modules)
 GET / 200 in 94ms
 GET / 200 in 65ms
Dashboard API called, testing Prisma connection...
Transaction count: 18
 GET /api/dashboard 200 in 135ms
Dashboard API called, testing Prisma connection...
Transaction count: 18
 GET /api/dashboard 200 in 46ms
Dashboard API called, testing Prisma connection...
Transaction count: 18
 GET /api/dashboard 200 in 42ms
Dashboard API called, testing Prisma connection...
Transaction count: 18
 GET /api/dashboard 200 in 44ms
 GET / 200 in 75ms
Dashboard API called, testing Prisma connection...
Transaction count: 18
 GET /api/dashboard 200 in 79ms
Dashboard API called, testing Prisma connection...
Transaction count: 18
 GET /api/dashboard 200 in 79ms
 GET / 200 in 38ms
 ✓ Compiled in 624ms (1487 modules)
 ✓ Compiled in 443ms (1487 modules)
 ✓ Compiled in 474ms (1487 modules)
 ✓ Compiled in 437ms (1456 modules)
 ✓ Compiled in 403ms (732 modules)
[?25h
