yarn run v1.22.22
$ next dev
  ▲ Next.js 14.2.28
  - Local:        http://localhost:3000
  - Environments: .env
  - Experiments (use with caution):
    · outputFileTracingRoot

 ✓ Starting...
 ✓ Ready in 1961ms
 ✓ Compiled /api/categories in 465ms (58 modules)
 GET /api/categories 200 in 696ms
 ✓ Compiled /api/bills in 178ms (60 modules)
 POST /api/bills 500 in 252ms
 GET /api/categories 200 in 27ms
 POST /api/bills 201 in 45ms
 ✓ Compiled /api/goals in 172ms (62 modules)
 POST /api/goals 201 in 223ms
 ✓ Compiled /api/loans in 63ms (64 modules)
 POST /api/loans 201 in 109ms
 ✓ Compiled /api/investments in 81ms (66 modules)
 POST /api/investments 201 in 129ms
 ○ Compiling / ...
 ✓ Compiled / in 2.8s (1319 modules)
 GET / 200 in 3341ms
 ✓ Compiled in 584ms (645 modules)
 ○ Compiling /bills ...
 ✓ Compiled /bills in 986ms (1373 modules)
 GET /bills 200 in 1177ms
 ○ Compiling /goals ...
 ✓ Compiled /goals in 894ms (1383 modules)
 GET /goals 200 in 1047ms
 ✓ Compiled /loans in 485ms (1395 modules)
 GET /loans 200 in 578ms
 ○ Compiling /investments ...
 ✓ Compiled /investments in 784ms (1407 modules)
 GET /investments 200 in 948ms
[?25h
