yarn run v1.22.22
$ next dev
  ▲ Next.js 14.2.28
  - Local:        http://localhost:3000
  - Environments: .env
  - Experiments (use with caution):
    · outputFileTracingRoot

 ✓ Starting...
 ✓ Ready in 1738ms
 ○ Compiling / ...
 ✓ Compiled /_not-found in 3.7s (1469 modules)
 GET /_next/static/webpack/7f3aad33242e4f9a.webpack.hot-update.json 404 in 1282ms
 GET / 200 in 4016ms
 GET / 200 in 4091ms
 GET /api/transactions?year=2025&month=6 200 in 1721ms
 ○ Compiling /transactions ...
 ✓ Compiled /transactions in 2.2s (3199 modules)
 GET /_next/static/webpack/7f3aad33242e4f9a.webpack.hot-update.json 404 in 590ms
 GET / 200 in 1089ms
 GET / 200 in 1373ms
 GET /transactions 200 in 2736ms
 GET / 200 in 443ms
 ✓ Compiled /api/transactions/analytics in 241ms (1620 modules)
 ✓ Compiled (1624 modules)
 GET /api/transactions?page=1&limit=20&sortBy=date&sortOrder=desc&year=2025&month=6 200 in 493ms
 GET /api/transactions/summary?year=2025&month=6&_t=1748783148310 200 in 496ms
 GET /api/transactions/summary?year=2025&month=6&_t=1748783148317 200 in 497ms
 GET /api/categories 200 in 502ms
 GET /api/transactions/analytics?year=2025&month=6&_t=1748783148311 200 in 534ms
 GET /api/transactions/analytics?year=2025&month=6&_t=1748783148317 200 in 527ms
 GET /api/transactions?page=1&limit=20&sortBy=date&sortOrder=desc&year=2025&month=6 200 in 53ms
 GET /api/categories 200 in 40ms
 GET / 200 in 56ms
 ✓ Compiled /api/dashboard in 413ms (1626 modules)
Dashboard API called, testing Prisma connection...
Dashboard API called, testing Prisma connection...
Transaction count: 17
Transaction count: 17
 GET /api/dashboard?_t=1748783151532 200 in 562ms
 GET /api/dashboard?_t=1748783151528 200 in 572ms
 GET / 200 in 72ms
 GET / 200 in 41ms
 GET / 200 in 40ms
Dashboard API called, testing Prisma connection...
Transaction count: 17
Dashboard API called, testing Prisma connection...
Transaction count: 17
 GET /api/dashboard?_t=1748783176590 200 in 52ms
 GET /api/dashboard?_t=1748783176594 200 in 41ms
 GET /api/transactions/summary?year=2025&month=6&_t=1748783188422 200 in 44ms
 GET /api/transactions/analytics?year=2025&month=6&_t=1748783188422 200 in 66ms
 GET /api/transactions?page=1&limit=20&sortBy=date&sortOrder=desc&year=2025&month=6 200 in 71ms
 GET /api/transactions/summary?year=2025&month=6&_t=1748783188422 200 in 71ms
 GET /api/categories 200 in 79ms
 GET /api/transactions/analytics?year=2025&month=6&_t=1748783188422 200 in 94ms
 GET /api/transactions?page=1&limit=20&sortBy=date&sortOrder=desc&year=2025&month=6 200 in 34ms
 GET /api/categories 200 in 39ms
 ○ Compiling /bills ...
 ✓ Compiled /bills in 918ms (3230 modules)
 ✓ Compiled /api/bills/stats in 256ms (1641 modules)
 ✓ Compiled (1643 modules)
 GET /api/bills 200 in 505ms
 GET /api/bills/stats 200 in 490ms
 GET /api/bills 200 in 37ms
 GET /api/bills/stats 200 in 39ms
 GET /api/bills 200 in 30ms
 GET /api/bills 200 in 26ms
 ○ Compiling /goals ...
 ✓ Compiled /goals in 1035ms (3266 modules)
 ✓ Compiled /api/goals in 324ms (1662 modules)
 GET /api/goals?includeInvestments=true 200 in 382ms
 GET /api/goals?includeInvestments=true 200 in 27ms
 ○ Compiling /loans ...
 ✓ Compiled /loans in 757ms (3294 modules)
 ✓ Compiled /api/loans in 255ms (1678 modules)
 GET /api/loans 200 in 315ms
 GET /api/loans 200 in 26ms
 ○ Compiling /investments ...
 ✓ Compiled /investments in 565ms (3316 modules)
 ✓ Compiled /api/investments/portfolio in 469ms (1691 modules)
 ✓ Compiled (1693 modules)
 GET /api/investments?includeGoals=true 200 in 894ms
 GET /api/investments/portfolio 200 in 891ms
 GET /api/investments/portfolio 200 in 38ms
 GET /api/investments?includeGoals=true 200 in 41ms
Dashboard API called, testing Prisma connection...
Dashboard API called, testing Prisma connection...
Transaction count: 17
Transaction count: 17
 GET /api/dashboard?_t=1748783242030 200 in 131ms
 GET /api/dashboard?_t=1748783242030 200 in 119ms
