yarn run v1.22.22
$ next dev
  ▲ Next.js 14.2.28
  - Local:        http://localhost:3000
  - Environments: .env
  - Experiments (use with caution):
    · outputFileTracingRoot

 ✓ Starting...
 ✓ Ready in 1919ms
 ○ Compiling / ...
 ✓ Compiled / in 4.1s (1286 modules)
 GET / 200 in 3712ms
 GET / 200 in 4592ms
 ✓ Compiled in 579ms (645 modules)
 GET / 200 in 48ms
 ✓ Compiled /api/goals in 263ms (666 modules)
 ✓ Compiled (674 modules)
 GET /api/transactions 200 in 671ms
 GET /api/loans 200 in 672ms
 GET /api/investments 200 in 670ms
 GET /api/goals 200 in 667ms
 GET /api/bills 200 in 676ms
 GET /api/bills 200 in 52ms
 GET /api/investments 200 in 55ms
 GET /api/loans 200 in 53ms
 GET /api/goals 200 in 61ms
 GET /api/transactions 200 in 60ms
 GET / 200 in 88ms
 GET / 200 in 35ms
 GET / 200 in 33ms
 GET /api/transactions 200 in 49ms
 GET /api/loans 200 in 50ms
 GET /api/bills 200 in 55ms
 GET /api/goals 200 in 59ms
 GET /api/investments 200 in 59ms
 GET /api/transactions 200 in 37ms
 GET /api/bills 200 in 58ms
 GET /api/investments 200 in 51ms
 GET /api/goals 200 in 54ms
 GET /api/loans 200 in 53ms
 ○ Compiling /transactions ...
 ✓ Compiled /transactions in 2.7s (3057 modules)
 GET /api/transactions 200 in 47ms
 ✓ Compiled /api/categories in 185ms (1552 modules)
 GET /api/categories 200 in 249ms
 GET /api/transactions 200 in 24ms
 GET /api/categories 200 in 26ms
 ○ Compiling /bills ...
 ✓ Compiled /bills in 654ms (3077 modules)
 ✓ Compiled /api/bills/stats in 181ms (1564 modules)
 GET /api/bills 200 in 382ms
 GET /api/bills/stats 200 in 408ms
 GET /api/bills 200 in 36ms
 GET /api/bills/stats 200 in 39ms
 ✓ Compiled /goals in 405ms (3089 modules)
 GET /api/goals 200 in 27ms
 GET /api/goals 200 in 26ms
 GET /api/transactions 200 in 30ms
 GET /api/bills 200 in 31ms
 GET /api/transactions 200 in 26ms
 GET /api/bills 200 in 25ms
 GET /api/loans 200 in 27ms
 GET /api/goals 200 in 25ms
 GET /api/investments 200 in 23ms
 GET /api/loans 200 in 23ms
 GET /api/goals 200 in 22ms
 GET /api/investments 200 in 22ms
 GET /api/categories 200 in 29ms
 GET /api/transactions 200 in 28ms
 GET /api/categories 200 in 22ms
 GET /api/transactions 200 in 23ms
 ○ Compiling /investments ...
 ✓ Compiled /investments in 553ms (3103 modules)
 ✓ Compiled /api/investments/portfolio in 232ms (1580 modules)
 GET /api/investments 200 in 466ms
 GET /api/investments/portfolio 200 in 481ms
 GET /api/investments 200 in 30ms
 GET /api/investments/portfolio 200 in 36ms
 GET /api/categories 200 in 29ms
 GET /api/goals 200 in 30ms
 GET /api/loans 200 in 48ms
 GET /api/transactions 200 in 57ms
 GET /api/bills 200 in 61ms
 GET /api/investments 200 in 62ms
 GET /api/goals 200 in 63ms
 GET /api/loans 200 in 23ms
 GET /api/transactions 200 in 26ms
 GET /api/goals 200 in 28ms
 GET /api/investments 200 in 35ms
 GET /api/bills 200 in 31ms
 ○ Compiling /loans ...
 ✓ Compiled /loans in 720ms (3113 modules)
 GET /api/loans 200 in 30ms
 GET /api/loans 200 in 23ms
 GET /api/bills 200 in 36ms
 ✓ Compiled /api/bills/stats in 287ms (1586 modules)
 GET /api/bills/stats 200 in 346ms
 GET /api/bills 200 in 23ms
 GET /api/bills/stats 200 in 27ms
 GET /api/goals 200 in 25ms
 GET /api/goals 200 in 24ms
 GET /api/bills 200 in 33ms
 GET /api/bills/stats 200 in 41ms
 GET /api/bills/stats 200 in 40ms
 GET /api/bills 200 in 33ms
 GET /api/goals 200 in 28ms
 GET /api/goals 200 in 26ms
 GET /api/loans 200 in 26ms
 GET /api/loans 200 in 26ms
 GET /api/investments/portfolio 200 in 32ms
 GET /api/investments 200 in 33ms
 GET /api/investments/portfolio 200 in 28ms
 GET /api/investments 200 in 27ms
 GET /api/transactions 200 in 45ms
 GET /api/loans 200 in 60ms
 GET /api/bills 200 in 58ms
 GET /api/goals 200 in 60ms
 GET /api/investments 200 in 61ms
 GET /api/loans 200 in 35ms
 GET /api/transactions 200 in 36ms
 GET /api/goals 200 in 34ms
 GET /api/bills 200 in 34ms
 GET /api/investments 200 in 40ms
 GET /api/bills/stats 200 in 38ms
 GET /api/bills 200 in 31ms
 GET /api/bills 200 in 29ms
 GET /api/bills/stats 200 in 32ms
 GET /api/transactions 200 in 35ms
 GET /api/bills 200 in 44ms
 GET /api/goals 200 in 43ms
 GET /api/investments 200 in 43ms
 GET /api/loans 200 in 52ms
 GET /api/transactions 200 in 24ms
 GET /api/goals 200 in 38ms
 GET /api/bills 200 in 37ms
 GET /api/investments 200 in 38ms
 GET /api/loans 200 in 29ms
 GET /api/categories 200 in 34ms
 GET /api/transactions 200 in 33ms
 GET /api/transactions 200 in 33ms
 GET /api/categories 200 in 31ms
 GET /api/investments 200 in 42ms
 GET /api/bills 200 in 60ms
 GET /api/transactions 200 in 54ms
 GET /api/goals 200 in 56ms
 GET /api/loans 200 in 60ms
 GET /api/investments 200 in 23ms
 GET /api/bills 200 in 30ms
 GET /api/transactions 200 in 34ms
 GET /api/loans 200 in 42ms
 GET /api/goals 200 in 35ms
 ✓ Compiled in 869ms (3062 modules)
 ✓ Compiled in 699ms (1541 modules)
 ✓ Compiled in 478ms (1541 modules)
 ✓ Compiled in 758ms (1541 modules)
 ✓ Compiled in 650ms (1541 modules)
 ✓ Compiled in 390ms (1541 modules)
 ✓ Compiled in 547ms (1541 modules)
 ✓ Compiled in 935ms (1544 modules)
[?25h
