yarn run v1.22.22
$ next dev
  ▲ Next.js 14.2.28
  - Local:        http://localhost:3000
  - Environments: .env
  - Experiments (use with caution):
    · outputFileTracingRoot

 ✓ Starting...
 ✓ Ready in 1637ms
 ○ Compiling / ...
 ✓ Compiled / in 2.5s (1452 modules)
 GET / 200 in 3010ms
 GET / 200 in 3088ms
 ✓ Compiled in 618ms (730 modules)
 GET / 200 in 98ms
 ✓ Compiled /api/dashboard in 142ms (753 modules)
Dashboard API called, testing Prisma connection...
Transaction count: 17
 GET /api/dashboard 200 in 369ms
Dashboard API called, testing Prisma connection...
Transaction count: 17
 GET /api/dashboard 200 in 36ms
 GET / 200 in 91ms
 GET / 200 in 36ms
 GET / 200 in 37ms
Dashboard API called, testing Prisma connection...
Transaction count: 17
 GET /api/dashboard 200 in 36ms
Dashboard API called, testing Prisma connection...
Transaction count: 17
 GET /api/dashboard 200 in 40ms
 ○ Compiling /goals ...
 ✓ Compiled /goals in 1422ms (3135 modules)
 ✓ Compiled /api/goals in 366ms (1589 modules)
 GET /api/goals?includeInvestments=true 200 in 510ms
 GET /api/goals?includeInvestments=true 200 in 27ms
 ○ Compiling /goals/[id] ...
 ✓ Compiled /goals/[id] in 507ms (3150 modules)
 ✓ Compiled /api/goals/[id] in 213ms (1598 modules)
 ✓ Compiled (1600 modules)
 GET /api/investments?includeGoals=true 200 in 545ms
 GET /api/goals/cmbdkzt5s0001pc01y7erzjyv 200 in 779ms
 GET /api/investments?includeGoals=true 200 in 27ms
 GET /api/goals/cmbdkzt5s0001pc01y7erzjyv 200 in 46ms
 ○ Compiling /investments ...
 ✓ Compiled /investments in 936ms (3180 modules)
 GET /api/investments?includeGoals=true 200 in 42ms
 ✓ Compiled /api/investments/portfolio in 352ms (1616 modules)
 GET /api/investments/portfolio 200 in 426ms
 GET /api/investments?includeGoals=true 200 in 70ms
 GET /api/investments/portfolio 200 in 29ms
 GET /api/goals?includeInvestments=true 200 in 28ms
 GET /api/goals?includeInvestments=true 200 in 26ms
 GET /api/investments?includeGoals=true 200 in 33ms
 GET /api/investments?includeGoals=true 200 in 31ms
 ✓ Compiled /api/goals/[id]/investments in 258ms (1618 modules)
 POST /api/goals/cmbdkzt5s0001pc01y7erzjyv/investments 201 in 601ms
 GET /api/goals?includeInvestments=true 200 in 32ms
 GET /api/investments?includeGoals=true 200 in 55ms
 GET /api/investments/portfolio 200 in 55ms
 GET /api/investments/portfolio 200 in 44ms
 GET /api/investments?includeGoals=true 200 in 42ms
 GET /api/goals?includeInvestments=true 200 in 29ms
 GET /api/goals?includeInvestments=true 200 in 26ms
 ✓ Compiled /api/categories in 296ms (1616 modules)
 GET /api/categories 200 in 347ms
 POST /api/goals 201 in 32ms
 GET /api/goals?includeInvestments=true 200 in 31ms
 GET /api/investments?includeGoals=true 200 in 30ms
 POST /api/goals/cmbdmdgp100030xzt1izcf34a/investments 201 in 46ms
 GET /api/goals?includeInvestments=true 200 in 31ms
 GET /api/investments?includeGoals=true 200 in 32ms
 GET /api/investments/portfolio 200 in 38ms
 GET /api/investments?includeGoals=true 200 in 34ms
 GET /api/investments/portfolio 200 in 38ms
 ✓ Compiled /api/dashboard in 298ms (1616 modules)
Dashboard API called, testing Prisma connection...
Transaction count: 17
 GET /api/dashboard 200 in 439ms
Dashboard API called, testing Prisma connection...
Transaction count: 17
 GET /api/dashboard 200 in 36ms
 ○ Compiling /transactions ...
 ✓ Compiled /transactions in 1386ms (3288 modules)
 ✓ Compiled /api/transactions/analytics in 336ms (1672 modules)
 ✓ Compiled (1678 modules)
 GET /api/transactions/summary?year=2025&month=6&_t=1748779918994 200 in 740ms
 GET /api/transactions/summary?year=2025&month=6&_t=1748779918995 200 in 746ms
 GET /api/categories 200 in 749ms
 GET /api/transactions?page=1&limit=20&sortBy=date&sortOrder=desc&year=2025&month=6 200 in 745ms
 GET /api/transactions/analytics?year=2025&month=6&_t=1748779918995 200 in 770ms
 GET /api/transactions/analytics?year=2025&month=6&_t=1748779918995 200 in 758ms
 GET /api/transactions?page=1&limit=20&sortBy=date&sortOrder=desc&year=2025&month=6 200 in 37ms
 GET /api/categories 200 in 34ms
 GET /api/transactions/analytics?year=2025&month=6&_t=1748779923848 200 in 41ms
 GET /api/transactions/analytics?year=2025&month=6&_t=1748779925273 200 in 37ms
 ○ Compiling /bills ...
 ✓ Compiled /bills in 755ms (3320 modules)
 ✓ Compiled /api/bills in 369ms (1693 modules)
 ✓ Compiled (1695 modules)
 GET /api/bills 200 in 693ms
 GET /api/bills/stats 200 in 696ms
 GET /api/bills/stats 200 in 43ms
 GET /api/bills 200 in 41ms
 GET /api/bills 200 in 26ms
 GET /api/bills 200 in 26ms
 GET /api/bills?view=monthly&year=2025&month=6 200 in 36ms
 GET /api/bills/stats 200 in 45ms
 GET /api/bills?view=yearly&year=2025 200 in 32ms
 GET /api/bills/stats 200 in 31ms
 GET /api/bills?view=monthly&year=2025&month=6 200 in 36ms
 GET /api/bills/stats 200 in 42ms
 GET /api/goals?includeInvestments=true 200 in 34ms
 GET /api/goals?includeInvestments=true 200 in 29ms
 ○ Compiling /loans ...
 ✓ Compiled /loans in 925ms (3342 modules)
 ✓ Compiled /api/loans in 404ms (1704 modules)
 GET /api/loans 200 in 465ms
 GET /api/loans 200 in 31ms
 ✓ Compiled /api/investments/portfolio in 236ms (1706 modules)
 ✓ Compiled (1708 modules)
 GET /api/investments/portfolio 200 in 533ms
 GET /api/investments?includeGoals=true 200 in 538ms
 GET /api/investments?includeGoals=true 200 in 27ms
 GET /api/investments/portfolio 200 in 25ms
 GET /api/goals 200 in 36ms
 GET /api/categories 200 in 27ms
 POST /api/investments 201 in 37ms
 GET /api/investments/portfolio 200 in 31ms
 GET /api/investments?includeGoals=true 200 in 32ms
 GET /api/goals?includeInvestments=true 200 in 32ms
 GET /api/goals?includeInvestments=true 200 in 33ms
 ✓ Compiled /api/goals/[id] in 386ms (1662 modules)
 GET /api/goals/cmbdkzt5s0001pc01y7erzjyv 200 in 680ms
 GET /api/investments?includeGoals=true 200 in 680ms
 GET /api/goals/cmbdkzt5s0001pc01y7erzjyv 200 in 46ms
 GET /api/investments?includeGoals=true 200 in 27ms
 GET /api/investments/portfolio 200 in 35ms
 GET /api/investments?includeGoals=true 200 in 38ms
 GET /api/investments/portfolio 200 in 27ms
 GET /api/investments?includeGoals=true 200 in 28ms
 ✓ Compiled /api/categories in 214ms (1664 modules)
 GET /api/categories 200 in 541ms
 GET /api/goals 200 in 524ms
 ○ Compiling / ...
 ✓ Compiled / in 719ms (1656 modules)
 ✓ Compiled /api/dashboard in 214ms (1658 modules)
Dashboard API called, testing Prisma connection...
Transaction count: 17
 GET /api/dashboard 200 in 359ms
Dashboard API called, testing Prisma connection...
Transaction count: 17
 GET /api/dashboard 200 in 36ms
 GET / 200 in 137ms
 GET / 200 in 43ms
 GET / 200 in 44ms
Dashboard API called, testing Prisma connection...
Transaction count: 17
 GET /api/dashboard 200 in 37ms
Dashboard API called, testing Prisma connection...
Transaction count: 17
 GET /api/dashboard 200 in 36ms
 ✓ Compiled /transactions in 394ms (1644 modules)
 ✓ Compiled /api/transactions/summary in 317ms (1676 modules)
 GET /api/transactions/summary?year=2025&month=6&_t=1748780487358 200 in 455ms
 ✓ Compiled /api/transactions in 226ms (1678 modules)
 ✓ Compiled (1682 modules)
 GET /api/transactions?page=1&limit=20&sortBy=date&sortOrder=desc&year=2025&month=6 200 in 427ms
 GET /api/categories 200 in 511ms
 GET /api/transactions/summary?year=2025&month=6&_t=1748780487358 200 in 418ms
 GET /api/transactions/analytics?year=2025&month=6&_t=1748780487358 200 in 520ms
 GET /api/transactions/analytics?year=2025&month=6&_t=1748780487358 200 in 512ms
 GET /api/transactions?page=1&limit=20&sortBy=date&sortOrder=desc&year=2025&month=6 200 in 33ms
 GET /api/categories 200 in 38ms
 GET /api/transactions/analytics?year=2025&month=6&_t=1748780492046 200 in 42ms
 GET /api/transactions/analytics?year=2025&month=6&_t=1748780493405 200 in 39ms
 ✓ Compiled /api/dashboard in 353ms (1664 modules)
Dashboard API called, testing Prisma connection...
Transaction count: 17
 GET /api/dashboard 200 in 494ms
Dashboard API called, testing Prisma connection...
Transaction count: 17
 GET /api/dashboard 200 in 37ms
 ✓ Compiled in 1199ms (3265 modules)
 ✓ Compiled in 935ms (3265 modules)
 ✓ Compiled in 844ms (3265 modules)
 ✓ Compiled in 763ms (3265 modules)
 ✓ Compiled in 360ms (1644 modules)
[?25h
