yarn run v1.22.22
$ next dev
  ▲ Next.js 14.2.28
  - Local:        http://localhost:3000
  - Environments: .env
  - Experiments (use with caution):
    · outputFileTracingRoot

 ✓ Starting...
 ✓ Ready in 1844ms
 ○ Compiling / ...
 ✓ Compiled / in 3.4s (1340 modules)
 GET / 200 in 4179ms
 ✓ Compiled in 825ms (674 modules)
 ✓ Compiled /api/dashboard in 424ms (697 modules)
Dashboard API called, testing Prisma connection...
Transaction count: 17
 GET /api/dashboard 200 in 696ms
 GET / 200 in 101ms
Dashboard API called, testing Prisma connection...
Transaction count: 17
 GET /api/dashboard 200 in 45ms
 GET / 200 in 50ms
Dashboard API called, testing Prisma connection...
Transaction count: 17
Dashboard API called, testing Prisma connection...
Transaction count: 17
 GET /api/dashboard?_t=1748784321470 200 in 74ms
 GET /api/dashboard?_t=1748784321458 200 in 83ms
 ✓ Compiled /api/health in 275ms (700 modules)
 GET /api/health 200 in 427ms
 ✓ Compiled in 669ms (1374 modules)
[?25h
