yarn run v1.22.22
$ next dev
  ▲ Next.js 14.2.28
  - Local:        http://localhost:3000
  - Environments: .env
  - Experiments (use with caution):
    · outputFileTracingRoot

 ✓ Starting...
 ✓ Ready in 1747ms
 ✓ Compiled /api/bills/stats in 466ms (58 modules)
 GET /api/bills/stats 200 in 693ms
 ✓ Compiled /api/categories in 168ms (60 modules)
 GET /api/categories 200 in 206ms
 POST /api/categories 200 in 21ms
 POST /api/categories 200 in 20ms
 POST /api/categories 200 in 22ms
 ✓ Compiled /api/bills in 81ms (62 modules)
 POST /api/bills 201 in 120ms
 POST /api/bills 201 in 22ms
 POST /api/bills 201 in 22ms
 ✓ Compiled /api/bills/generate in 83ms (65 modules)
 POST /api/bills/generate 200 in 146ms
 GET /api/bills/stats 200 in 34ms
 ○ Compiling / ...
 ✓ Compiled / in 3.4s (3076 modules)
 GET / 200 in 3861ms
 ✓ Compiled in 617ms (1523 modules)
 ✓ Compiled /api/transactions in 388ms (1555 modules)
 ✓ Compiled (1559 modules)
 GET /api/transactions?page=1&limit=20 200 in 684ms
 GET /api/bills/instances?upcoming=true 200 in 685ms
 GET /api/categories 200 in 686ms
 GET /api/transactions/stats 200 in 720ms
 GET /api/transactions?page=1&limit=20 200 in 35ms
 GET /api/categories 200 in 34ms
 GET /api/bills/instances?upcoming=true 200 in 41ms
 GET /api/transactions/stats 200 in 332ms
 GET /api/bills/instances?overdue=true 200 in 314ms
 GET /api/bills/instances?overdue=true 200 in 52ms
 ○ Compiling /bills ...
 ✓ Compiled /bills in 808ms (3108 modules)
 GET /bills 200 in 922ms
 GET /api/bills/instances?upcoming=true 200 in 39ms
 GET /api/bills 200 in 39ms
 GET /api/bills/stats 200 in 51ms
 GET /api/bills/instances?overdue=true 200 in 28ms
 GET /api/bills/instances?upcoming=true 200 in 38ms
 GET /api/bills 200 in 39ms
 GET /api/bills/stats 200 in 36ms
 GET /api/bills/instances?overdue=true 200 in 18ms
 GET /bills 200 in 33ms
 GET /bills 200 in 39ms
 GET /api/bills/instances?upcoming=true 200 in 33ms
 GET /api/bills 200 in 40ms
 GET /api/bills/stats 200 in 38ms
 GET /api/bills/instances?overdue=true 200 in 21ms
 GET /api/bills/instances?upcoming=true 200 in 34ms
 GET /api/bills 200 in 41ms
 GET /api/bills/stats 200 in 39ms
 GET /api/bills/instances?overdue=true 200 in 19ms
 GET /api/bills 200 in 18ms
 GET /api/bills/instances?upcoming=true 200 in 20ms
 GET / 200 in 52ms
 GET /api/bills/instances?upcoming=true 200 in 43ms
 GET /api/categories 200 in 45ms
 GET /api/transactions?page=1&limit=20 200 in 53ms
 GET /api/transactions/stats 200 in 58ms
 GET /api/bills/instances?overdue=true 200 in 37ms
 GET /api/bills/instances?upcoming=true 200 in 37ms
 GET /api/categories 200 in 38ms
 GET /api/transactions?page=1&limit=20 200 in 44ms
 GET /api/transactions/stats 200 in 52ms
 GET /api/bills/instances?overdue=true 200 in 20ms
 ✓ Compiled /api/bills/export in 229ms (1581 modules)
 GET /api/bills/export 200 in 278ms
 ✓ Compiled /api/bills/instances/[id] in 227ms (1583 modules)
 PUT /api/bills/instances/cmbcqyarx0006zmjj9265msqb 200 in 542ms
 GET /api/bills/stats 200 in 23ms
 GET / 200 in 60ms
 GET /bills 200 in 33ms
 ✓ Compiled /api/bills/analytics in 424ms (1582 modules)
 GET /api/bills/analytics 200 in 471ms
[?25h
