yarn run v1.22.22
$ next dev
  ▲ Next.js 14.2.28
  - Local:        http://localhost:3000
  - Environments: .env
  - Experiments (use with caution):
    · outputFileTracingRoot

 ✓ Starting...
 ✓ Ready in 1654ms
 ○ Compiling / ...
 ✓ Compiled / in 3s (1340 modules)
 ○ Compiling /_not-found ...
 GET / 200 in 3345ms
 GET / 200 in 3540ms
 ✓ Compiled /_not-found in 1169ms (1331 modules)
 GET /_next/static/webpack/58902b1eeb53d49d.webpack.hot-update.json 404 in 1219ms
 GET / 200 in 95ms
 ✓ Compiled /api/dashboard in 220ms (698 modules)
Dashboard API called, testing Prisma connection...
Dashboard API called, testing Prisma connection...
 GET / 200 in 218ms
Transaction count: 17
Transaction count: 17
 GET /api/dashboard?_t=1748784430390 200 in 472ms
 GET /api/dashboard?_t=1748784430388 200 in 476ms
Dashboard API called, testing Prisma connection...
Transaction count: 17
 GET /api/dashboard?_t=1748784433041 200 in 47ms
Dashboard API called, testing Prisma connection...
Transaction count: 17
 GET /api/dashboard?_t=1748784433037 200 in 49ms
 GET / 200 in 43ms
 GET / 200 in 41ms
 GET / 200 in 37ms
Dashboard API called, testing Prisma connection...
Transaction count: 17
 GET /api/dashboard?_t=1748784449736 200 in 39ms
Dashboard API called, testing Prisma connection...
Transaction count: 17
 GET /api/dashboard?_t=1748784449741 200 in 36ms
 ○ Compiling /transactions ...
 ✓ Compiled /transactions in 1801ms (3160 modules)
 ✓ Compiled /api/transactions/analytics in 211ms (1615 modules)
 ✓ Compiled (1617 modules)
 GET /api/transactions?page=1&limit=20&sortBy=date&sortOrder=desc&year=2025&month=6 200 in 582ms
 GET /api/transactions/analytics?year=2025&month=6&_t=1748784524612 200 in 585ms
 GET /api/transactions/analytics?year=2025&month=6&_t=1748784524613 200 in 44ms
 ✓ Compiled /api/categories in 177ms (1619 modules)
 ✓ Compiled (1621 modules)
 GET /api/categories 200 in 367ms
 GET /api/transactions/summary?year=2025&month=6&_t=1748784524612 200 in 416ms
 GET /api/transactions/summary?year=2025&month=6&_t=1748784524613 200 in 384ms
 GET /api/transactions?page=1&limit=20&sortBy=date&sortOrder=desc&year=2025&month=6 200 in 290ms
 GET /api/categories 200 in 27ms
 ○ Compiling /bills ...
 ✓ Compiled /bills in 840ms (3224 modules)
 ✓ Compiled /api/bills/stats in 275ms (1637 modules)
 ✓ Compiled (1639 modules)
 GET /api/bills 200 in 544ms
 GET /api/bills/stats 200 in 526ms
 GET /api/bills 200 in 25ms
 GET /api/bills/stats 200 in 27ms
 GET /api/bills 200 in 28ms
 GET /api/bills 200 in 26ms
 ○ Compiling /goals ...
 ✓ Compiled /goals in 763ms (3260 modules)
 ✓ Compiled /api/goals in 219ms (1658 modules)
 GET /api/goals?includeInvestments=true 200 in 273ms
 GET /api/goals?includeInvestments=true 200 in 28ms
 ○ Compiling /loans ...
 ✓ Compiled /loans in 652ms (3288 modules)
 ✓ Compiled /api/loans in 270ms (1674 modules)
 GET /api/loans 200 in 324ms
 GET /api/loans 200 in 27ms
 ○ Compiling /investments ...
 ✓ Compiled /investments in 659ms (3310 modules)
 ✓ Compiled /api/investments in 280ms (1687 modules)
 ✓ Compiled (1689 modules)
 GET /api/investments?includeGoals=true 200 in 573ms
 GET /api/investments/portfolio 200 in 594ms
 GET /api/investments/portfolio 200 in 37ms
 GET /api/investments?includeGoals=true 200 in 37ms
 ✓ Compiled /api/dashboard in 305ms (1691 modules)
Dashboard API called, testing Prisma connection...
Dashboard API called, testing Prisma connection...
Transaction count: 17
Transaction count: 17
 GET /api/dashboard?_t=1748784559520 200 in 464ms
 GET /api/dashboard?_t=1748784559519 200 in 470ms
 GET /api/transactions/summary?year=2025&month=6&_t=1748784578744 200 in 76ms
 GET /api/transactions/summary?year=2025&month=6&_t=1748784578743 200 in 71ms
 GET /api/transactions/analytics?year=2025&month=6&_t=1748784578743 200 in 85ms
 GET /api/transactions?page=1&limit=20&sortBy=date&sortOrder=desc&year=2025&month=6 200 in 85ms
 GET /api/categories 200 in 86ms
 GET /api/transactions/analytics?year=2025&month=6&_t=1748784578744 200 in 102ms
 GET /api/transactions?page=1&limit=20&sortBy=date&sortOrder=desc&year=2025&month=6 200 in 35ms
 GET /api/categories 200 in 39ms
Dashboard API called, testing Prisma connection...
Transaction count: 17
 GET /api/dashboard?_t=1748784582866 200 in 44ms
Dashboard API called, testing Prisma connection...
Transaction count: 17
 GET /api/dashboard?_t=1748784582866 200 in 40ms
 ✓ Compiled in 1209ms (3263 modules)
 ✓ Compiled in 824ms (3263 modules)
[?25h
