yarn run v1.22.22
$ next dev
  ▲ Next.js 14.2.28
  - Local:        http://localhost:3000
  - Environments: .env
  - Experiments (use with caution):
    · outputFileTracingRoot

 ✓ Starting...
 ✓ Ready in 1764ms
 ○ Compiling / ...
 ✓ Compiled / in 3.5s (3101 modules)
 GET / 200 in 3282ms
 GET / 200 in 4082ms
 ✓ Compiled in 641ms (1555 modules)
 GET / 200 in 44ms
 ✓ Compiled /api/transactions in 405ms (1578 modules)
 ✓ Compiled (1590 modules)
 GET /api/transactions?page=1&limit=20 200 in 909ms
 GET /api/loans 200 in 923ms
 GET /api/investments/portfolio 200 in 923ms
 GET /api/goals?status=ACTIVE 200 in 913ms
 GET /api/loans/stats 200 in 918ms
 GET /api/goals/stats 200 in 918ms
 GET /api/bills/instances?upcoming=true 200 in 930ms
 ✓ Compiled /api/categories in 195ms (1592 modules)
 ✓ Compiled (1594 modules)
 GET /api/categories 200 in 421ms
 GET /api/transactions/stats 200 in 447ms
 GET /api/goals?status=ACTIVE 200 in 66ms
 GET /api/investments/portfolio 200 in 78ms
 GET /api/bills/instances?upcoming=true 200 in 79ms
 GET /api/loans 200 in 88ms
 GET /api/transactions?page=1&limit=20 200 in 89ms
 GET /api/loans/stats 200 in 88ms
 GET /api/goals/stats 200 in 77ms
 GET /api/categories 200 in 33ms
 GET /api/transactions/stats 200 in 40ms
 GET /api/bills/instances?overdue=true 200 in 24ms
 GET /api/bills/instances?overdue=true 200 in 21ms
 GET / 200 in 166ms
 GET / 200 in 169ms
 GET / 200 in 40ms
 GET /api/bills/instances?upcoming=true 200 in 60ms
 GET /api/investments/portfolio 200 in 69ms
 GET /api/loans 200 in 72ms
 GET /api/goals?status=ACTIVE 200 in 70ms
 GET /api/transactions/stats 200 in 75ms
 GET /api/goals/stats 200 in 69ms
 GET /api/bills/instances?overdue=true 200 in 27ms
 GET /api/bills/instances?upcoming=true 200 in 28ms
 GET /api/investments/portfolio 200 in 26ms
 GET /api/loans 200 in 37ms
 GET /api/goals/stats 200 in 39ms
 GET /api/transactions/stats 200 in 47ms
 GET /api/bills/instances?overdue=true 200 in 21ms
 GET /api/loans/stats 200 in 29ms
 GET /api/categories 200 in 31ms
 GET /api/transactions?page=1&limit=20 200 in 24ms
 GET /api/loans/stats 200 in 27ms
 GET /api/categories 200 in 26ms
 GET /api/transactions?page=1&limit=20 200 in 23ms
 GET /api/goals?status=ACTIVE 200 in 24ms
 ○ Compiling /bills ...
 ✓ Compiled /bills in 1050ms (3127 modules)
 ✓ Compiled /api/bills/instances in 158ms (1598 modules)
 GET /api/bills/instances?upcoming=true 200 in 255ms
 GET /api/bills/instances?overdue=true 200 in 22ms
 ✓ Compiled /api/bills in 160ms (1600 modules)
 ✓ Compiled (1602 modules)
 GET /api/bills 200 in 245ms
 GET /api/bills/stats 200 in 367ms
 GET /api/bills/instances?upcoming=true 200 in 23ms
 GET /api/bills/stats 200 in 25ms
 GET /api/bills 200 in 25ms
 GET /api/bills/instances?overdue=true 200 in 21ms
 GET / 200 in 158ms
 ✓ Compiled /api/loans/stats in 268ms (1604 modules)
 ✓ Compiled (1612 modules)
 GET /api/bills/instances?upcoming=true 200 in 523ms
 GET /api/investments/portfolio 200 in 545ms
 GET /api/loans 200 in 551ms
 GET /api/loans/stats 200 in 543ms
 GET /api/goals?status=ACTIVE 200 in 555ms
 GET /api/transactions/stats 200 in 564ms
 ✓ Compiled /api/categories in 223ms (1614 modules)
 ✓ Compiled (1618 modules)
 GET /api/bills/instances?upcoming=true 200 in 448ms
 GET /api/bills/instances?overdue=true 200 in 448ms
 GET /api/goals?status=ACTIVE 200 in 419ms
 GET /api/investments/portfolio 200 in 425ms
 GET /api/goals/stats 200 in 459ms
 GET /api/loans 200 in 441ms
 GET /api/categories 200 in 446ms
 GET /api/transactions?page=1&limit=20 200 in 519ms
 GET /api/transactions/stats 200 in 375ms
 GET /api/bills/instances?overdue=true 200 in 28ms
 GET /api/transactions?page=1&limit=20 200 in 47ms
 GET /api/categories 200 in 43ms
 GET /api/goals/stats 200 in 43ms
 GET /api/loans/stats 200 in 24ms
 ✓ Compiled /goals in 467ms (3211 modules)
 GET /api/goals/stats 200 in 40ms
 GET /api/goals 200 in 46ms
 GET /api/goals/stats 200 in 27ms
 GET /api/goals 200 in 33ms
 GET / 200 in 86ms
 GET /api/bills/instances?upcoming=true 200 in 63ms
 GET /api/loans/stats 200 in 100ms
 GET /api/categories 200 in 99ms
 GET /api/loans 200 in 100ms
 GET /api/investments/portfolio 200 in 100ms
 GET /api/goals/stats 200 in 106ms
 GET /api/goals?status=ACTIVE 200 in 112ms
 GET /api/transactions?page=1&limit=20 200 in 110ms
 GET /api/transactions/stats 200 in 119ms
 GET /api/bills/instances?overdue=true 200 in 23ms
 GET /api/bills/instances?upcoming=true 200 in 35ms
 GET /api/categories 200 in 33ms
 GET /api/loans/stats 200 in 35ms
 GET /api/goals/stats 200 in 49ms
 GET /api/loans 200 in 51ms
 GET /api/investments/portfolio 200 in 55ms
 GET /api/goals?status=ACTIVE 200 in 55ms
 GET /api/transactions/stats 200 in 65ms
 GET /api/transactions?page=1&limit=20 200 in 55ms
 GET /api/bills/instances?overdue=true 200 in 23ms
 ○ Compiling /loans ...
 ✓ Compiled /loans in 599ms (3235 modules)
 GET /api/loans 200 in 31ms
 GET /api/loans/stats 200 in 33ms
 GET /api/loans/stats 200 in 22ms
 GET /api/loans 200 in 21ms
 GET / 200 in 67ms
 GET /api/loans/stats 200 in 87ms
 GET /api/goals?status=ACTIVE 200 in 88ms
 GET /api/goals/stats 200 in 90ms
 GET /api/transactions?page=1&limit=20 200 in 90ms
 GET /api/bills/instances?upcoming=true 200 in 89ms
 GET /api/loans 200 in 95ms
 GET /api/investments/portfolio 200 in 100ms
 GET /api/categories 200 in 101ms
 GET /api/transactions/stats 200 in 110ms
 GET /api/bills/instances?upcoming=true 200 in 43ms
 GET /api/goals/stats 200 in 56ms
 GET /api/transactions?page=1&limit=20 200 in 58ms
 GET /api/bills/instances?overdue=true 200 in 73ms
 GET /api/investments/portfolio 200 in 78ms
 GET /api/categories 200 in 80ms
 GET /api/goals?status=ACTIVE 200 in 81ms
 GET /api/loans 200 in 81ms
 GET /api/loans/stats 200 in 78ms
 GET /api/transactions/stats 200 in 95ms
 GET /api/bills/instances?overdue=true 200 in 22ms
 ○ Compiling /investments ...
 ✓ Compiled /investments in 849ms (3273 modules)
 GET /api/investments/portfolio 200 in 39ms
 ✓ Compiled /api/investments in 249ms (1670 modules)
 GET /api/investments 200 in 302ms
 GET /api/investments/portfolio 200 in 23ms
 GET /api/investments 200 in 25ms
 GET /api/categories 200 in 29ms
 GET /api/goals 200 in 30ms
 GET / 200 in 77ms
 GET /api/investments/portfolio 200 in 67ms
 GET /api/loans/stats 200 in 93ms
 GET /api/categories 200 in 93ms
 GET /api/bills/instances?upcoming=true 200 in 94ms
 GET /api/transactions?page=1&limit=20 200 in 94ms
 GET /api/goals/stats 200 in 102ms
 GET /api/goals?status=ACTIVE 200 in 102ms
 GET /api/transactions/stats 200 in 111ms
 GET /api/loans 200 in 107ms
 GET /api/investments/portfolio 200 in 22ms
 GET /api/categories 200 in 38ms
 GET /api/bills/instances?upcoming=true 200 in 51ms
 GET /api/bills/instances?overdue=true 200 in 56ms
 GET /api/loans/stats 200 in 73ms
 GET /api/transactions?page=1&limit=20 200 in 69ms
 GET /api/goals/stats 200 in 69ms
 GET /api/goals?status=ACTIVE 200 in 66ms
 GET /api/transactions/stats 200 in 81ms
 GET /api/loans 200 in 68ms
 GET /api/bills/instances?overdue=true 200 in 21ms
 GET /api/investments 200 in 26ms
 GET /api/investments 200 in 23ms
 GET /api/investments/portfolio 200 in 23ms
 GET /api/investments/portfolio 200 in 22ms
 GET / 200 in 40ms
 GET /api/categories 200 in 62ms
 GET /api/goals?status=ACTIVE 200 in 63ms
 GET /api/loans 200 in 68ms
 GET /api/bills/instances?upcoming=true 200 in 67ms
 GET /api/transactions/stats 200 in 81ms
 GET /api/goals/stats 200 in 72ms
 GET /api/goals?status=ACTIVE 200 in 43ms
 GET /api/transactions/stats 200 in 52ms
 GET /api/bills/instances?upcoming=true 200 in 56ms
 GET /api/bills/instances?overdue=true 200 in 54ms
 GET /api/goals/stats 200 in 51ms
 GET /api/categories 200 in 48ms
 GET /api/bills/instances?overdue=true 200 in 22ms
 GET /api/transactions?page=1&limit=20 200 in 22ms
 GET /api/loans/stats 200 in 28ms
 GET /api/investments/portfolio 200 in 31ms
 GET /api/transactions?page=1&limit=20 200 in 22ms
 GET /api/loans/stats 200 in 26ms
 GET /api/investments/portfolio 200 in 31ms
 GET /api/loans 200 in 22ms
 GET /api/investments 200 in 32ms
 GET /api/investments/portfolio 200 in 30ms
 GET /api/investments 200 in 27ms
 GET /api/investments/portfolio 200 in 29ms
 GET /api/categories 200 in 31ms
 GET /api/goals 200 in 34ms
 GET / 200 in 38ms
 GET /api/goals/stats 200 in 46ms
 GET /api/investments/portfolio 200 in 74ms
 GET /api/bills/instances?upcoming=true 200 in 70ms
 GET /api/categories 200 in 78ms
 GET /api/transactions?page=1&limit=20 200 in 78ms
 GET /api/loans/stats 200 in 78ms
 GET /api/goals?status=ACTIVE 200 in 85ms
 GET /api/loans 200 in 84ms
 GET /api/transactions/stats 200 in 91ms
 GET /api/goals/stats 200 in 22ms
 GET /api/transactions?page=1&limit=20 200 in 46ms
 GET /api/investments/portfolio 200 in 57ms
 GET /api/bills/instances?upcoming=true 200 in 58ms
 GET /api/bills/instances?overdue=true 200 in 49ms
 GET /api/goals?status=ACTIVE 200 in 60ms
 GET /api/transactions/stats 200 in 68ms
 GET /api/categories 200 in 75ms
 GET /api/loans 200 in 67ms
 GET /api/loans/stats 200 in 63ms
 GET /api/bills/instances?overdue=true 200 in 22ms
[?25h
