yarn run v1.22.22
$ next dev
  ▲ Next.js 14.2.28
  - Local:        http://localhost:3000
  - Environments: .env
  - Experiments (use with caution):
    · outputFileTracingRoot

 ✓ Starting...
 ✓ Ready in 1713ms
 ○ Compiling / ...
 ✓ Compiled / in 3s (1279 modules)
 GET / 200 in 3598ms
 ✓ Compiled in 663ms (645 modules)
 GET / 200 in 59ms
 GET / 200 in 71ms
 GET / 200 in 42ms
 ✓ Compiled /api/investments in 339ms (666 modules)
 ✓ Compiled (674 modules)
 GET /api/bills 200 in 799ms
 GET /api/goals 200 in 786ms
 GET /api/transactions 200 in 805ms
 GET /api/investments 200 in 783ms
 GET /api/loans 200 in 784ms
 GET /api/bills 200 in 39ms
 GET /api/goals 200 in 50ms
 GET /api/loans 200 in 46ms
 GET /api/transactions 200 in 55ms
 GET /api/investments 200 in 56ms
 ○ Compiling /transactions ...
 ✓ Compiled /transactions in 1693ms (3116 modules)
 ✓ Compiled /api/categories in 232ms (1583 modules)
 ✓ Compiled (1587 modules)
 GET /api/transactions?page=1&limit=20&sortBy=date&sortOrder=desc&year=2025&month=6 200 in 591ms
 GET /api/categories 200 in 577ms
 GET /api/transactions/summary?year=2025&month=6 200 in 610ms
 GET /api/transactions/analytics?year=2025&month=6 200 in 622ms
 GET /api/transactions?page=1&limit=20&sortBy=date&sortOrder=desc&year=2025&month=6 200 in 40ms
 GET /api/categories 200 in 49ms
 GET /api/transactions/summary?year=2025&month=6 200 in 52ms
 GET /api/transactions/analytics?year=2025&month=6 200 in 51ms
 GET /api/transactions/summary?year=2025 200 in 44ms
 GET /api/transactions?page=1&limit=20&sortBy=date&sortOrder=desc&year=2025 200 in 45ms
 GET /api/transactions/analytics?year=2025 200 in 73ms
 GET /api/transactions/summary?year=2025 200 in 32ms
 GET /api/transactions?page=1&limit=20&sortBy=date&sortOrder=desc&year=2025 200 in 34ms
 GET /api/transactions/analytics?year=2025 200 in 34ms
 GET / 200 in 115ms
 GET / 200 in 38ms
 GET / 200 in 37ms
 GET /api/transactions 200 in 44ms
 GET /api/loans 200 in 51ms
 GET /api/investments 200 in 67ms
 GET /api/bills 200 in 73ms
 GET /api/goals 200 in 73ms
 GET /api/transactions 200 in 28ms
 GET /api/loans 200 in 28ms
 GET /api/bills 200 in 29ms
 GET /api/goals 200 in 39ms
 GET /api/investments 200 in 40ms
 GET /api/transactions/summary?year=2025&month=6 200 in 37ms
 GET /api/transactions?page=1&limit=20&sortBy=date&sortOrder=desc&year=2025&month=6 200 in 53ms
 GET /api/categories 200 in 54ms
 GET /api/transactions/analytics?year=2025&month=6 200 in 65ms
 GET /api/transactions/summary?year=2025&month=6 200 in 32ms
 GET /api/transactions?page=1&limit=20&sortBy=date&sortOrder=desc&year=2025&month=6 200 in 49ms
 GET /api/categories 200 in 45ms
 GET /api/transactions/analytics?year=2025&month=6 200 in 52ms
 GET /api/categories 200 in 28ms
 ○ Compiling /bills ...
 ✓ Compiled /bills in 721ms (3140 modules)
 ✓ Compiled /api/bills/stats in 218ms (1599 modules)
 GET /api/bills 200 in 454ms
 GET /api/bills/stats 200 in 477ms
 GET /api/bills 200 in 37ms
 GET /api/bills/stats 200 in 44ms
 GET /api/bills/stats 200 in 44ms
 GET /api/bills?view=monthly&year=2025&month=6 200 in 49ms
 GET /api/bills/stats 200 in 41ms
 GET /api/bills?view=yearly&year=2025 200 in 47ms
 GET /api/bills/stats 200 in 38ms
 GET /api/bills?view=monthly&year=2025&month=6 200 in 39ms
 ○ Compiling /goals ...
 ✓ Compiled /goals in 779ms (3184 modules)
 GET /api/goals?includeInvestments=true 200 in 37ms
 GET /api/goals?includeInvestments=true 200 in 31ms
 ○ Compiling /loans ...
 ✓ Compiled /loans in 510ms (3192 modules)
 ✓ Compiled /api/loans in 247ms (1626 modules)
 GET /api/loans 200 in 298ms
 GET /api/loans 200 in 27ms
 ○ Compiling /investments ...
 ✓ Compiled /investments in 627ms (3218 modules)
 ✓ Compiled /api/investments in 251ms (1641 modules)
 ✓ Compiled (1643 modules)
 GET /api/investments?includeGoals=true 200 in 556ms
 GET /api/investments/portfolio 200 in 583ms
 GET /api/investments/portfolio 200 in 32ms
 GET /api/investments?includeGoals=true 200 in 36ms
 GET / 200 in 121ms
 GET / 200 in 45ms
 GET / 200 in 41ms
 GET /api/goals 200 in 64ms
 GET /api/bills 200 in 71ms
 GET /api/loans 200 in 78ms
 GET /api/investments 200 in 92ms
 GET /api/transactions 200 in 98ms
 GET /api/goals 200 in 41ms
 GET /api/loans 200 in 50ms
 GET /api/bills 200 in 54ms
 GET /api/investments 200 in 44ms
 GET /api/transactions 200 in 48ms
 ✓ Compiled in 1455ms (3136 modules)
 ✓ Compiled in 577ms (1591 modules)
 ✓ Compiled in 358ms (1591 modules)
[?25h
